[ 2018-01-12T10:29:48+08:00 ] 127.0.0.1 127.0.0.1 GET /favicon.ico
[ log ] www.gxlm.com/favicon.ico [运行时间：0.072740s][吞吐率：13.75req/s] [内存消耗：937.69kb] [文件加载：26]
[ info ] [ ROUTE ] array (
  'type' => 'module',
  'module' => 
  array (
    0 => 'favicon.ico',
    1 => NULL,
    2 => NULL,
  ),
)
[ info ] [ HEADER ] array (
  'cookie' => 'Huiskin=default',
  'accept-language' => 'zh-CN,zh;q=0.8',
  'accept-encoding' => 'gzip, deflate, sdch',
  'user-agent' => 'Mozilla/5.0 (Windows NT 10.0; WOW64) AppleWebKit/537.36 (KHTML, like Gecko) Chrome/53.0.2785.104 Safari/537.36 Core/1.53.4355.400 QQBrowser/9.7.12672.400',
  'connection' => 'close',
  'host' => 'www.gxlm.com',
)
[ info ] [ PARAM ] array (
)
[ info ] [ LANG ] E:\www\htdocs\thinkphp\lang\zh-cn.php
[ info ] [ LOG ] INIT File

---------------------------------------------------------------
[ 2018-01-12T10:29:53+08:00 ] 127.0.0.1 127.0.0.1 GET /favicon.ico
[ log ] www.gxlm.com/favicon.ico [运行时间：0.016217s][吞吐率：61.66req/s] [内存消耗：937.30kb] [文件加载：26]
[ info ] [ ROUTE ] array (
  'type' => 'module',
  'module' => 
  array (
    0 => 'favicon.ico',
    1 => NULL,
    2 => NULL,
  ),
)
[ info ] [ HEADER ] array (
  'cookie' => 'Huiskin=default; think_var=zh-cn',
  'accept-language' => 'zh-CN,zh;q=0.8',
  'accept-encoding' => 'gzip, deflate, sdch',
  'user-agent' => 'Mozilla/5.0 (Windows NT 10.0; WOW64) AppleWebKit/537.36 (KHTML, like Gecko) Chrome/53.0.2785.104 Safari/537.36 Core/1.53.4355.400 QQBrowser/9.7.12672.400',
  'connection' => 'close',
  'host' => 'www.gxlm.com',
)
[ info ] [ PARAM ] array (
)
[ info ] [ LANG ] E:\www\htdocs\thinkphp\lang\zh-cn.php
[ info ] [ LOG ] INIT File

---------------------------------------------------------------
[ 2018-01-12T10:30:09+08:00 ] 127.0.0.1 127.0.0.1 GET /favicon.ico
[ log ] www.gxlm.com/favicon.ico [运行时间：0.050910s][吞吐率：19.64req/s] [内存消耗：937.30kb] [文件加载：26]
[ info ] [ ROUTE ] array (
  'type' => 'module',
  'module' => 
  array (
    0 => 'favicon.ico',
    1 => NULL,
    2 => NULL,
  ),
)
[ info ] [ HEADER ] array (
  'cookie' => 'Huiskin=default; think_var=zh-cn',
  'accept-language' => 'zh-CN,zh;q=0.8',
  'accept-encoding' => 'gzip, deflate, sdch',
  'user-agent' => 'Mozilla/5.0 (Windows NT 10.0; WOW64) AppleWebKit/537.36 (KHTML, like Gecko) Chrome/53.0.2785.104 Safari/537.36 Core/1.53.4355.400 QQBrowser/9.7.12672.400',
  'connection' => 'close',
  'host' => 'www.gxlm.com',
)
[ info ] [ PARAM ] array (
)
[ info ] [ LANG ] E:\www\htdocs\thinkphp\lang\zh-cn.php
[ info ] [ LOG ] INIT File

---------------------------------------------------------------
[ 2018-01-12T14:34:54+08:00 ] 127.0.0.1 127.0.0.1 GET /favicon.ico
[ log ] www.gxlm.com/favicon.ico [运行时间：0.029194s][吞吐率：34.25req/s] [内存消耗：937.69kb] [文件加载：26]
[ info ] [ ROUTE ] array (
  'type' => 'module',
  'module' => 
  array (
    0 => 'favicon.ico',
    1 => NULL,
    2 => NULL,
  ),
)
[ info ] [ HEADER ] array (
  'cookie' => 'Huiskin=default',
  'accept-language' => 'zh-CN,zh;q=0.8',
  'accept-encoding' => 'gzip, deflate, sdch',
  'user-agent' => 'Mozilla/5.0 (Windows NT 10.0; WOW64) AppleWebKit/537.36 (KHTML, like Gecko) Chrome/53.0.2785.104 Safari/537.36 Core/1.53.4355.400 QQBrowser/9.7.12672.400',
  'connection' => 'close',
  'host' => 'www.gxlm.com',
)
[ info ] [ PARAM ] array (
)
[ info ] [ LANG ] E:\www\htdocs\thinkphp\lang\zh-cn.php
[ info ] [ LOG ] INIT File

---------------------------------------------------------------
[ 2018-01-12T15:08:46+08:00 ] 127.0.0.1 127.0.0.1 GET /favicon.ico
[ log ] www.gxlm.com/favicon.ico [运行时间：0.016097s][吞吐率：62.12req/s] [内存消耗：937.30kb] [文件加载：26]
[ info ] [ ROUTE ] array (
  'type' => 'module',
  'module' => 
  array (
    0 => 'favicon.ico',
    1 => NULL,
    2 => NULL,
  ),
)
[ info ] [ HEADER ] array (
  'cookie' => 'Huiskin=default; think_var=zh-cn',
  'accept-language' => 'zh-CN,zh;q=0.8',
  'accept-encoding' => 'gzip, deflate, sdch',
  'user-agent' => 'Mozilla/5.0 (Windows NT 10.0; WOW64) AppleWebKit/537.36 (KHTML, like Gecko) Chrome/53.0.2785.104 Safari/537.36 Core/1.53.4355.400 QQBrowser/9.7.12672.400',
  'connection' => 'close',
  'host' => 'www.gxlm.com',
)
[ info ] [ PARAM ] array (
)
[ info ] [ LANG ] E:\www\htdocs\thinkphp\lang\zh-cn.php
[ info ] [ LOG ] INIT File

---------------------------------------------------------------
[ 2018-01-12T15:08:47+08:00 ] 127.0.0.1 127.0.0.1 GET /favicon.ico
[ log ] www.gxlm.com/favicon.ico [运行时间：0.013817s][吞吐率：72.38req/s] [内存消耗：937.30kb] [文件加载：26]
[ info ] [ ROUTE ] array (
  'type' => 'module',
  'module' => 
  array (
    0 => 'favicon.ico',
    1 => NULL,
    2 => NULL,
  ),
)
[ info ] [ HEADER ] array (
  'cookie' => 'Huiskin=default; think_var=zh-cn',
  'accept-language' => 'zh-CN,zh;q=0.8',
  'accept-encoding' => 'gzip, deflate, sdch',
  'user-agent' => 'Mozilla/5.0 (Windows NT 10.0; WOW64) AppleWebKit/537.36 (KHTML, like Gecko) Chrome/53.0.2785.104 Safari/537.36 Core/1.53.4355.400 QQBrowser/9.7.12672.400',
  'connection' => 'close',
  'host' => 'www.gxlm.com',
)
[ info ] [ PARAM ] array (
)
[ info ] [ LANG ] E:\www\htdocs\thinkphp\lang\zh-cn.php
[ info ] [ LOG ] INIT File

---------------------------------------------------------------
[ 2018-01-12T15:08:47+08:00 ] 127.0.0.1 127.0.0.1 GET /favicon.ico
[ log ] www.gxlm.com/favicon.ico [运行时间：0.013256s][吞吐率：75.44req/s] [内存消耗：937.30kb] [文件加载：26]
[ info ] [ ROUTE ] array (
  'type' => 'module',
  'module' => 
  array (
    0 => 'favicon.ico',
    1 => NULL,
    2 => NULL,
  ),
)
[ info ] [ HEADER ] array (
  'cookie' => 'Huiskin=default; think_var=zh-cn',
  'accept-language' => 'zh-CN,zh;q=0.8',
  'accept-encoding' => 'gzip, deflate, sdch',
  'user-agent' => 'Mozilla/5.0 (Windows NT 10.0; WOW64) AppleWebKit/537.36 (KHTML, like Gecko) Chrome/53.0.2785.104 Safari/537.36 Core/1.53.4355.400 QQBrowser/9.7.12672.400',
  'connection' => 'close',
  'host' => 'www.gxlm.com',
)
[ info ] [ PARAM ] array (
)
[ info ] [ LANG ] E:\www\htdocs\thinkphp\lang\zh-cn.php
[ info ] [ LOG ] INIT File

---------------------------------------------------------------
[ 2018-01-12T15:08:47+08:00 ] 127.0.0.1 127.0.0.1 GET /favicon.ico
[ log ] www.gxlm.com/favicon.ico [运行时间：0.014446s][吞吐率：69.22req/s] [内存消耗：937.30kb] [文件加载：26]
[ info ] [ ROUTE ] array (
  'type' => 'module',
  'module' => 
  array (
    0 => 'favicon.ico',
    1 => NULL,
    2 => NULL,
  ),
)
[ info ] [ HEADER ] array (
  'cookie' => 'Huiskin=default; think_var=zh-cn',
  'accept-language' => 'zh-CN,zh;q=0.8',
  'accept-encoding' => 'gzip, deflate, sdch',
  'user-agent' => 'Mozilla/5.0 (Windows NT 10.0; WOW64) AppleWebKit/537.36 (KHTML, like Gecko) Chrome/53.0.2785.104 Safari/537.36 Core/1.53.4355.400 QQBrowser/9.7.12672.400',
  'connection' => 'close',
  'host' => 'www.gxlm.com',
)
[ info ] [ PARAM ] array (
)
[ info ] [ LANG ] E:\www\htdocs\thinkphp\lang\zh-cn.php
[ info ] [ LOG ] INIT File

---------------------------------------------------------------
[ 2018-01-12T15:08:47+08:00 ] 127.0.0.1 127.0.0.1 GET /favicon.ico
[ log ] www.gxlm.com/favicon.ico [运行时间：0.014507s][吞吐率：68.93req/s] [内存消耗：937.30kb] [文件加载：26]
[ info ] [ ROUTE ] array (
  'type' => 'module',
  'module' => 
  array (
    0 => 'favicon.ico',
    1 => NULL,
    2 => NULL,
  ),
)
[ info ] [ HEADER ] array (
  'cookie' => 'Huiskin=default; think_var=zh-cn',
  'accept-language' => 'zh-CN,zh;q=0.8',
  'accept-encoding' => 'gzip, deflate, sdch',
  'user-agent' => 'Mozilla/5.0 (Windows NT 10.0; WOW64) AppleWebKit/537.36 (KHTML, like Gecko) Chrome/53.0.2785.104 Safari/537.36 Core/1.53.4355.400 QQBrowser/9.7.12672.400',
  'connection' => 'close',
  'host' => 'www.gxlm.com',
)
[ info ] [ PARAM ] array (
)
[ info ] [ LANG ] E:\www\htdocs\thinkphp\lang\zh-cn.php
[ info ] [ LOG ] INIT File

---------------------------------------------------------------
[ 2018-01-12T15:08:48+08:00 ] 127.0.0.1 127.0.0.1 GET /favicon.ico
[ log ] www.gxlm.com/favicon.ico [运行时间：0.014044s][吞吐率：71.20req/s] [内存消耗：937.30kb] [文件加载：26]
[ info ] [ ROUTE ] array (
  'type' => 'module',
  'module' => 
  array (
    0 => 'favicon.ico',
    1 => NULL,
    2 => NULL,
  ),
)
[ info ] [ HEADER ] array (
  'cookie' => 'Huiskin=default; think_var=zh-cn',
  'accept-language' => 'zh-CN,zh;q=0.8',
  'accept-encoding' => 'gzip, deflate, sdch',
  'user-agent' => 'Mozilla/5.0 (Windows NT 10.0; WOW64) AppleWebKit/537.36 (KHTML, like Gecko) Chrome/53.0.2785.104 Safari/537.36 Core/1.53.4355.400 QQBrowser/9.7.12672.400',
  'connection' => 'close',
  'host' => 'www.gxlm.com',
)
[ info ] [ PARAM ] array (
)
[ info ] [ LANG ] E:\www\htdocs\thinkphp\lang\zh-cn.php
[ info ] [ LOG ] INIT File

---------------------------------------------------------------
[ 2018-01-12T15:08:48+08:00 ] 127.0.0.1 127.0.0.1 GET /favicon.ico
[ log ] www.gxlm.com/favicon.ico [运行时间：0.012553s][吞吐率：79.66req/s] [内存消耗：937.30kb] [文件加载：26]
[ info ] [ ROUTE ] array (
  'type' => 'module',
  'module' => 
  array (
    0 => 'favicon.ico',
    1 => NULL,
    2 => NULL,
  ),
)
[ info ] [ HEADER ] array (
  'cookie' => 'Huiskin=default; think_var=zh-cn',
  'accept-language' => 'zh-CN,zh;q=0.8',
  'accept-encoding' => 'gzip, deflate, sdch',
  'user-agent' => 'Mozilla/5.0 (Windows NT 10.0; WOW64) AppleWebKit/537.36 (KHTML, like Gecko) Chrome/53.0.2785.104 Safari/537.36 Core/1.53.4355.400 QQBrowser/9.7.12672.400',
  'connection' => 'close',
  'host' => 'www.gxlm.com',
)
[ info ] [ PARAM ] array (
)
[ info ] [ LANG ] E:\www\htdocs\thinkphp\lang\zh-cn.php
[ info ] [ LOG ] INIT File

---------------------------------------------------------------
[ 2018-01-12T15:08:48+08:00 ] 127.0.0.1 127.0.0.1 GET /favicon.ico
[ log ] www.gxlm.com/favicon.ico [运行时间：0.023210s][吞吐率：43.09req/s] [内存消耗：937.30kb] [文件加载：26]
[ info ] [ ROUTE ] array (
  'type' => 'module',
  'module' => 
  array (
    0 => 'favicon.ico',
    1 => NULL,
    2 => NULL,
  ),
)
[ info ] [ HEADER ] array (
  'cookie' => 'Huiskin=default; think_var=zh-cn',
  'accept-language' => 'zh-CN,zh;q=0.8',
  'accept-encoding' => 'gzip, deflate, sdch',
  'user-agent' => 'Mozilla/5.0 (Windows NT 10.0; WOW64) AppleWebKit/537.36 (KHTML, like Gecko) Chrome/53.0.2785.104 Safari/537.36 Core/1.53.4355.400 QQBrowser/9.7.12672.400',
  'connection' => 'close',
  'host' => 'www.gxlm.com',
)
[ info ] [ PARAM ] array (
)
[ info ] [ LANG ] E:\www\htdocs\thinkphp\lang\zh-cn.php
[ info ] [ LOG ] INIT File

---------------------------------------------------------------
[ 2018-01-12T15:08:48+08:00 ] 127.0.0.1 127.0.0.1 GET /favicon.ico
[ log ] www.gxlm.com/favicon.ico [运行时间：0.012219s][吞吐率：81.84req/s] [内存消耗：937.30kb] [文件加载：26]
[ info ] [ ROUTE ] array (
  'type' => 'module',
  'module' => 
  array (
    0 => 'favicon.ico',
    1 => NULL,
    2 => NULL,
  ),
)
[ info ] [ HEADER ] array (
  'cookie' => 'Huiskin=default; think_var=zh-cn',
  'accept-language' => 'zh-CN,zh;q=0.8',
  'accept-encoding' => 'gzip, deflate, sdch',
  'user-agent' => 'Mozilla/5.0 (Windows NT 10.0; WOW64) AppleWebKit/537.36 (KHTML, like Gecko) Chrome/53.0.2785.104 Safari/537.36 Core/1.53.4355.400 QQBrowser/9.7.12672.400',
  'connection' => 'close',
  'host' => 'www.gxlm.com',
)
[ info ] [ PARAM ] array (
)
[ info ] [ LANG ] E:\www\htdocs\thinkphp\lang\zh-cn.php
[ info ] [ LOG ] INIT File

---------------------------------------------------------------
[ 2018-01-12T15:08:48+08:00 ] 127.0.0.1 127.0.0.1 GET /favicon.ico
[ log ] www.gxlm.com/favicon.ico [运行时间：0.017951s][吞吐率：55.71req/s] [内存消耗：937.30kb] [文件加载：26]
[ info ] [ ROUTE ] array (
  'type' => 'module',
  'module' => 
  array (
    0 => 'favicon.ico',
    1 => NULL,
    2 => NULL,
  ),
)
[ info ] [ HEADER ] array (
  'cookie' => 'Huiskin=default; think_var=zh-cn',
  'accept-language' => 'zh-CN,zh;q=0.8',
  'accept-encoding' => 'gzip, deflate, sdch',
  'user-agent' => 'Mozilla/5.0 (Windows NT 10.0; WOW64) AppleWebKit/537.36 (KHTML, like Gecko) Chrome/53.0.2785.104 Safari/537.36 Core/1.53.4355.400 QQBrowser/9.7.12672.400',
  'connection' => 'close',
  'host' => 'www.gxlm.com',
)
[ info ] [ PARAM ] array (
)
[ info ] [ LANG ] E:\www\htdocs\thinkphp\lang\zh-cn.php
[ info ] [ LOG ] INIT File

---------------------------------------------------------------
[ 2018-01-12T15:08:48+08:00 ] 127.0.0.1 127.0.0.1 GET /favicon.ico
[ log ] www.gxlm.com/favicon.ico [运行时间：0.012844s][吞吐率：77.86req/s] [内存消耗：937.30kb] [文件加载：26]
[ info ] [ ROUTE ] array (
  'type' => 'module',
  'module' => 
  array (
    0 => 'favicon.ico',
    1 => NULL,
    2 => NULL,
  ),
)
[ info ] [ HEADER ] array (
  'cookie' => 'Huiskin=default; think_var=zh-cn',
  'accept-language' => 'zh-CN,zh;q=0.8',
  'accept-encoding' => 'gzip, deflate, sdch',
  'user-agent' => 'Mozilla/5.0 (Windows NT 10.0; WOW64) AppleWebKit/537.36 (KHTML, like Gecko) Chrome/53.0.2785.104 Safari/537.36 Core/1.53.4355.400 QQBrowser/9.7.12672.400',
  'connection' => 'close',
  'host' => 'www.gxlm.com',
)
[ info ] [ PARAM ] array (
)
[ info ] [ LANG ] E:\www\htdocs\thinkphp\lang\zh-cn.php
[ info ] [ LOG ] INIT File

---------------------------------------------------------------
[ 2018-01-12T15:08:48+08:00 ] 127.0.0.1 127.0.0.1 GET /favicon.ico
[ log ] www.gxlm.com/favicon.ico [运行时间：0.012446s][吞吐率：80.35req/s] [内存消耗：937.30kb] [文件加载：26]
[ info ] [ ROUTE ] array (
  'type' => 'module',
  'module' => 
  array (
    0 => 'favicon.ico',
    1 => NULL,
    2 => NULL,
  ),
)
[ info ] [ HEADER ] array (
  'cookie' => 'Huiskin=default; think_var=zh-cn',
  'accept-language' => 'zh-CN,zh;q=0.8',
  'accept-encoding' => 'gzip, deflate, sdch',
  'user-agent' => 'Mozilla/5.0 (Windows NT 10.0; WOW64) AppleWebKit/537.36 (KHTML, like Gecko) Chrome/53.0.2785.104 Safari/537.36 Core/1.53.4355.400 QQBrowser/9.7.12672.400',
  'connection' => 'close',
  'host' => 'www.gxlm.com',
)
[ info ] [ PARAM ] array (
)
[ info ] [ LANG ] E:\www\htdocs\thinkphp\lang\zh-cn.php
[ info ] [ LOG ] INIT File

---------------------------------------------------------------
[ 2018-01-12T15:08:48+08:00 ] 127.0.0.1 127.0.0.1 GET /favicon.ico
[ log ] www.gxlm.com/favicon.ico [运行时间：0.012382s][吞吐率：80.76req/s] [内存消耗：937.30kb] [文件加载：26]
[ info ] [ ROUTE ] array (
  'type' => 'module',
  'module' => 
  array (
    0 => 'favicon.ico',
    1 => NULL,
    2 => NULL,
  ),
)
[ info ] [ HEADER ] array (
  'cookie' => 'Huiskin=default; think_var=zh-cn',
  'accept-language' => 'zh-CN,zh;q=0.8',
  'accept-encoding' => 'gzip, deflate, sdch',
  'user-agent' => 'Mozilla/5.0 (Windows NT 10.0; WOW64) AppleWebKit/537.36 (KHTML, like Gecko) Chrome/53.0.2785.104 Safari/537.36 Core/1.53.4355.400 QQBrowser/9.7.12672.400',
  'connection' => 'close',
  'host' => 'www.gxlm.com',
)
[ info ] [ PARAM ] array (
)
[ info ] [ LANG ] E:\www\htdocs\thinkphp\lang\zh-cn.php
[ info ] [ LOG ] INIT File

---------------------------------------------------------------
[ 2018-01-12T15:08:48+08:00 ] 127.0.0.1 127.0.0.1 GET /favicon.ico
[ log ] www.gxlm.com/favicon.ico [运行时间：0.023577s][吞吐率：42.41req/s] [内存消耗：937.30kb] [文件加载：26]
[ info ] [ ROUTE ] array (
  'type' => 'module',
  'module' => 
  array (
    0 => 'favicon.ico',
    1 => NULL,
    2 => NULL,
  ),
)
[ info ] [ HEADER ] array (
  'cookie' => 'Huiskin=default; think_var=zh-cn',
  'accept-language' => 'zh-CN,zh;q=0.8',
  'accept-encoding' => 'gzip, deflate, sdch',
  'user-agent' => 'Mozilla/5.0 (Windows NT 10.0; WOW64) AppleWebKit/537.36 (KHTML, like Gecko) Chrome/53.0.2785.104 Safari/537.36 Core/1.53.4355.400 QQBrowser/9.7.12672.400',
  'connection' => 'close',
  'host' => 'www.gxlm.com',
)
[ info ] [ PARAM ] array (
)
[ info ] [ LANG ] E:\www\htdocs\thinkphp\lang\zh-cn.php
[ info ] [ LOG ] INIT File

---------------------------------------------------------------
[ 2018-01-12T15:08:48+08:00 ] 127.0.0.1 127.0.0.1 GET /favicon.ico
[ log ] www.gxlm.com/favicon.ico [运行时间：0.012403s][吞吐率：80.63req/s] [内存消耗：937.30kb] [文件加载：26]
[ info ] [ ROUTE ] array (
  'type' => 'module',
  'module' => 
  array (
    0 => 'favicon.ico',
    1 => NULL,
    2 => NULL,
  ),
)
[ info ] [ HEADER ] array (
  'cookie' => 'Huiskin=default; think_var=zh-cn',
  'accept-language' => 'zh-CN,zh;q=0.8',
  'accept-encoding' => 'gzip, deflate, sdch',
  'user-agent' => 'Mozilla/5.0 (Windows NT 10.0; WOW64) AppleWebKit/537.36 (KHTML, like Gecko) Chrome/53.0.2785.104 Safari/537.36 Core/1.53.4355.400 QQBrowser/9.7.12672.400',
  'connection' => 'close',
  'host' => 'www.gxlm.com',
)
[ info ] [ PARAM ] array (
)
[ info ] [ LANG ] E:\www\htdocs\thinkphp\lang\zh-cn.php
[ info ] [ LOG ] INIT File

---------------------------------------------------------------
[ 2018-01-12T15:08:48+08:00 ] 127.0.0.1 127.0.0.1 GET /favicon.ico
[ log ] www.gxlm.com/favicon.ico [运行时间：0.012573s][吞吐率：79.54req/s] [内存消耗：937.30kb] [文件加载：26]
[ info ] [ ROUTE ] array (
  'type' => 'module',
  'module' => 
  array (
    0 => 'favicon.ico',
    1 => NULL,
    2 => NULL,
  ),
)
[ info ] [ HEADER ] array (
  'cookie' => 'Huiskin=default; think_var=zh-cn',
  'accept-language' => 'zh-CN,zh;q=0.8',
  'accept-encoding' => 'gzip, deflate, sdch',
  'user-agent' => 'Mozilla/5.0 (Windows NT 10.0; WOW64) AppleWebKit/537.36 (KHTML, like Gecko) Chrome/53.0.2785.104 Safari/537.36 Core/1.53.4355.400 QQBrowser/9.7.12672.400',
  'connection' => 'close',
  'host' => 'www.gxlm.com',
)
[ info ] [ PARAM ] array (
)
[ info ] [ LANG ] E:\www\htdocs\thinkphp\lang\zh-cn.php
[ info ] [ LOG ] INIT File

---------------------------------------------------------------
[ 2018-01-12T15:08:49+08:00 ] 127.0.0.1 127.0.0.1 GET /favicon.ico
[ log ] www.gxlm.com/favicon.ico [运行时间：0.022822s][吞吐率：43.82req/s] [内存消耗：937.30kb] [文件加载：26]
[ info ] [ ROUTE ] array (
  'type' => 'module',
  'module' => 
  array (
    0 => 'favicon.ico',
    1 => NULL,
    2 => NULL,
  ),
)
[ info ] [ HEADER ] array (
  'cookie' => 'Huiskin=default; think_var=zh-cn',
  'accept-language' => 'zh-CN,zh;q=0.8',
  'accept-encoding' => 'gzip, deflate, sdch',
  'user-agent' => 'Mozilla/5.0 (Windows NT 10.0; WOW64) AppleWebKit/537.36 (KHTML, like Gecko) Chrome/53.0.2785.104 Safari/537.36 Core/1.53.4355.400 QQBrowser/9.7.12672.400',
  'connection' => 'close',
  'host' => 'www.gxlm.com',
)
[ info ] [ PARAM ] array (
)
[ info ] [ LANG ] E:\www\htdocs\thinkphp\lang\zh-cn.php
[ info ] [ LOG ] INIT File

---------------------------------------------------------------
[ 2018-01-12T15:08:49+08:00 ] 127.0.0.1 127.0.0.1 GET /favicon.ico
[ log ] www.gxlm.com/favicon.ico [运行时间：0.012989s][吞吐率：76.99req/s] [内存消耗：937.30kb] [文件加载：26]
[ info ] [ ROUTE ] array (
  'type' => 'module',
  'module' => 
  array (
    0 => 'favicon.ico',
    1 => NULL,
    2 => NULL,
  ),
)
[ info ] [ HEADER ] array (
  'cookie' => 'Huiskin=default; think_var=zh-cn',
  'accept-language' => 'zh-CN,zh;q=0.8',
  'accept-encoding' => 'gzip, deflate, sdch',
  'user-agent' => 'Mozilla/5.0 (Windows NT 10.0; WOW64) AppleWebKit/537.36 (KHTML, like Gecko) Chrome/53.0.2785.104 Safari/537.36 Core/1.53.4355.400 QQBrowser/9.7.12672.400',
  'connection' => 'close',
  'host' => 'www.gxlm.com',
)
[ info ] [ PARAM ] array (
)
[ info ] [ LANG ] E:\www\htdocs\thinkphp\lang\zh-cn.php
[ info ] [ LOG ] INIT File

---------------------------------------------------------------
[ 2018-01-12T15:08:49+08:00 ] 127.0.0.1 127.0.0.1 GET /favicon.ico
[ log ] www.gxlm.com/favicon.ico [运行时间：0.039435s][吞吐率：25.36req/s] [内存消耗：937.30kb] [文件加载：26]
[ info ] [ ROUTE ] array (
  'type' => 'module',
  'module' => 
  array (
    0 => 'favicon.ico',
    1 => NULL,
    2 => NULL,
  ),
)
[ info ] [ HEADER ] array (
  'cookie' => 'Huiskin=default; think_var=zh-cn',
  'accept-language' => 'zh-CN,zh;q=0.8',
  'accept-encoding' => 'gzip, deflate, sdch',
  'user-agent' => 'Mozilla/5.0 (Windows NT 10.0; WOW64) AppleWebKit/537.36 (KHTML, like Gecko) Chrome/53.0.2785.104 Safari/537.36 Core/1.53.4355.400 QQBrowser/9.7.12672.400',
  'connection' => 'close',
  'host' => 'www.gxlm.com',
)
[ info ] [ PARAM ] array (
)
[ info ] [ LANG ] E:\www\htdocs\thinkphp\lang\zh-cn.php
[ info ] [ LOG ] INIT File

---------------------------------------------------------------
[ 2018-01-12T15:08:49+08:00 ] 127.0.0.1 127.0.0.1 GET /favicon.ico
[ log ] www.gxlm.com/favicon.ico [运行时间：0.012536s][吞吐率：79.77req/s] [内存消耗：937.30kb] [文件加载：26]
[ info ] [ ROUTE ] array (
  'type' => 'module',
  'module' => 
  array (
    0 => 'favicon.ico',
    1 => NULL,
    2 => NULL,
  ),
)
[ info ] [ HEADER ] array (
  'cookie' => 'Huiskin=default; think_var=zh-cn',
  'accept-language' => 'zh-CN,zh;q=0.8',
  'accept-encoding' => 'gzip, deflate, sdch',
  'user-agent' => 'Mozilla/5.0 (Windows NT 10.0; WOW64) AppleWebKit/537.36 (KHTML, like Gecko) Chrome/53.0.2785.104 Safari/537.36 Core/1.53.4355.400 QQBrowser/9.7.12672.400',
  'connection' => 'close',
  'host' => 'www.gxlm.com',
)
[ info ] [ PARAM ] array (
)
[ info ] [ LANG ] E:\www\htdocs\thinkphp\lang\zh-cn.php
[ info ] [ LOG ] INIT File

---------------------------------------------------------------
[ 2018-01-12T15:08:49+08:00 ] 127.0.0.1 127.0.0.1 GET /favicon.ico
[ log ] www.gxlm.com/favicon.ico [运行时间：0.013349s][吞吐率：74.91req/s] [内存消耗：937.30kb] [文件加载：26]
[ info ] [ ROUTE ] array (
  'type' => 'module',
  'module' => 
  array (
    0 => 'favicon.ico',
    1 => NULL,
    2 => NULL,
  ),
)
[ info ] [ HEADER ] array (
  'cookie' => 'Huiskin=default; think_var=zh-cn',
  'accept-language' => 'zh-CN,zh;q=0.8',
  'accept-encoding' => 'gzip, deflate, sdch',
  'user-agent' => 'Mozilla/5.0 (Windows NT 10.0; WOW64) AppleWebKit/537.36 (KHTML, like Gecko) Chrome/53.0.2785.104 Safari/537.36 Core/1.53.4355.400 QQBrowser/9.7.12672.400',
  'connection' => 'close',
  'host' => 'www.gxlm.com',
)
[ info ] [ PARAM ] array (
)
[ info ] [ LANG ] E:\www\htdocs\thinkphp\lang\zh-cn.php
[ info ] [ LOG ] INIT File

---------------------------------------------------------------
[ 2018-01-12T15:08:49+08:00 ] 127.0.0.1 127.0.0.1 GET /favicon.ico
[ log ] www.gxlm.com/favicon.ico [运行时间：0.013115s][吞吐率：76.25req/s] [内存消耗：937.30kb] [文件加载：26]
[ info ] [ ROUTE ] array (
  'type' => 'module',
  'module' => 
  array (
    0 => 'favicon.ico',
    1 => NULL,
    2 => NULL,
  ),
)
[ info ] [ HEADER ] array (
  'cookie' => 'Huiskin=default; think_var=zh-cn',
  'accept-language' => 'zh-CN,zh;q=0.8',
  'accept-encoding' => 'gzip, deflate, sdch',
  'user-agent' => 'Mozilla/5.0 (Windows NT 10.0; WOW64) AppleWebKit/537.36 (KHTML, like Gecko) Chrome/53.0.2785.104 Safari/537.36 Core/1.53.4355.400 QQBrowser/9.7.12672.400',
  'connection' => 'close',
  'host' => 'www.gxlm.com',
)
[ info ] [ PARAM ] array (
)
[ info ] [ LANG ] E:\www\htdocs\thinkphp\lang\zh-cn.php
[ info ] [ LOG ] INIT File

---------------------------------------------------------------
[ 2018-01-12T15:08:49+08:00 ] 127.0.0.1 127.0.0.1 GET /favicon.ico
[ log ] www.gxlm.com/favicon.ico [运行时间：0.033964s][吞吐率：29.44req/s] [内存消耗：937.30kb] [文件加载：26]
[ info ] [ ROUTE ] array (
  'type' => 'module',
  'module' => 
  array (
    0 => 'favicon.ico',
    1 => NULL,
    2 => NULL,
  ),
)
[ info ] [ HEADER ] array (
  'cookie' => 'Huiskin=default; think_var=zh-cn',
  'accept-language' => 'zh-CN,zh;q=0.8',
  'accept-encoding' => 'gzip, deflate, sdch',
  'user-agent' => 'Mozilla/5.0 (Windows NT 10.0; WOW64) AppleWebKit/537.36 (KHTML, like Gecko) Chrome/53.0.2785.104 Safari/537.36 Core/1.53.4355.400 QQBrowser/9.7.12672.400',
  'connection' => 'close',
  'host' => 'www.gxlm.com',
)
[ info ] [ PARAM ] array (
)
[ info ] [ LANG ] E:\www\htdocs\thinkphp\lang\zh-cn.php
[ info ] [ LOG ] INIT File

---------------------------------------------------------------
[ 2018-01-12T15:08:49+08:00 ] 127.0.0.1 127.0.0.1 GET /favicon.ico
[ log ] www.gxlm.com/favicon.ico [运行时间：0.012543s][吞吐率：79.73req/s] [内存消耗：937.30kb] [文件加载：26]
[ info ] [ ROUTE ] array (
  'type' => 'module',
  'module' => 
  array (
    0 => 'favicon.ico',
    1 => NULL,
    2 => NULL,
  ),
)
[ info ] [ HEADER ] array (
  'cookie' => 'Huiskin=default; think_var=zh-cn',
  'accept-language' => 'zh-CN,zh;q=0.8',
  'accept-encoding' => 'gzip, deflate, sdch',
  'user-agent' => 'Mozilla/5.0 (Windows NT 10.0; WOW64) AppleWebKit/537.36 (KHTML, like Gecko) Chrome/53.0.2785.104 Safari/537.36 Core/1.53.4355.400 QQBrowser/9.7.12672.400',
  'connection' => 'close',
  'host' => 'www.gxlm.com',
)
[ info ] [ PARAM ] array (
)
[ info ] [ LANG ] E:\www\htdocs\thinkphp\lang\zh-cn.php
[ info ] [ LOG ] INIT File

---------------------------------------------------------------
[ 2018-01-12T15:08:49+08:00 ] 127.0.0.1 127.0.0.1 GET /favicon.ico
[ log ] www.gxlm.com/favicon.ico [运行时间：0.022653s][吞吐率：44.14req/s] [内存消耗：937.30kb] [文件加载：26]
[ info ] [ ROUTE ] array (
  'type' => 'module',
  'module' => 
  array (
    0 => 'favicon.ico',
    1 => NULL,
    2 => NULL,
  ),
)
[ info ] [ HEADER ] array (
  'cookie' => 'Huiskin=default; think_var=zh-cn',
  'accept-language' => 'zh-CN,zh;q=0.8',
  'accept-encoding' => 'gzip, deflate, sdch',
  'user-agent' => 'Mozilla/5.0 (Windows NT 10.0; WOW64) AppleWebKit/537.36 (KHTML, like Gecko) Chrome/53.0.2785.104 Safari/537.36 Core/1.53.4355.400 QQBrowser/9.7.12672.400',
  'connection' => 'close',
  'host' => 'www.gxlm.com',
)
[ info ] [ PARAM ] array (
)
[ info ] [ LANG ] E:\www\htdocs\thinkphp\lang\zh-cn.php
[ info ] [ LOG ] INIT File

---------------------------------------------------------------
[ 2018-01-12T15:08:50+08:00 ] 127.0.0.1 127.0.0.1 GET /
[ log ] www.gxlm.com/ [运行时间：0.394196s][吞吐率：2.54req/s] [内存消耗：1,164.59kb] [文件加载：33]
[ info ] [ ROUTE ] array (
  'type' => 'module',
  'module' => 
  array (
    0 => '',
    1 => NULL,
    2 => NULL,
  ),
)
[ info ] [ HEADER ] array (
  'cookie' => 'Huiskin=default; think_var=zh-cn',
  'accept-language' => 'zh-CN,zh;q=0.8',
  'accept-encoding' => 'gzip, deflate, sdch',
  'accept' => 'text/html,application/xhtml+xml,application/xml;q=0.9,image/webp,*/*;q=0.8',
  'user-agent' => 'Mozilla/5.0 (Windows NT 10.0; WOW64) AppleWebKit/537.36 (KHTML, like Gecko) Chrome/53.0.2785.104 Safari/537.36 Core/1.53.4355.400 QQBrowser/9.7.12672.400',
  'upgrade-insecure-requests' => '1',
  'connection' => 'close',
  'host' => 'www.gxlm.com',
)
[ info ] [ PARAM ] array (
)
[ info ] [ RUN ] Method [ <user> public method index ] {
  @@ E:\www\htdocs\app\api\controller\Account.php 14 - 19
}

[ info ] [ SESSION ] INIT array (
  'id' => '',
  'var_session_id' => '',
  'prefix' => 'think',
  'type' => '',
  'auto_start' => true,
  'expire' => 3600,
)
[ info ] [ VIEW ] ./tpl/api/account\index.html [ array (
) ]
[ info ] [ LOG ] INIT File

---------------------------------------------------------------
[ 2018-01-12T15:08:52+08:00 ] 127.0.0.1 127.0.0.1 GET /favicon.ico
[ log ] www.gxlm.com/favicon.ico [运行时间：0.012787s][吞吐率：78.20req/s] [内存消耗：937.41kb] [文件加载：26]
[ info ] [ ROUTE ] array (
  'type' => 'module',
  'module' => 
  array (
    0 => 'favicon.ico',
    1 => NULL,
    2 => NULL,
  ),
)
[ info ] [ HEADER ] array (
  'cookie' => 'Huiskin=default; think_var=zh-cn; PHPSESSID=qphg40lr46n1d2pqdkfpsgnkv3',
  'accept-language' => 'zh-CN,zh;q=0.8',
  'accept-encoding' => 'gzip, deflate, sdch',
  'referer' => 'http://www.gxlm.com/',
  'accept' => '*/*',
  'user-agent' => 'Mozilla/5.0 (Windows NT 10.0; WOW64) AppleWebKit/537.36 (KHTML, like Gecko) Chrome/53.0.2785.104 Safari/537.36 Core/1.53.4355.400 QQBrowser/9.7.12672.400',
  'connection' => 'close',
  'host' => 'www.gxlm.com',
)
[ info ] [ PARAM ] array (
)
[ info ] [ LANG ] E:\www\htdocs\thinkphp\lang\zh-cn.php
[ info ] [ LOG ] INIT File

---------------------------------------------------------------
[ 2018-01-12T15:09:36+08:00 ] 127.0.0.1 127.0.0.1 GET /favicon.ico
[ log ] www.gxlm.com/favicon.ico [运行时间：0.013623s][吞吐率：73.41req/s] [内存消耗：937.30kb] [文件加载：26]
[ info ] [ ROUTE ] array (
  'type' => 'module',
  'module' => 
  array (
    0 => 'favicon.ico',
    1 => NULL,
    2 => NULL,
  ),
)
[ info ] [ HEADER ] array (
  'cookie' => 'Huiskin=default; think_var=zh-cn; PHPSESSID=qphg40lr46n1d2pqdkfpsgnkv3',
  'accept-language' => 'zh-CN,zh;q=0.8',
  'accept-encoding' => 'gzip, deflate, sdch',
  'user-agent' => 'Mozilla/5.0 (Windows NT 10.0; WOW64) AppleWebKit/537.36 (KHTML, like Gecko) Chrome/53.0.2785.104 Safari/537.36 Core/1.53.4355.400 QQBrowser/9.7.12672.400',
  'connection' => 'close',
  'host' => 'www.gxlm.com',
)
[ info ] [ PARAM ] array (
)
[ info ] [ LANG ] E:\www\htdocs\thinkphp\lang\zh-cn.php
[ info ] [ LOG ] INIT File

---------------------------------------------------------------
[ 2018-01-12T15:10:36+08:00 ] 127.0.0.1 127.0.0.1 POST /api/account/login_do.html
[ log ] www.gxlm.com/api/account/login_do.html [运行时间：0.320658s][吞吐率：3.12req/s] [内存消耗：1,671.20kb] [文件加载：40]
[ info ] [ ROUTE ] array (
  'type' => 'module',
  'module' => 
  array (
    0 => 'api',
    1 => 'account',
    2 => 'login_do',
  ),
)
[ info ] [ HEADER ] array (
  'cookie' => 'Huiskin=default; think_var=zh-cn; PHPSESSID=qphg40lr46n1d2pqdkfpsgnkv3',
  'accept-language' => 'zh-CN,zh;q=0.8',
  'accept-encoding' => 'gzip, deflate',
  'referer' => 'http://www.gxlm.com/',
  'user-agent' => 'Mozilla/5.0 (Windows NT 10.0; WOW64) AppleWebKit/537.36 (KHTML, like Gecko) Chrome/53.0.2785.104 Safari/537.36 Core/1.53.4355.400 QQBrowser/9.7.12672.400',
  'x-requested-with' => 'XMLHttpRequest',
  'origin' => 'http://www.gxlm.com',
  'accept' => 'application/json, text/javascript, */*; q=0.01',
  'connection' => 'close',
  'host' => 'www.gxlm.com',
  'content-type' => 'application/x-www-form-urlencoded; charset=UTF-8',
  'content-length' => '35',
)
[ info ] [ PARAM ] array (
  'username' => 'chenbonian',
  'password' => '123456',
)
[ info ] [ RUN ] Method [ <user> public method login_do ] {
  @@ E:\www\htdocs\app\api\controller\Account.php 21 - 36
}

[ info ] [ SESSION ] INIT array (
  'id' => '',
  'var_session_id' => '',
  'prefix' => 'think',
  'type' => '',
  'auto_start' => true,
  'expire' => 3600,
)
[ info ] [ DB ] INIT mysql
[ info ] [ DB ] INIT mysql
[ info ] [ CACHE ] INIT File
[ info ] [ LOG ] INIT File
[ sql ] [ DB ] CONNECT:[ UseTime:0.052733s ] mysql:dbname=hdm359939164_db;host=hdm359939164.my3w.com;port=3306;charset=utf8
[ sql ] [ SQL ] SHOW COLUMNS FROM `users` [ RunTime:0.013782s ]
[ sql ] [ SQL ] SELECT * FROM `users` WHERE  `username` = 'chenbonian'  AND `status` = 1 LIMIT 1     [ RunTime:0.014272s ]
[ sql ] [ DB ] CONNECT:[ UseTime:0.019478s ] mysql:dbname=hdm359939164_db;host=hdm359939164.my3w.com;port=3306;charset=utf8
[ sql ] [ SQL ] UPDATE `users`  SET `username`='chenbonian',`password`='14e1b600b1fd579f47433b88e8d85291',`nick_name`='陈柏年',`status`=1,`total_buy_order`='0',`total_buy_money`=0,`type`=1,`phone`='18652216784',`last_login_ip`='127.0.0.1',`last_login_time`=1515741036,`update_time`=1511350344,`create_time`=1511350344,`remark`='大好人',`province`='江苏',`city`='徐州',`area`='沛县',`addr`='香颂雅苑'  WHERE  `id` = 1                     [ RunTime:0.011404s ]

---------------------------------------------------------------
[ 2018-01-12T15:10:36+08:00 ] 127.0.0.1 127.0.0.1 GET /api/index/index.html
[ log ] www.gxlm.com/api/index/index.html [运行时间：0.299684s][吞吐率：3.34req/s] [内存消耗：1,838.13kb] [文件加载：40]
[ info ] [ ROUTE ] array (
  'type' => 'module',
  'module' => 
  array (
    0 => 'api',
    1 => 'index',
    2 => 'index',
  ),
)
[ info ] [ HEADER ] array (
  'cookie' => 'Huiskin=default; think_var=zh-cn; PHPSESSID=qphg40lr46n1d2pqdkfpsgnkv3',
  'accept-language' => 'zh-CN,zh;q=0.8',
  'accept-encoding' => 'gzip, deflate, sdch',
  'referer' => 'http://www.gxlm.com/',
  'accept' => 'text/html,application/xhtml+xml,application/xml;q=0.9,image/webp,*/*;q=0.8',
  'user-agent' => 'Mozilla/5.0 (Windows NT 10.0; WOW64) AppleWebKit/537.36 (KHTML, like Gecko) Chrome/53.0.2785.104 Safari/537.36 Core/1.53.4355.400 QQBrowser/9.7.12672.400',
  'upgrade-insecure-requests' => '1',
  'connection' => 'close',
  'host' => 'www.gxlm.com',
)
[ info ] [ PARAM ] array (
)
[ info ] [ SESSION ] INIT array (
  'id' => '',
  'var_session_id' => '',
  'prefix' => 'think',
  'type' => '',
  'auto_start' => true,
  'expire' => 3600,
)
[ info ] [ DB ] INIT mysql
[ info ] [ RUN ] Method [ <user> public method index ] {
  @@ E:\www\htdocs\app\api\controller\Index.php 14 - 27
}

[ info ] [ DB ] INIT mysql
[ info ] [ DB ] INIT mysql
[ info ] [ VIEW ] ./tpl/api/index\index.html [ array (
  0 => 'broad_list',
  1 => 'big_cates',
  2 => 'small_cates',
  3 => 'goods',
) ]
[ info ] [ LOG ] INIT File
[ sql ] [ DB ] CONNECT:[ UseTime:0.029797s ] mysql:dbname=hdm359939164_db;host=hdm359939164.my3w.com;port=3306;charset=utf8
[ sql ] [ SQL ] SHOW COLUMNS FROM `users` [ RunTime:0.019715s ]
[ sql ] [ SQL ] SELECT * FROM `users` WHERE  `id` = 1  AND `status` = 1 LIMIT 1     [ RunTime:0.019415s ]
[ sql ] [ DB ] CONNECT:[ UseTime:0.020394s ] mysql:dbname=hdm359939164_db;host=hdm359939164.my3w.com;port=3306;charset=utf8
[ sql ] [ SQL ] SHOW COLUMNS FROM `broad_img` [ RunTime:0.013132s ]
[ sql ] [ SQL ] SELECT * FROM `broad_img` ORDER BY `order`  [ RunTime:0.013138s ]
[ sql ] [ DB ] CONNECT:[ UseTime:0.032580s ] mysql:dbname=hdm359939164_db;host=hdm359939164.my3w.com;port=3306;charset=utf8
[ sql ] [ SQL ] SHOW COLUMNS FROM `cate` [ RunTime:0.013680s ]
[ sql ] [ SQL ] SELECT * FROM `cate` WHERE  `type` = '1'  AND `status` = '1' ORDER BY `order` asc    [ RunTime:0.013948s ]
[ sql ] [ SQL ] SELECT * FROM `cate` WHERE  `type` = '2'  AND `status` = '1' ORDER BY `order` asc    [ RunTime:0.012565s ]
[ sql ] [ SQL ] SHOW COLUMNS FROM `goods` [ RunTime:0.013048s ]
[ sql ] [ SQL ] SELECT * FROM `goods` WHERE  `status` = 1 ORDER BY `order` asc   [ RunTime:0.015345s ]

---------------------------------------------------------------
[ 2018-01-12T15:10:37+08:00 ] 127.0.0.1 127.0.0.1 GET /public/static/api/basic/js/jquery.min.js
[ log ] www.gxlm.com/public/static/api/basic/js/jquery.min.js [运行时间：0.019665s][吞吐率：50.85req/s] [内存消耗：938.63kb] [文件加载：26]
[ info ] [ ROUTE ] array (
  'type' => 'module',
  'module' => 
  array (
    0 => 'public',
    1 => 'static',
    2 => 'api',
  ),
)
[ info ] [ HEADER ] array (
  'cookie' => 'Huiskin=default; think_var=zh-cn; PHPSESSID=qphg40lr46n1d2pqdkfpsgnkv3',
  'accept-language' => 'zh-CN,zh;q=0.8',
  'accept-encoding' => 'gzip, deflate, sdch',
  'referer' => 'http://www.gxlm.com/api/index/index.html',
  'accept' => '*/*',
  'user-agent' => 'Mozilla/5.0 (Windows NT 10.0; WOW64) AppleWebKit/537.36 (KHTML, like Gecko) Chrome/53.0.2785.104 Safari/537.36 Core/1.53.4355.400 QQBrowser/9.7.12672.400',
  'connection' => 'close',
  'host' => 'www.gxlm.com',
)
[ info ] [ PARAM ] array (
  '/static/api/basic/js/jquery_min_js' => '',
  'basic' => 'js',
)
[ info ] [ LANG ] E:\www\htdocs\thinkphp\lang\zh-cn.php
[ info ] [ LOG ] INIT File

---------------------------------------------------------------
[ 2018-01-12T15:11:00+08:00 ] 127.0.0.1 127.0.0.1 GET /favicon.ico
[ log ] www.gxlm.com/favicon.ico [运行时间：0.023898s][吞吐率：41.84req/s] [内存消耗：937.30kb] [文件加载：26]
[ info ] [ ROUTE ] array (
  'type' => 'module',
  'module' => 
  array (
    0 => 'favicon.ico',
    1 => NULL,
    2 => NULL,
  ),
)
[ info ] [ HEADER ] array (
  'cookie' => 'Huiskin=default; think_var=zh-cn; PHPSESSID=qphg40lr46n1d2pqdkfpsgnkv3',
  'accept-language' => 'zh-CN,zh;q=0.8',
  'accept-encoding' => 'gzip, deflate, sdch',
  'user-agent' => 'Mozilla/5.0 (Windows NT 10.0; WOW64) AppleWebKit/537.36 (KHTML, like Gecko) Chrome/53.0.2785.104 Safari/537.36 Core/1.53.4355.400 QQBrowser/9.7.12672.400',
  'connection' => 'close',
  'host' => 'www.gxlm.com',
)
[ info ] [ PARAM ] array (
)
[ info ] [ LANG ] E:\www\htdocs\thinkphp\lang\zh-cn.php
[ info ] [ LOG ] INIT File

---------------------------------------------------------------
[ 2018-01-12T15:11:01+08:00 ] 127.0.0.1 127.0.0.1 GET /favicon.ico
[ log ] www.gxlm.com/favicon.ico [运行时间：0.037027s][吞吐率：27.01req/s] [内存消耗：937.30kb] [文件加载：26]
[ info ] [ ROUTE ] array (
  'type' => 'module',
  'module' => 
  array (
    0 => 'favicon.ico',
    1 => NULL,
    2 => NULL,
  ),
)
[ info ] [ HEADER ] array (
  'cookie' => 'Huiskin=default; think_var=zh-cn; PHPSESSID=qphg40lr46n1d2pqdkfpsgnkv3',
  'accept-language' => 'zh-CN,zh;q=0.8',
  'accept-encoding' => 'gzip, deflate, sdch',
  'user-agent' => 'Mozilla/5.0 (Windows NT 10.0; WOW64) AppleWebKit/537.36 (KHTML, like Gecko) Chrome/53.0.2785.104 Safari/537.36 Core/1.53.4355.400 QQBrowser/9.7.12672.400',
  'connection' => 'close',
  'host' => 'www.gxlm.com',
)
[ info ] [ PARAM ] array (
)
[ info ] [ LANG ] E:\www\htdocs\thinkphp\lang\zh-cn.php
[ info ] [ LOG ] INIT File

---------------------------------------------------------------
[ 2018-01-12T15:11:02+08:00 ] 127.0.0.1 127.0.0.1 GET /favicon.ico
[ log ] www.gxlm.com/favicon.ico [运行时间：0.027904s][吞吐率：35.84req/s] [内存消耗：937.30kb] [文件加载：26]
[ info ] [ ROUTE ] array (
  'type' => 'module',
  'module' => 
  array (
    0 => 'favicon.ico',
    1 => NULL,
    2 => NULL,
  ),
)
[ info ] [ HEADER ] array (
  'cookie' => 'Huiskin=default; think_var=zh-cn; PHPSESSID=qphg40lr46n1d2pqdkfpsgnkv3',
  'accept-language' => 'zh-CN,zh;q=0.8',
  'accept-encoding' => 'gzip, deflate, sdch',
  'user-agent' => 'Mozilla/5.0 (Windows NT 10.0; WOW64) AppleWebKit/537.36 (KHTML, like Gecko) Chrome/53.0.2785.104 Safari/537.36 Core/1.53.4355.400 QQBrowser/9.7.12672.400',
  'connection' => 'close',
  'host' => 'www.gxlm.com',
)
[ info ] [ PARAM ] array (
)
[ info ] [ LANG ] E:\www\htdocs\thinkphp\lang\zh-cn.php
[ info ] [ LOG ] INIT File

---------------------------------------------------------------
[ 2018-01-12T15:11:03+08:00 ] 127.0.0.1 127.0.0.1 GET /favicon.ico
[ log ] www.gxlm.com/favicon.ico [运行时间：0.012532s][吞吐率：79.80req/s] [内存消耗：937.30kb] [文件加载：26]
[ info ] [ ROUTE ] array (
  'type' => 'module',
  'module' => 
  array (
    0 => 'favicon.ico',
    1 => NULL,
    2 => NULL,
  ),
)
[ info ] [ HEADER ] array (
  'cookie' => 'Huiskin=default; think_var=zh-cn; PHPSESSID=qphg40lr46n1d2pqdkfpsgnkv3',
  'accept-language' => 'zh-CN,zh;q=0.8',
  'accept-encoding' => 'gzip, deflate, sdch',
  'user-agent' => 'Mozilla/5.0 (Windows NT 10.0; WOW64) AppleWebKit/537.36 (KHTML, like Gecko) Chrome/53.0.2785.104 Safari/537.36 Core/1.53.4355.400 QQBrowser/9.7.12672.400',
  'connection' => 'close',
  'host' => 'www.gxlm.com',
)
[ info ] [ PARAM ] array (
)
[ info ] [ LANG ] E:\www\htdocs\thinkphp\lang\zh-cn.php
[ info ] [ LOG ] INIT File

---------------------------------------------------------------
[ 2018-01-12T15:11:03+08:00 ] 127.0.0.1 127.0.0.1 GET /favicon.ico
[ log ] www.gxlm.com/favicon.ico [运行时间：0.026257s][吞吐率：38.09req/s] [内存消耗：937.30kb] [文件加载：26]
[ info ] [ ROUTE ] array (
  'type' => 'module',
  'module' => 
  array (
    0 => 'favicon.ico',
    1 => NULL,
    2 => NULL,
  ),
)
[ info ] [ HEADER ] array (
  'cookie' => 'Huiskin=default; think_var=zh-cn; PHPSESSID=qphg40lr46n1d2pqdkfpsgnkv3',
  'accept-language' => 'zh-CN,zh;q=0.8',
  'accept-encoding' => 'gzip, deflate, sdch',
  'user-agent' => 'Mozilla/5.0 (Windows NT 10.0; WOW64) AppleWebKit/537.36 (KHTML, like Gecko) Chrome/53.0.2785.104 Safari/537.36 Core/1.53.4355.400 QQBrowser/9.7.12672.400',
  'connection' => 'close',
  'host' => 'www.gxlm.com',
)
[ info ] [ PARAM ] array (
)
[ info ] [ LANG ] E:\www\htdocs\thinkphp\lang\zh-cn.php
[ info ] [ LOG ] INIT File

---------------------------------------------------------------
[ 2018-01-12T15:11:03+08:00 ] 127.0.0.1 127.0.0.1 GET /favicon.ico
[ log ] www.gxlm.com/favicon.ico [运行时间：0.012386s][吞吐率：80.74req/s] [内存消耗：937.30kb] [文件加载：26]
[ info ] [ ROUTE ] array (
  'type' => 'module',
  'module' => 
  array (
    0 => 'favicon.ico',
    1 => NULL,
    2 => NULL,
  ),
)
[ info ] [ HEADER ] array (
  'cookie' => 'Huiskin=default; think_var=zh-cn; PHPSESSID=qphg40lr46n1d2pqdkfpsgnkv3',
  'accept-language' => 'zh-CN,zh;q=0.8',
  'accept-encoding' => 'gzip, deflate, sdch',
  'user-agent' => 'Mozilla/5.0 (Windows NT 10.0; WOW64) AppleWebKit/537.36 (KHTML, like Gecko) Chrome/53.0.2785.104 Safari/537.36 Core/1.53.4355.400 QQBrowser/9.7.12672.400',
  'connection' => 'close',
  'host' => 'www.gxlm.com',
)
[ info ] [ PARAM ] array (
)
[ info ] [ LANG ] E:\www\htdocs\thinkphp\lang\zh-cn.php
[ info ] [ LOG ] INIT File

---------------------------------------------------------------
[ 2018-01-12T15:11:03+08:00 ] 127.0.0.1 127.0.0.1 GET /favicon.ico
[ log ] www.gxlm.com/favicon.ico [运行时间：0.013069s][吞吐率：76.52req/s] [内存消耗：937.30kb] [文件加载：26]
[ info ] [ ROUTE ] array (
  'type' => 'module',
  'module' => 
  array (
    0 => 'favicon.ico',
    1 => NULL,
    2 => NULL,
  ),
)
[ info ] [ HEADER ] array (
  'cookie' => 'Huiskin=default; think_var=zh-cn; PHPSESSID=qphg40lr46n1d2pqdkfpsgnkv3',
  'accept-language' => 'zh-CN,zh;q=0.8',
  'accept-encoding' => 'gzip, deflate, sdch',
  'user-agent' => 'Mozilla/5.0 (Windows NT 10.0; WOW64) AppleWebKit/537.36 (KHTML, like Gecko) Chrome/53.0.2785.104 Safari/537.36 Core/1.53.4355.400 QQBrowser/9.7.12672.400',
  'connection' => 'close',
  'host' => 'www.gxlm.com',
)
[ info ] [ PARAM ] array (
)
[ info ] [ LANG ] E:\www\htdocs\thinkphp\lang\zh-cn.php
[ info ] [ LOG ] INIT File

---------------------------------------------------------------
[ 2018-01-12T15:11:03+08:00 ] 127.0.0.1 127.0.0.1 GET /favicon.ico
[ log ] www.gxlm.com/favicon.ico [运行时间：0.026060s][吞吐率：38.37req/s] [内存消耗：937.30kb] [文件加载：26]
[ info ] [ ROUTE ] array (
  'type' => 'module',
  'module' => 
  array (
    0 => 'favicon.ico',
    1 => NULL,
    2 => NULL,
  ),
)
[ info ] [ HEADER ] array (
  'cookie' => 'Huiskin=default; think_var=zh-cn; PHPSESSID=qphg40lr46n1d2pqdkfpsgnkv3',
  'accept-language' => 'zh-CN,zh;q=0.8',
  'accept-encoding' => 'gzip, deflate, sdch',
  'user-agent' => 'Mozilla/5.0 (Windows NT 10.0; WOW64) AppleWebKit/537.36 (KHTML, like Gecko) Chrome/53.0.2785.104 Safari/537.36 Core/1.53.4355.400 QQBrowser/9.7.12672.400',
  'connection' => 'close',
  'host' => 'www.gxlm.com',
)
[ info ] [ PARAM ] array (
)
[ info ] [ LANG ] E:\www\htdocs\thinkphp\lang\zh-cn.php
[ info ] [ LOG ] INIT File

---------------------------------------------------------------
[ 2018-01-12T15:11:03+08:00 ] 127.0.0.1 127.0.0.1 GET /favicon.ico
[ log ] www.gxlm.com/favicon.ico [运行时间：0.012839s][吞吐率：77.89req/s] [内存消耗：937.30kb] [文件加载：26]
[ info ] [ ROUTE ] array (
  'type' => 'module',
  'module' => 
  array (
    0 => 'favicon.ico',
    1 => NULL,
    2 => NULL,
  ),
)
[ info ] [ HEADER ] array (
  'cookie' => 'Huiskin=default; think_var=zh-cn; PHPSESSID=qphg40lr46n1d2pqdkfpsgnkv3',
  'accept-language' => 'zh-CN,zh;q=0.8',
  'accept-encoding' => 'gzip, deflate, sdch',
  'user-agent' => 'Mozilla/5.0 (Windows NT 10.0; WOW64) AppleWebKit/537.36 (KHTML, like Gecko) Chrome/53.0.2785.104 Safari/537.36 Core/1.53.4355.400 QQBrowser/9.7.12672.400',
  'connection' => 'close',
  'host' => 'www.gxlm.com',
)
[ info ] [ PARAM ] array (
)
[ info ] [ LANG ] E:\www\htdocs\thinkphp\lang\zh-cn.php
[ info ] [ LOG ] INIT File

---------------------------------------------------------------
[ 2018-01-12T15:11:03+08:00 ] 127.0.0.1 127.0.0.1 GET /favicon.ico
[ log ] www.gxlm.com/favicon.ico [运行时间：0.042022s][吞吐率：23.80req/s] [内存消耗：937.30kb] [文件加载：26]
[ info ] [ ROUTE ] array (
  'type' => 'module',
  'module' => 
  array (
    0 => 'favicon.ico',
    1 => NULL,
    2 => NULL,
  ),
)
[ info ] [ HEADER ] array (
  'cookie' => 'Huiskin=default; think_var=zh-cn; PHPSESSID=qphg40lr46n1d2pqdkfpsgnkv3',
  'accept-language' => 'zh-CN,zh;q=0.8',
  'accept-encoding' => 'gzip, deflate, sdch',
  'user-agent' => 'Mozilla/5.0 (Windows NT 10.0; WOW64) AppleWebKit/537.36 (KHTML, like Gecko) Chrome/53.0.2785.104 Safari/537.36 Core/1.53.4355.400 QQBrowser/9.7.12672.400',
  'connection' => 'close',
  'host' => 'www.gxlm.com',
)
[ info ] [ PARAM ] array (
)
[ info ] [ LANG ] E:\www\htdocs\thinkphp\lang\zh-cn.php
[ info ] [ LOG ] INIT File

---------------------------------------------------------------
[ 2018-01-12T15:11:03+08:00 ] 127.0.0.1 127.0.0.1 GET /favicon.ico
[ log ] www.gxlm.com/favicon.ico [运行时间：0.014373s][吞吐率：69.57req/s] [内存消耗：937.30kb] [文件加载：26]
[ info ] [ ROUTE ] array (
  'type' => 'module',
  'module' => 
  array (
    0 => 'favicon.ico',
    1 => NULL,
    2 => NULL,
  ),
)
[ info ] [ HEADER ] array (
  'cookie' => 'Huiskin=default; think_var=zh-cn; PHPSESSID=qphg40lr46n1d2pqdkfpsgnkv3',
  'accept-language' => 'zh-CN,zh;q=0.8',
  'accept-encoding' => 'gzip, deflate, sdch',
  'user-agent' => 'Mozilla/5.0 (Windows NT 10.0; WOW64) AppleWebKit/537.36 (KHTML, like Gecko) Chrome/53.0.2785.104 Safari/537.36 Core/1.53.4355.400 QQBrowser/9.7.12672.400',
  'connection' => 'close',
  'host' => 'www.gxlm.com',
)
[ info ] [ PARAM ] array (
)
[ info ] [ LANG ] E:\www\htdocs\thinkphp\lang\zh-cn.php
[ info ] [ LOG ] INIT File

---------------------------------------------------------------
[ 2018-01-12T15:11:03+08:00 ] 127.0.0.1 127.0.0.1 GET /favicon.ico
[ log ] www.gxlm.com/favicon.ico [运行时间：0.012696s][吞吐率：78.76req/s] [内存消耗：937.30kb] [文件加载：26]
[ info ] [ ROUTE ] array (
  'type' => 'module',
  'module' => 
  array (
    0 => 'favicon.ico',
    1 => NULL,
    2 => NULL,
  ),
)
[ info ] [ HEADER ] array (
  'cookie' => 'Huiskin=default; think_var=zh-cn; PHPSESSID=qphg40lr46n1d2pqdkfpsgnkv3',
  'accept-language' => 'zh-CN,zh;q=0.8',
  'accept-encoding' => 'gzip, deflate, sdch',
  'user-agent' => 'Mozilla/5.0 (Windows NT 10.0; WOW64) AppleWebKit/537.36 (KHTML, like Gecko) Chrome/53.0.2785.104 Safari/537.36 Core/1.53.4355.400 QQBrowser/9.7.12672.400',
  'connection' => 'close',
  'host' => 'www.gxlm.com',
)
[ info ] [ PARAM ] array (
)
[ info ] [ LANG ] E:\www\htdocs\thinkphp\lang\zh-cn.php
[ info ] [ LOG ] INIT File

---------------------------------------------------------------
[ 2018-01-12T15:11:04+08:00 ] 127.0.0.1 127.0.0.1 GET /admin
[ log ] www.gxlm.com/admin [运行时间：0.125934s][吞吐率：7.94req/s] [内存消耗：1,136.26kb] [文件加载：32]
[ info ] [ ROUTE ] array (
  'type' => 'module',
  'module' => 
  array (
    0 => 'admin',
    1 => NULL,
    2 => NULL,
  ),
)
[ info ] [ HEADER ] array (
  'cookie' => 'Huiskin=default; think_var=zh-cn; PHPSESSID=qphg40lr46n1d2pqdkfpsgnkv3',
  'accept-language' => 'zh-CN,zh;q=0.8',
  'accept-encoding' => 'gzip, deflate, sdch',
  'accept' => 'text/html,application/xhtml+xml,application/xml;q=0.9,image/webp,*/*;q=0.8',
  'user-agent' => 'Mozilla/5.0 (Windows NT 10.0; WOW64) AppleWebKit/537.36 (KHTML, like Gecko) Chrome/53.0.2785.104 Safari/537.36 Core/1.53.4355.400 QQBrowser/9.7.12672.400',
  'upgrade-insecure-requests' => '1',
  'connection' => 'close',
  'host' => 'www.gxlm.com',
)
[ info ] [ PARAM ] array (
)
[ info ] [ RUN ] Method [ <user> public method index ] {
  @@ E:\www\htdocs\app\admin\controller\Account.php 14 - 16
}

[ info ] [ VIEW ] ./tpl/admin/account\index.html [ array (
) ]
[ info ] [ LOG ] INIT File

---------------------------------------------------------------
[ 2018-01-12T15:11:06+08:00 ] 127.0.0.1 127.0.0.1 POST /admin/account/login_do.html
[ log ] www.gxlm.com/admin/account/login_do.html [运行时间：0.165791s][吞吐率：6.03req/s] [内存消耗：1,665.05kb] [文件加载：40]
[ info ] [ ROUTE ] array (
  'type' => 'module',
  'module' => 
  array (
    0 => 'admin',
    1 => 'account',
    2 => 'login_do',
  ),
)
[ info ] [ HEADER ] array (
  'cookie' => 'Huiskin=default; think_var=zh-cn; PHPSESSID=qphg40lr46n1d2pqdkfpsgnkv3',
  'accept-language' => 'zh-CN,zh;q=0.8',
  'accept-encoding' => 'gzip, deflate',
  'referer' => 'http://www.gxlm.com/admin',
  'user-agent' => 'Mozilla/5.0 (Windows NT 10.0; WOW64) AppleWebKit/537.36 (KHTML, like Gecko) Chrome/53.0.2785.104 Safari/537.36 Core/1.53.4355.400 QQBrowser/9.7.12672.400',
  'x-requested-with' => 'XMLHttpRequest',
  'origin' => 'http://www.gxlm.com',
  'accept' => 'text/html, */*; q=0.01',
  'connection' => 'close',
  'host' => 'www.gxlm.com',
  'content-type' => 'application/x-www-form-urlencoded; charset=UTF-8',
  'content-length' => '38',
)
[ info ] [ PARAM ] array (
  'user_login' => 'chenbonian',
  'user_pass' => '123456',
)
[ info ] [ RUN ] Method [ <user> public method login_do ] {
  @@ E:\www\htdocs\app\admin\controller\Account.php 18 - 28
}

[ info ] [ DB ] INIT mysql
[ info ] [ SESSION ] INIT array (
  'id' => '',
  'var_session_id' => '',
  'prefix' => 'think',
  'type' => '',
  'auto_start' => true,
  'expire' => 3600,
)
[ info ] [ DB ] INIT mysql
[ info ] [ CACHE ] INIT File
[ info ] [ LOG ] INIT File
[ sql ] [ DB ] CONNECT:[ UseTime:0.042518s ] mysql:dbname=hdm359939164_db;host=hdm359939164.my3w.com;port=3306;charset=utf8
[ sql ] [ SQL ] SHOW COLUMNS FROM `admin_users` [ RunTime:0.019500s ]
[ sql ] [ SQL ] SELECT * FROM `admin_users` WHERE  `login_name` = 'chenbonian' LIMIT 1    [ RunTime:0.027900s ]
[ sql ] [ DB ] CONNECT:[ UseTime:0.020508s ] mysql:dbname=hdm359939164_db;host=hdm359939164.my3w.com;port=3306;charset=utf8
[ sql ] [ SQL ] UPDATE `admin_users`  SET `last_login_ip`='127.0.0.1',`last_login_time`=1515741066  WHERE  `id` = 3      [ RunTime:0.024232s ]

---------------------------------------------------------------
[ 2018-01-12T15:11:06+08:00 ] 127.0.0.1 127.0.0.1 GET /admin/index/index.html
[ log ] www.gxlm.com/admin/index/index.html [运行时间：0.216701s][吞吐率：4.61req/s] [内存消耗：1,173.30kb] [文件加载：33]
[ info ] [ ROUTE ] array (
  'type' => 'module',
  'module' => 
  array (
    0 => 'admin',
    1 => 'index',
    2 => 'index',
  ),
)
[ info ] [ HEADER ] array (
  'cookie' => 'Huiskin=default; think_var=zh-cn; PHPSESSID=qphg40lr46n1d2pqdkfpsgnkv3',
  'accept-language' => 'zh-CN,zh;q=0.8',
  'accept-encoding' => 'gzip, deflate, sdch',
  'referer' => 'http://www.gxlm.com/admin',
  'accept' => 'text/html,application/xhtml+xml,application/xml;q=0.9,image/webp,*/*;q=0.8',
  'user-agent' => 'Mozilla/5.0 (Windows NT 10.0; WOW64) AppleWebKit/537.36 (KHTML, like Gecko) Chrome/53.0.2785.104 Safari/537.36 Core/1.53.4355.400 QQBrowser/9.7.12672.400',
  'upgrade-insecure-requests' => '1',
  'connection' => 'close',
  'host' => 'www.gxlm.com',
)
[ info ] [ PARAM ] array (
)
[ info ] [ SESSION ] INIT array (
  'id' => '',
  'var_session_id' => '',
  'prefix' => 'think',
  'type' => '',
  'auto_start' => true,
  'expire' => 3600,
)
[ info ] [ RUN ] Method [ <user> public method index ] {
  @@ E:\www\htdocs\app\admin\controller\Index.php 14 - 16
}

[ info ] [ VIEW ] ./tpl/admin/index\index.html [ array (
) ]
[ info ] [ LOG ] INIT File

---------------------------------------------------------------
[ 2018-01-12T15:11:06+08:00 ] 127.0.0.1 127.0.0.1 GET /admin/index/desktop.html
[ log ] www.gxlm.com/admin/index/desktop.html [运行时间：0.092624s][吞吐率：10.80req/s] [内存消耗：1,120.69kb] [文件加载：32]
[ info ] [ ROUTE ] array (
  'type' => 'module',
  'module' => 
  array (
    0 => 'admin',
    1 => 'index',
    2 => 'desktop',
  ),
)
[ info ] [ HEADER ] array (
  'cookie' => 'Huiskin=default; think_var=zh-cn; PHPSESSID=qphg40lr46n1d2pqdkfpsgnkv3',
  'accept-language' => 'zh-CN,zh;q=0.8',
  'accept-encoding' => 'gzip, deflate, sdch',
  'referer' => 'http://www.gxlm.com/admin/index/index.html',
  'accept' => 'text/html,application/xhtml+xml,application/xml;q=0.9,image/webp,*/*;q=0.8',
  'user-agent' => 'Mozilla/5.0 (Windows NT 10.0; WOW64) AppleWebKit/537.36 (KHTML, like Gecko) Chrome/53.0.2785.104 Safari/537.36 Core/1.53.4355.400 QQBrowser/9.7.12672.400',
  'upgrade-insecure-requests' => '1',
  'connection' => 'close',
  'host' => 'www.gxlm.com',
)
[ info ] [ PARAM ] array (
)
[ info ] [ SESSION ] INIT array (
  'id' => '',
  'var_session_id' => '',
  'prefix' => 'think',
  'type' => '',
  'auto_start' => true,
  'expire' => 3600,
)
[ info ] [ RUN ] Method [ <user> public method desktop ] {
  @@ E:\www\htdocs\app\admin\controller\Index.php 18 - 20
}

[ info ] [ VIEW ] ./tpl/admin/index\desktop.html [ array (
) ]
[ info ] [ LOG ] INIT File

---------------------------------------------------------------
[ 2018-01-12T15:11:12+08:00 ] 127.0.0.1 127.0.0.1 POST /admin/index/p.fa.com/mendian/info/location
[ log ] www.gxlm.com/admin/index/p.fa.com/mendian/info/location [运行时间：0.020006s][吞吐率：49.99req/s] [内存消耗：1,184.83kb] [文件加载：37]
[ info ] [ ROUTE ] array (
  'type' => 'module',
  'module' => 
  array (
    0 => 'admin',
    1 => 'index',
    2 => 'p.fa.com',
  ),
)
[ info ] [ HEADER ] array (
  'cookie' => 'Huiskin=default; think_var=zh-cn; PHPSESSID=qphg40lr46n1d2pqdkfpsgnkv3',
  'accept-language' => 'zh-CN,zh;q=0.8',
  'accept-encoding' => 'gzip, deflate',
  'referer' => 'http://www.gxlm.com/admin/index/index.html',
  'user-agent' => 'Mozilla/5.0 (Windows NT 10.0; WOW64) AppleWebKit/537.36 (KHTML, like Gecko) Chrome/53.0.2785.104 Safari/537.36 Core/1.53.4355.400 QQBrowser/9.7.12672.400',
  'x-requested-with' => 'XMLHttpRequest',
  'origin' => 'http://www.gxlm.com',
  'accept' => 'application/json, text/javascript, */*; q=0.01',
  'connection' => 'close',
  'host' => 'www.gxlm.com',
  'content-length' => '0',
)
[ info ] [ PARAM ] array (
  'mendian' => 'info',
)
[ info ] [ SESSION ] INIT array (
  'id' => '',
  'var_session_id' => '',
  'prefix' => 'think',
  'type' => '',
  'auto_start' => true,
  'expire' => 3600,
)
[ info ] [ LANG ] E:\www\htdocs\thinkphp\lang\zh-cn.php
[ info ] [ LOG ] INIT File

---------------------------------------------------------------
[ 2018-01-12T15:12:03+08:00 ] 127.0.0.1 127.0.0.1 POST /admin/index/p.fa.com/mendian/info/location
[ log ] www.gxlm.com/admin/index/p.fa.com/mendian/info/location [运行时间：0.019872s][吞吐率：50.32req/s] [内存消耗：1,184.83kb] [文件加载：37]
[ info ] [ ROUTE ] array (
  'type' => 'module',
  'module' => 
  array (
    0 => 'admin',
    1 => 'index',
    2 => 'p.fa.com',
  ),
)
[ info ] [ HEADER ] array (
  'cookie' => 'Huiskin=default; think_var=zh-cn; PHPSESSID=qphg40lr46n1d2pqdkfpsgnkv3',
  'accept-language' => 'zh-CN,zh;q=0.8',
  'accept-encoding' => 'gzip, deflate',
  'referer' => 'http://www.gxlm.com/admin/index/index.html',
  'user-agent' => 'Mozilla/5.0 (Windows NT 10.0; WOW64) AppleWebKit/537.36 (KHTML, like Gecko) Chrome/53.0.2785.104 Safari/537.36 Core/1.53.4355.400 QQBrowser/9.7.12672.400',
  'x-requested-with' => 'XMLHttpRequest',
  'origin' => 'http://www.gxlm.com',
  'accept' => 'application/json, text/javascript, */*; q=0.01',
  'connection' => 'close',
  'host' => 'www.gxlm.com',
  'content-length' => '0',
)
[ info ] [ PARAM ] array (
  'mendian' => 'info',
)
[ info ] [ SESSION ] INIT array (
  'id' => '',
  'var_session_id' => '',
  'prefix' => 'think',
  'type' => '',
  'auto_start' => true,
  'expire' => 3600,
)
[ info ] [ LANG ] E:\www\htdocs\thinkphp\lang\zh-cn.php
[ info ] [ LOG ] INIT File

---------------------------------------------------------------
[ 2018-01-12T17:31:23+08:00 ] 127.0.0.1 127.0.0.1 GET /favicon.ico
[ log ] www.gxlm.com/favicon.ico [运行时间：0.016630s][吞吐率：60.13req/s] [内存消耗：937.69kb] [文件加载：26]
[ info ] [ ROUTE ] array (
  'type' => 'module',
  'module' => 
  array (
    0 => 'favicon.ico',
    1 => NULL,
    2 => NULL,
  ),
)
[ info ] [ HEADER ] array (
  'cookie' => 'Huiskin=default',
  'accept-language' => 'zh-CN,zh;q=0.8',
  'accept-encoding' => 'gzip, deflate, sdch',
  'user-agent' => 'Mozilla/5.0 (Windows NT 10.0; WOW64) AppleWebKit/537.36 (KHTML, like Gecko) Chrome/53.0.2785.104 Safari/537.36 Core/1.53.4355.400 QQBrowser/9.7.12672.400',
  'connection' => 'close',
  'host' => 'www.gxlm.com',
)
[ info ] [ PARAM ] array (
)
[ info ] [ LANG ] E:\www\htdocs\thinkphp\lang\zh-cn.php
[ info ] [ LOG ] INIT File

---------------------------------------------------------------
[ 2018-01-12T17:31:52+08:00 ] 127.0.0.1 127.0.0.1 GET /favicon.ico
[ log ] www.gxlm.com/favicon.ico [运行时间：0.037910s][吞吐率：26.38req/s] [内存消耗：937.30kb] [文件加载：26]
[ info ] [ ROUTE ] array (
  'type' => 'module',
  'module' => 
  array (
    0 => 'favicon.ico',
    1 => NULL,
    2 => NULL,
  ),
)
[ info ] [ HEADER ] array (
  'cookie' => 'Huiskin=default; think_var=zh-cn',
  'accept-language' => 'zh-CN,zh;q=0.8',
  'accept-encoding' => 'gzip, deflate, sdch',
  'user-agent' => 'Mozilla/5.0 (Windows NT 10.0; WOW64) AppleWebKit/537.36 (KHTML, like Gecko) Chrome/53.0.2785.104 Safari/537.36 Core/1.53.4355.400 QQBrowser/9.7.12672.400',
  'connection' => 'close',
  'host' => 'www.gxlm.com',
)
[ info ] [ PARAM ] array (
)
[ info ] [ LANG ] E:\www\htdocs\thinkphp\lang\zh-cn.php
[ info ] [ LOG ] INIT File

---------------------------------------------------------------
[ 2018-01-12T17:32:29+08:00 ] 127.0.0.1 127.0.0.1 GET /favicon.ico
[ log ] www.gxlm.com/favicon.ico [运行时间：0.020385s][吞吐率：49.06req/s] [内存消耗：937.30kb] [文件加载：26]
[ info ] [ ROUTE ] array (
  'type' => 'module',
  'module' => 
  array (
    0 => 'favicon.ico',
    1 => NULL,
    2 => NULL,
  ),
)
[ info ] [ HEADER ] array (
  'cookie' => 'Huiskin=default; think_var=zh-cn',
  'accept-language' => 'zh-CN,zh;q=0.8',
  'accept-encoding' => 'gzip, deflate, sdch',
  'user-agent' => 'Mozilla/5.0 (Windows NT 10.0; WOW64) AppleWebKit/537.36 (KHTML, like Gecko) Chrome/53.0.2785.104 Safari/537.36 Core/1.53.4355.400 QQBrowser/9.7.12672.400',
  'connection' => 'close',
  'host' => 'www.gxlm.com',
)
[ info ] [ PARAM ] array (
)
[ info ] [ LANG ] E:\www\htdocs\thinkphp\lang\zh-cn.php
[ info ] [ LOG ] INIT File

---------------------------------------------------------------
[ 2018-01-12T17:32:36+08:00 ] 127.0.0.1 127.0.0.1 GET /favicon.ico
[ log ] www.gxlm.com/favicon.ico [运行时间：0.017271s][吞吐率：57.90req/s] [内存消耗：937.30kb] [文件加载：26]
[ info ] [ ROUTE ] array (
  'type' => 'module',
  'module' => 
  array (
    0 => 'favicon.ico',
    1 => NULL,
    2 => NULL,
  ),
)
[ info ] [ HEADER ] array (
  'cookie' => 'Huiskin=default; think_var=zh-cn',
  'accept-language' => 'zh-CN,zh;q=0.8',
  'accept-encoding' => 'gzip, deflate, sdch',
  'user-agent' => 'Mozilla/5.0 (Windows NT 10.0; WOW64) AppleWebKit/537.36 (KHTML, like Gecko) Chrome/53.0.2785.104 Safari/537.36 Core/1.53.4355.400 QQBrowser/9.7.12672.400',
  'connection' => 'close',
  'host' => 'www.gxlm.com',
)
[ info ] [ PARAM ] array (
)
[ info ] [ LANG ] E:\www\htdocs\thinkphp\lang\zh-cn.php
[ info ] [ LOG ] INIT File

---------------------------------------------------------------
[ 2018-01-12T18:03:19+08:00 ] 127.0.0.1 127.0.0.1 GET /favicon.ico
[ log ] www.gxlm.com/favicon.ico [运行时间：0.023816s][吞吐率：41.99req/s] [内存消耗：937.30kb] [文件加载：26]
[ info ] [ ROUTE ] array (
  'type' => 'module',
  'module' => 
  array (
    0 => 'favicon.ico',
    1 => NULL,
    2 => NULL,
  ),
)
[ info ] [ HEADER ] array (
  'cookie' => 'Huiskin=default; think_var=zh-cn',
  'accept-language' => 'zh-CN,zh;q=0.8',
  'accept-encoding' => 'gzip, deflate, sdch',
  'user-agent' => 'Mozilla/5.0 (Windows NT 10.0; WOW64) AppleWebKit/537.36 (KHTML, like Gecko) Chrome/53.0.2785.104 Safari/537.36 Core/1.53.4355.400 QQBrowser/9.7.12672.400',
  'connection' => 'close',
  'host' => 'www.gxlm.com',
)
[ info ] [ PARAM ] array (
)
[ info ] [ LANG ] E:\www\htdocs\thinkphp\lang\zh-cn.php
[ info ] [ LOG ] INIT File

---------------------------------------------------------------
[ 2018-01-12T18:03:26+08:00 ] 127.0.0.1 127.0.0.1 GET /favicon.ico
[ log ] www.gxlm.com/favicon.ico [运行时间：0.033874s][吞吐率：29.52req/s] [内存消耗：937.30kb] [文件加载：26]
[ info ] [ ROUTE ] array (
  'type' => 'module',
  'module' => 
  array (
    0 => 'favicon.ico',
    1 => NULL,
    2 => NULL,
  ),
)
[ info ] [ HEADER ] array (
  'cookie' => 'Huiskin=default; think_var=zh-cn',
  'accept-language' => 'zh-CN,zh;q=0.8',
  'accept-encoding' => 'gzip, deflate, sdch',
  'user-agent' => 'Mozilla/5.0 (Windows NT 10.0; WOW64) AppleWebKit/537.36 (KHTML, like Gecko) Chrome/53.0.2785.104 Safari/537.36 Core/1.53.4355.400 QQBrowser/9.7.12672.400',
  'connection' => 'close',
  'host' => 'www.gxlm.com',
)
[ info ] [ PARAM ] array (
)
[ info ] [ LANG ] E:\www\htdocs\thinkphp\lang\zh-cn.php
[ info ] [ LOG ] INIT File

---------------------------------------------------------------
[ 2018-01-12T18:03:31+08:00 ] 127.0.0.1 127.0.0.1 GET /favicon.ico
[ log ] www.gxlm.com/favicon.ico [运行时间：0.021485s][吞吐率：46.54req/s] [内存消耗：937.30kb] [文件加载：26]
[ info ] [ ROUTE ] array (
  'type' => 'module',
  'module' => 
  array (
    0 => 'favicon.ico',
    1 => NULL,
    2 => NULL,
  ),
)
[ info ] [ HEADER ] array (
  'cookie' => 'Huiskin=default; think_var=zh-cn',
  'accept-language' => 'zh-CN,zh;q=0.8',
  'accept-encoding' => 'gzip, deflate, sdch',
  'user-agent' => 'Mozilla/5.0 (Windows NT 10.0; WOW64) AppleWebKit/537.36 (KHTML, like Gecko) Chrome/53.0.2785.104 Safari/537.36 Core/1.53.4355.400 QQBrowser/9.7.12672.400',
  'connection' => 'close',
  'host' => 'www.gxlm.com',
)
[ info ] [ PARAM ] array (
)
[ info ] [ LANG ] E:\www\htdocs\thinkphp\lang\zh-cn.php
[ info ] [ LOG ] INIT File

---------------------------------------------------------------
[ 2018-01-12T18:03:35+08:00 ] 127.0.0.1 127.0.0.1 GET /favicon.ico
[ log ] www.gxlm.com/favicon.ico [运行时间：0.017745s][吞吐率：56.35req/s] [内存消耗：937.30kb] [文件加载：26]
[ info ] [ ROUTE ] array (
  'type' => 'module',
  'module' => 
  array (
    0 => 'favicon.ico',
    1 => NULL,
    2 => NULL,
  ),
)
[ info ] [ HEADER ] array (
  'cookie' => 'Huiskin=default; think_var=zh-cn',
  'accept-language' => 'zh-CN,zh;q=0.8',
  'accept-encoding' => 'gzip, deflate, sdch',
  'user-agent' => 'Mozilla/5.0 (Windows NT 10.0; WOW64) AppleWebKit/537.36 (KHTML, like Gecko) Chrome/53.0.2785.104 Safari/537.36 Core/1.53.4355.400 QQBrowser/9.7.12672.400',
  'connection' => 'close',
  'host' => 'www.gxlm.com',
)
[ info ] [ PARAM ] array (
)
[ info ] [ LANG ] E:\www\htdocs\thinkphp\lang\zh-cn.php
[ info ] [ LOG ] INIT File

---------------------------------------------------------------
[ 2018-01-12T18:03:39+08:00 ] 127.0.0.1 127.0.0.1 GET /favicon.ico
[ log ] www.gxlm.com/favicon.ico [运行时间：0.020191s][吞吐率：49.53req/s] [内存消耗：937.30kb] [文件加载：26]
[ info ] [ ROUTE ] array (
  'type' => 'module',
  'module' => 
  array (
    0 => 'favicon.ico',
    1 => NULL,
    2 => NULL,
  ),
)
[ info ] [ HEADER ] array (
  'cookie' => 'Huiskin=default; think_var=zh-cn',
  'accept-language' => 'zh-CN,zh;q=0.8',
  'accept-encoding' => 'gzip, deflate, sdch',
  'user-agent' => 'Mozilla/5.0 (Windows NT 10.0; WOW64) AppleWebKit/537.36 (KHTML, like Gecko) Chrome/53.0.2785.104 Safari/537.36 Core/1.53.4355.400 QQBrowser/9.7.12672.400',
  'connection' => 'close',
  'host' => 'www.gxlm.com',
)
[ info ] [ PARAM ] array (
)
[ info ] [ LANG ] E:\www\htdocs\thinkphp\lang\zh-cn.php
[ info ] [ LOG ] INIT File

---------------------------------------------------------------
[ 2018-01-12T18:03:47+08:00 ] 127.0.0.1 127.0.0.1 GET /favicon.ico
[ log ] www.gxlm.com/favicon.ico [运行时间：0.019581s][吞吐率：51.07req/s] [内存消耗：937.30kb] [文件加载：26]
[ info ] [ ROUTE ] array (
  'type' => 'module',
  'module' => 
  array (
    0 => 'favicon.ico',
    1 => NULL,
    2 => NULL,
  ),
)
[ info ] [ HEADER ] array (
  'cookie' => 'Huiskin=default; think_var=zh-cn',
  'accept-language' => 'zh-CN,zh;q=0.8',
  'accept-encoding' => 'gzip, deflate, sdch',
  'user-agent' => 'Mozilla/5.0 (Windows NT 10.0; WOW64) AppleWebKit/537.36 (KHTML, like Gecko) Chrome/53.0.2785.104 Safari/537.36 Core/1.53.4355.400 QQBrowser/9.7.12672.400',
  'connection' => 'close',
  'host' => 'www.gxlm.com',
)
[ info ] [ PARAM ] array (
)
[ info ] [ LANG ] E:\www\htdocs\thinkphp\lang\zh-cn.php
[ info ] [ LOG ] INIT File

---------------------------------------------------------------
[ 2018-01-12T18:03:51+08:00 ] 127.0.0.1 127.0.0.1 GET /favicon.ico
[ log ] www.gxlm.com/favicon.ico [运行时间：0.024920s][吞吐率：40.13req/s] [内存消耗：937.30kb] [文件加载：26]
[ info ] [ ROUTE ] array (
  'type' => 'module',
  'module' => 
  array (
    0 => 'favicon.ico',
    1 => NULL,
    2 => NULL,
  ),
)
[ info ] [ HEADER ] array (
  'cookie' => 'Huiskin=default; think_var=zh-cn',
  'accept-language' => 'zh-CN,zh;q=0.8',
  'accept-encoding' => 'gzip, deflate, sdch',
  'user-agent' => 'Mozilla/5.0 (Windows NT 10.0; WOW64) AppleWebKit/537.36 (KHTML, like Gecko) Chrome/53.0.2785.104 Safari/537.36 Core/1.53.4355.400 QQBrowser/9.7.12672.400',
  'connection' => 'close',
  'host' => 'www.gxlm.com',
)
[ info ] [ PARAM ] array (
)
[ info ] [ LANG ] E:\www\htdocs\thinkphp\lang\zh-cn.php
[ info ] [ LOG ] INIT File

---------------------------------------------------------------
[ 2018-01-12T18:04:00+08:00 ] 127.0.0.1 127.0.0.1 GET /favicon.ico
[ log ] www.gxlm.com/favicon.ico [运行时间：0.020517s][吞吐率：48.74req/s] [内存消耗：937.30kb] [文件加载：26]
[ info ] [ ROUTE ] array (
  'type' => 'module',
  'module' => 
  array (
    0 => 'favicon.ico',
    1 => NULL,
    2 => NULL,
  ),
)
[ info ] [ HEADER ] array (
  'cookie' => 'Huiskin=default; think_var=zh-cn',
  'accept-language' => 'zh-CN,zh;q=0.8',
  'accept-encoding' => 'gzip, deflate, sdch',
  'user-agent' => 'Mozilla/5.0 (Windows NT 10.0; WOW64) AppleWebKit/537.36 (KHTML, like Gecko) Chrome/53.0.2785.104 Safari/537.36 Core/1.53.4355.400 QQBrowser/9.7.12672.400',
  'connection' => 'close',
  'host' => 'www.gxlm.com',
)
[ info ] [ PARAM ] array (
)
[ info ] [ LANG ] E:\www\htdocs\thinkphp\lang\zh-cn.php
[ info ] [ LOG ] INIT File

---------------------------------------------------------------
[ 2018-01-12T18:04:05+08:00 ] 127.0.0.1 127.0.0.1 GET /favicon.ico
[ log ] www.gxlm.com/favicon.ico [运行时间：0.013480s][吞吐率：74.18req/s] [内存消耗：937.30kb] [文件加载：26]
[ info ] [ ROUTE ] array (
  'type' => 'module',
  'module' => 
  array (
    0 => 'favicon.ico',
    1 => NULL,
    2 => NULL,
  ),
)
[ info ] [ HEADER ] array (
  'cookie' => 'Huiskin=default; think_var=zh-cn',
  'accept-language' => 'zh-CN,zh;q=0.8',
  'accept-encoding' => 'gzip, deflate, sdch',
  'user-agent' => 'Mozilla/5.0 (Windows NT 10.0; WOW64) AppleWebKit/537.36 (KHTML, like Gecko) Chrome/53.0.2785.104 Safari/537.36 Core/1.53.4355.400 QQBrowser/9.7.12672.400',
  'connection' => 'close',
  'host' => 'www.gxlm.com',
)
[ info ] [ PARAM ] array (
)
[ info ] [ LANG ] E:\www\htdocs\thinkphp\lang\zh-cn.php
[ info ] [ LOG ] INIT File

---------------------------------------------------------------
[ 2018-01-12T18:04:12+08:00 ] 127.0.0.1 127.0.0.1 GET /favicon.ico
[ log ] www.gxlm.com/favicon.ico [运行时间：0.026809s][吞吐率：37.30req/s] [内存消耗：937.30kb] [文件加载：26]
[ info ] [ ROUTE ] array (
  'type' => 'module',
  'module' => 
  array (
    0 => 'favicon.ico',
    1 => NULL,
    2 => NULL,
  ),
)
[ info ] [ HEADER ] array (
  'cookie' => 'Huiskin=default; think_var=zh-cn',
  'accept-language' => 'zh-CN,zh;q=0.8',
  'accept-encoding' => 'gzip, deflate, sdch',
  'user-agent' => 'Mozilla/5.0 (Windows NT 10.0; WOW64) AppleWebKit/537.36 (KHTML, like Gecko) Chrome/53.0.2785.104 Safari/537.36 Core/1.53.4355.400 QQBrowser/9.7.12672.400',
  'connection' => 'close',
  'host' => 'www.gxlm.com',
)
[ info ] [ PARAM ] array (
)
[ info ] [ LANG ] E:\www\htdocs\thinkphp\lang\zh-cn.php
[ info ] [ LOG ] INIT File

---------------------------------------------------------------
[ 2018-01-12T18:04:16+08:00 ] 127.0.0.1 127.0.0.1 GET /favicon.ico
[ log ] www.gxlm.com/favicon.ico [运行时间：0.017821s][吞吐率：56.11req/s] [内存消耗：937.30kb] [文件加载：26]
[ info ] [ ROUTE ] array (
  'type' => 'module',
  'module' => 
  array (
    0 => 'favicon.ico',
    1 => NULL,
    2 => NULL,
  ),
)
[ info ] [ HEADER ] array (
  'cookie' => 'Huiskin=default; think_var=zh-cn',
  'accept-language' => 'zh-CN,zh;q=0.8',
  'accept-encoding' => 'gzip, deflate, sdch',
  'user-agent' => 'Mozilla/5.0 (Windows NT 10.0; WOW64) AppleWebKit/537.36 (KHTML, like Gecko) Chrome/53.0.2785.104 Safari/537.36 Core/1.53.4355.400 QQBrowser/9.7.12672.400',
  'connection' => 'close',
  'host' => 'www.gxlm.com',
)
[ info ] [ PARAM ] array (
)
[ info ] [ LANG ] E:\www\htdocs\thinkphp\lang\zh-cn.php
[ info ] [ LOG ] INIT File

---------------------------------------------------------------
[ 2018-01-12T18:04:18+08:00 ] 127.0.0.1 127.0.0.1 GET /favicon.ico
[ log ] www.gxlm.com/favicon.ico [运行时间：0.028294s][吞吐率：35.34req/s] [内存消耗：937.30kb] [文件加载：26]
[ info ] [ ROUTE ] array (
  'type' => 'module',
  'module' => 
  array (
    0 => 'favicon.ico',
    1 => NULL,
    2 => NULL,
  ),
)
[ info ] [ HEADER ] array (
  'cookie' => 'Huiskin=default; think_var=zh-cn',
  'accept-language' => 'zh-CN,zh;q=0.8',
  'accept-encoding' => 'gzip, deflate, sdch',
  'user-agent' => 'Mozilla/5.0 (Windows NT 10.0; WOW64) AppleWebKit/537.36 (KHTML, like Gecko) Chrome/53.0.2785.104 Safari/537.36 Core/1.53.4355.400 QQBrowser/9.7.12672.400',
  'connection' => 'close',
  'host' => 'www.gxlm.com',
)
[ info ] [ PARAM ] array (
)
[ info ] [ LANG ] E:\www\htdocs\thinkphp\lang\zh-cn.php
[ info ] [ LOG ] INIT File

---------------------------------------------------------------
