[ 2018-02-09T09:43:54+08:00 ] 127.0.0.1 127.0.0.1 GET /favicon.ico
[ log ] www.gxlm.com/favicon.ico [运行时间：0.017597s][吞吐率：56.83req/s] [内存消耗：937.69kb] [文件加载：26]
[ info ] [ ROUTE ] array (
  'type' => 'module',
  'module' => 
  array (
    0 => 'favicon.ico',
    1 => NULL,
    2 => NULL,
  ),
)
[ info ] [ HEADER ] array (
  'cookie' => 'Huiskin=default',
  'accept-language' => 'zh-CN,zh;q=0.8',
  'accept-encoding' => 'gzip, deflate, sdch',
  'user-agent' => 'Mozilla/5.0 (Windows NT 10.0; WOW64) AppleWebKit/537.36 (KHTML, like Gecko) Chrome/53.0.2785.104 Safari/537.36 Core/1.53.4549.400 QQBrowser/9.7.12900.400',
  'connection' => 'close',
  'host' => 'www.gxlm.com',
)
[ info ] [ PARAM ] array (
)
[ info ] [ LANG ] E:\www\htdocs\thinkphp\lang\zh-cn.php
[ info ] [ LOG ] INIT File

---------------------------------------------------------------
[ 2018-02-09T09:43:56+08:00 ] 127.0.0.1 127.0.0.1 GET /favicon.ico
[ log ] www.gxlm.com/favicon.ico [运行时间：0.013999s][吞吐率：71.43req/s] [内存消耗：937.30kb] [文件加载：26]
[ info ] [ ROUTE ] array (
  'type' => 'module',
  'module' => 
  array (
    0 => 'favicon.ico',
    1 => NULL,
    2 => NULL,
  ),
)
[ info ] [ HEADER ] array (
  'cookie' => 'Huiskin=default; think_var=zh-cn',
  'accept-language' => 'zh-CN,zh;q=0.8',
  'accept-encoding' => 'gzip, deflate, sdch',
  'user-agent' => 'Mozilla/5.0 (Windows NT 10.0; WOW64) AppleWebKit/537.36 (KHTML, like Gecko) Chrome/53.0.2785.104 Safari/537.36 Core/1.53.4549.400 QQBrowser/9.7.12900.400',
  'connection' => 'close',
  'host' => 'www.gxlm.com',
)
[ info ] [ PARAM ] array (
)
[ info ] [ LANG ] E:\www\htdocs\thinkphp\lang\zh-cn.php
[ info ] [ LOG ] INIT File

---------------------------------------------------------------
[ 2018-02-09T09:49:27+08:00 ] 127.0.0.1 127.0.0.1 GET /favicon.ico
[ log ] www.gxlm.com/favicon.ico [运行时间：0.019330s][吞吐率：51.73req/s] [内存消耗：937.30kb] [文件加载：26]
[ info ] [ ROUTE ] array (
  'type' => 'module',
  'module' => 
  array (
    0 => 'favicon.ico',
    1 => NULL,
    2 => NULL,
  ),
)
[ info ] [ HEADER ] array (
  'cookie' => 'Huiskin=default; think_var=zh-cn',
  'accept-language' => 'zh-CN,zh;q=0.8',
  'accept-encoding' => 'gzip, deflate, sdch',
  'user-agent' => 'Mozilla/5.0 (Windows NT 10.0; WOW64) AppleWebKit/537.36 (KHTML, like Gecko) Chrome/53.0.2785.104 Safari/537.36 Core/1.53.4549.400 QQBrowser/9.7.12900.400',
  'connection' => 'close',
  'host' => 'www.gxlm.com',
)
[ info ] [ PARAM ] array (
)
[ info ] [ LANG ] E:\www\htdocs\thinkphp\lang\zh-cn.php
[ info ] [ LOG ] INIT File

---------------------------------------------------------------
[ 2018-02-09T09:49:30+08:00 ] 127.0.0.1 127.0.0.1 GET /favicon.ico
[ log ] www.gxlm.com/favicon.ico [运行时间：0.016701s][吞吐率：59.88req/s] [内存消耗：937.30kb] [文件加载：26]
[ info ] [ ROUTE ] array (
  'type' => 'module',
  'module' => 
  array (
    0 => 'favicon.ico',
    1 => NULL,
    2 => NULL,
  ),
)
[ info ] [ HEADER ] array (
  'cookie' => 'Huiskin=default; think_var=zh-cn',
  'accept-language' => 'zh-CN,zh;q=0.8',
  'accept-encoding' => 'gzip, deflate, sdch',
  'user-agent' => 'Mozilla/5.0 (Windows NT 10.0; WOW64) AppleWebKit/537.36 (KHTML, like Gecko) Chrome/53.0.2785.104 Safari/537.36 Core/1.53.4549.400 QQBrowser/9.7.12900.400',
  'connection' => 'close',
  'host' => 'www.gxlm.com',
)
[ info ] [ PARAM ] array (
)
[ info ] [ LANG ] E:\www\htdocs\thinkphp\lang\zh-cn.php
[ info ] [ LOG ] INIT File

---------------------------------------------------------------
[ 2018-02-09T09:49:32+08:00 ] 127.0.0.1 127.0.0.1 GET /favicon.ico
[ log ] www.gxlm.com/favicon.ico [运行时间：0.013058s][吞吐率：76.58req/s] [内存消耗：937.30kb] [文件加载：26]
[ info ] [ ROUTE ] array (
  'type' => 'module',
  'module' => 
  array (
    0 => 'favicon.ico',
    1 => NULL,
    2 => NULL,
  ),
)
[ info ] [ HEADER ] array (
  'cookie' => 'Huiskin=default; think_var=zh-cn',
  'accept-language' => 'zh-CN,zh;q=0.8',
  'accept-encoding' => 'gzip, deflate, sdch',
  'user-agent' => 'Mozilla/5.0 (Windows NT 10.0; WOW64) AppleWebKit/537.36 (KHTML, like Gecko) Chrome/53.0.2785.104 Safari/537.36 Core/1.53.4549.400 QQBrowser/9.7.12900.400',
  'connection' => 'close',
  'host' => 'www.gxlm.com',
)
[ info ] [ PARAM ] array (
)
[ info ] [ LANG ] E:\www\htdocs\thinkphp\lang\zh-cn.php
[ info ] [ LOG ] INIT File

---------------------------------------------------------------
[ 2018-02-09T09:49:54+08:00 ] 127.0.0.1 127.0.0.1 GET /favicon.ico
[ log ] www.gxlm.com/favicon.ico [运行时间：0.013779s][吞吐率：72.57req/s] [内存消耗：937.30kb] [文件加载：26]
[ info ] [ ROUTE ] array (
  'type' => 'module',
  'module' => 
  array (
    0 => 'favicon.ico',
    1 => NULL,
    2 => NULL,
  ),
)
[ info ] [ HEADER ] array (
  'cookie' => 'Huiskin=default; think_var=zh-cn',
  'accept-language' => 'zh-CN,zh;q=0.8',
  'accept-encoding' => 'gzip, deflate, sdch',
  'user-agent' => 'Mozilla/5.0 (Windows NT 10.0; WOW64) AppleWebKit/537.36 (KHTML, like Gecko) Chrome/53.0.2785.104 Safari/537.36 Core/1.53.4549.400 QQBrowser/9.7.12900.400',
  'connection' => 'close',
  'host' => 'www.gxlm.com',
)
[ info ] [ PARAM ] array (
)
[ info ] [ LANG ] E:\www\htdocs\thinkphp\lang\zh-cn.php
[ info ] [ LOG ] INIT File

---------------------------------------------------------------
[ 2018-02-09T09:50:00+08:00 ] 127.0.0.1 127.0.0.1 GET /favicon.ico
[ log ] www.gxlm.com/favicon.ico [运行时间：0.012547s][吞吐率：79.70req/s] [内存消耗：937.30kb] [文件加载：26]
[ info ] [ ROUTE ] array (
  'type' => 'module',
  'module' => 
  array (
    0 => 'favicon.ico',
    1 => NULL,
    2 => NULL,
  ),
)
[ info ] [ HEADER ] array (
  'cookie' => 'Huiskin=default; think_var=zh-cn',
  'accept-language' => 'zh-CN,zh;q=0.8',
  'accept-encoding' => 'gzip, deflate, sdch',
  'user-agent' => 'Mozilla/5.0 (Windows NT 10.0; WOW64) AppleWebKit/537.36 (KHTML, like Gecko) Chrome/53.0.2785.104 Safari/537.36 Core/1.53.4549.400 QQBrowser/9.7.12900.400',
  'connection' => 'close',
  'host' => 'www.gxlm.com',
)
[ info ] [ PARAM ] array (
)
[ info ] [ LANG ] E:\www\htdocs\thinkphp\lang\zh-cn.php
[ info ] [ LOG ] INIT File

---------------------------------------------------------------
[ 2018-02-09T11:18:16+08:00 ] 127.0.0.1 127.0.0.1 GET /favicon.ico
[ log ] www.gxlm.com/favicon.ico [运行时间：0.015489s][吞吐率：64.56req/s] [内存消耗：937.69kb] [文件加载：26]
[ info ] [ ROUTE ] array (
  'type' => 'module',
  'module' => 
  array (
    0 => 'favicon.ico',
    1 => NULL,
    2 => NULL,
  ),
)
[ info ] [ HEADER ] array (
  'cookie' => 'Huiskin=default',
  'accept-language' => 'zh-CN,zh;q=0.8',
  'accept-encoding' => 'gzip, deflate, sdch',
  'user-agent' => 'Mozilla/5.0 (Windows NT 10.0; WOW64) AppleWebKit/537.36 (KHTML, like Gecko) Chrome/53.0.2785.104 Safari/537.36 Core/1.53.4549.400 QQBrowser/9.7.12900.400',
  'connection' => 'close',
  'host' => 'www.gxlm.com',
)
[ info ] [ PARAM ] array (
)
[ info ] [ LANG ] E:\www\htdocs\thinkphp\lang\zh-cn.php
[ info ] [ LOG ] INIT File

---------------------------------------------------------------
[ 2018-02-09T11:18:26+08:00 ] 127.0.0.1 127.0.0.1 GET /favicon.ico
[ log ] www.gxlm.com/favicon.ico [运行时间：0.013332s][吞吐率：75.01req/s] [内存消耗：937.30kb] [文件加载：26]
[ info ] [ ROUTE ] array (
  'type' => 'module',
  'module' => 
  array (
    0 => 'favicon.ico',
    1 => NULL,
    2 => NULL,
  ),
)
[ info ] [ HEADER ] array (
  'cookie' => 'Huiskin=default; think_var=zh-cn',
  'accept-language' => 'zh-CN,zh;q=0.8',
  'accept-encoding' => 'gzip, deflate, sdch',
  'user-agent' => 'Mozilla/5.0 (Windows NT 10.0; WOW64) AppleWebKit/537.36 (KHTML, like Gecko) Chrome/53.0.2785.104 Safari/537.36 Core/1.53.4549.400 QQBrowser/9.7.12900.400',
  'connection' => 'close',
  'host' => 'www.gxlm.com',
)
[ info ] [ PARAM ] array (
)
[ info ] [ LANG ] E:\www\htdocs\thinkphp\lang\zh-cn.php
[ info ] [ LOG ] INIT File

---------------------------------------------------------------
[ 2018-02-09T11:34:23+08:00 ] 127.0.0.1 127.0.0.1 GET /favicon.ico
[ log ] www.gxlm.com/favicon.ico [运行时间：0.019265s][吞吐率：51.91req/s] [内存消耗：937.30kb] [文件加载：26]
[ info ] [ ROUTE ] array (
  'type' => 'module',
  'module' => 
  array (
    0 => 'favicon.ico',
    1 => NULL,
    2 => NULL,
  ),
)
[ info ] [ HEADER ] array (
  'cookie' => 'Huiskin=default; think_var=zh-cn',
  'accept-language' => 'zh-CN,zh;q=0.8',
  'accept-encoding' => 'gzip, deflate, sdch',
  'user-agent' => 'Mozilla/5.0 (Windows NT 10.0; WOW64) AppleWebKit/537.36 (KHTML, like Gecko) Chrome/53.0.2785.104 Safari/537.36 Core/1.53.4549.400 QQBrowser/9.7.12900.400',
  'connection' => 'close',
  'host' => 'www.gxlm.com',
)
[ info ] [ PARAM ] array (
)
[ info ] [ LANG ] E:\www\htdocs\thinkphp\lang\zh-cn.php
[ info ] [ LOG ] INIT File

---------------------------------------------------------------
[ 2018-02-09T11:34:34+08:00 ] 127.0.0.1 127.0.0.1 GET /favicon.ico
[ log ] www.gxlm.com/favicon.ico [运行时间：0.016685s][吞吐率：59.93req/s] [内存消耗：937.30kb] [文件加载：26]
[ info ] [ ROUTE ] array (
  'type' => 'module',
  'module' => 
  array (
    0 => 'favicon.ico',
    1 => NULL,
    2 => NULL,
  ),
)
[ info ] [ HEADER ] array (
  'cookie' => 'Huiskin=default; think_var=zh-cn',
  'accept-language' => 'zh-CN,zh;q=0.8',
  'accept-encoding' => 'gzip, deflate, sdch',
  'user-agent' => 'Mozilla/5.0 (Windows NT 10.0; WOW64) AppleWebKit/537.36 (KHTML, like Gecko) Chrome/53.0.2785.104 Safari/537.36 Core/1.53.4549.400 QQBrowser/9.7.12900.400',
  'connection' => 'close',
  'host' => 'www.gxlm.com',
)
[ info ] [ PARAM ] array (
)
[ info ] [ LANG ] E:\www\htdocs\thinkphp\lang\zh-cn.php
[ info ] [ LOG ] INIT File

---------------------------------------------------------------
[ 2018-02-09T11:36:43+08:00 ] 127.0.0.1 127.0.0.1 GET /favicon.ico
[ log ] www.gxlm.com/favicon.ico [运行时间：0.016996s][吞吐率：58.84req/s] [内存消耗：937.30kb] [文件加载：26]
[ info ] [ ROUTE ] array (
  'type' => 'module',
  'module' => 
  array (
    0 => 'favicon.ico',
    1 => NULL,
    2 => NULL,
  ),
)
[ info ] [ HEADER ] array (
  'cookie' => 'Huiskin=default; think_var=zh-cn',
  'accept-language' => 'zh-CN,zh;q=0.8',
  'accept-encoding' => 'gzip, deflate, sdch',
  'user-agent' => 'Mozilla/5.0 (Windows NT 10.0; WOW64) AppleWebKit/537.36 (KHTML, like Gecko) Chrome/53.0.2785.104 Safari/537.36 Core/1.53.4549.400 QQBrowser/9.7.12900.400',
  'connection' => 'close',
  'host' => 'www.gxlm.com',
)
[ info ] [ PARAM ] array (
)
[ info ] [ LANG ] E:\www\htdocs\thinkphp\lang\zh-cn.php
[ info ] [ LOG ] INIT File

---------------------------------------------------------------
[ 2018-02-09T13:39:40+08:00 ] 127.0.0.1 127.0.0.1 GET /favicon.ico
[ log ] www.gxlm.com/favicon.ico [运行时间：0.020820s][吞吐率：48.03req/s] [内存消耗：937.69kb] [文件加载：26]
[ info ] [ ROUTE ] array (
  'type' => 'module',
  'module' => 
  array (
    0 => 'favicon.ico',
    1 => NULL,
    2 => NULL,
  ),
)
[ info ] [ HEADER ] array (
  'cookie' => 'Huiskin=default',
  'accept-language' => 'zh-CN,zh;q=0.8',
  'accept-encoding' => 'gzip, deflate, sdch',
  'user-agent' => 'Mozilla/5.0 (Windows NT 10.0; WOW64) AppleWebKit/537.36 (KHTML, like Gecko) Chrome/53.0.2785.104 Safari/537.36 Core/1.53.4549.400 QQBrowser/9.7.12900.400',
  'connection' => 'close',
  'host' => 'www.gxlm.com',
)
[ info ] [ PARAM ] array (
)
[ info ] [ LANG ] E:\www\htdocs\thinkphp\lang\zh-cn.php
[ info ] [ LOG ] INIT File

---------------------------------------------------------------
[ 2018-02-09T13:39:43+08:00 ] 127.0.0.1 127.0.0.1 GET /favicon.ico
[ log ] www.gxlm.com/favicon.ico [运行时间：0.014646s][吞吐率：68.28req/s] [内存消耗：937.30kb] [文件加载：26]
[ info ] [ ROUTE ] array (
  'type' => 'module',
  'module' => 
  array (
    0 => 'favicon.ico',
    1 => NULL,
    2 => NULL,
  ),
)
[ info ] [ HEADER ] array (
  'cookie' => 'Huiskin=default; think_var=zh-cn',
  'accept-language' => 'zh-CN,zh;q=0.8',
  'accept-encoding' => 'gzip, deflate, sdch',
  'user-agent' => 'Mozilla/5.0 (Windows NT 10.0; WOW64) AppleWebKit/537.36 (KHTML, like Gecko) Chrome/53.0.2785.104 Safari/537.36 Core/1.53.4549.400 QQBrowser/9.7.12900.400',
  'connection' => 'close',
  'host' => 'www.gxlm.com',
)
[ info ] [ PARAM ] array (
)
[ info ] [ LANG ] E:\www\htdocs\thinkphp\lang\zh-cn.php
[ info ] [ LOG ] INIT File

---------------------------------------------------------------
[ 2018-02-09T13:39:43+08:00 ] 127.0.0.1 127.0.0.1 GET /favicon.ico
[ log ] www.gxlm.com/favicon.ico [运行时间：0.014357s][吞吐率：69.65req/s] [内存消耗：937.30kb] [文件加载：26]
[ info ] [ ROUTE ] array (
  'type' => 'module',
  'module' => 
  array (
    0 => 'favicon.ico',
    1 => NULL,
    2 => NULL,
  ),
)
[ info ] [ HEADER ] array (
  'cookie' => 'Huiskin=default; think_var=zh-cn',
  'accept-language' => 'zh-CN,zh;q=0.8',
  'accept-encoding' => 'gzip, deflate, sdch',
  'user-agent' => 'Mozilla/5.0 (Windows NT 10.0; WOW64) AppleWebKit/537.36 (KHTML, like Gecko) Chrome/53.0.2785.104 Safari/537.36 Core/1.53.4549.400 QQBrowser/9.7.12900.400',
  'connection' => 'close',
  'host' => 'www.gxlm.com',
)
[ info ] [ PARAM ] array (
)
[ info ] [ LANG ] E:\www\htdocs\thinkphp\lang\zh-cn.php
[ info ] [ LOG ] INIT File

---------------------------------------------------------------
[ 2018-02-09T13:39:43+08:00 ] 127.0.0.1 127.0.0.1 GET /favicon.ico
[ log ] www.gxlm.com/favicon.ico [运行时间：0.012221s][吞吐率：81.83req/s] [内存消耗：937.30kb] [文件加载：26]
[ info ] [ ROUTE ] array (
  'type' => 'module',
  'module' => 
  array (
    0 => 'favicon.ico',
    1 => NULL,
    2 => NULL,
  ),
)
[ info ] [ HEADER ] array (
  'cookie' => 'Huiskin=default; think_var=zh-cn',
  'accept-language' => 'zh-CN,zh;q=0.8',
  'accept-encoding' => 'gzip, deflate, sdch',
  'user-agent' => 'Mozilla/5.0 (Windows NT 10.0; WOW64) AppleWebKit/537.36 (KHTML, like Gecko) Chrome/53.0.2785.104 Safari/537.36 Core/1.53.4549.400 QQBrowser/9.7.12900.400',
  'connection' => 'close',
  'host' => 'www.gxlm.com',
)
[ info ] [ PARAM ] array (
)
[ info ] [ LANG ] E:\www\htdocs\thinkphp\lang\zh-cn.php
[ info ] [ LOG ] INIT File

---------------------------------------------------------------
[ 2018-02-09T13:39:43+08:00 ] 127.0.0.1 127.0.0.1 GET /favicon.ico
[ log ] www.gxlm.com/favicon.ico [运行时间：0.012888s][吞吐率：77.59req/s] [内存消耗：937.30kb] [文件加载：26]
[ info ] [ ROUTE ] array (
  'type' => 'module',
  'module' => 
  array (
    0 => 'favicon.ico',
    1 => NULL,
    2 => NULL,
  ),
)
[ info ] [ HEADER ] array (
  'cookie' => 'Huiskin=default; think_var=zh-cn',
  'accept-language' => 'zh-CN,zh;q=0.8',
  'accept-encoding' => 'gzip, deflate, sdch',
  'user-agent' => 'Mozilla/5.0 (Windows NT 10.0; WOW64) AppleWebKit/537.36 (KHTML, like Gecko) Chrome/53.0.2785.104 Safari/537.36 Core/1.53.4549.400 QQBrowser/9.7.12900.400',
  'connection' => 'close',
  'host' => 'www.gxlm.com',
)
[ info ] [ PARAM ] array (
)
[ info ] [ LANG ] E:\www\htdocs\thinkphp\lang\zh-cn.php
[ info ] [ LOG ] INIT File

---------------------------------------------------------------
[ 2018-02-09T13:39:43+08:00 ] 127.0.0.1 127.0.0.1 GET /favicon.ico
[ log ] www.gxlm.com/favicon.ico [运行时间：0.012350s][吞吐率：80.97req/s] [内存消耗：937.30kb] [文件加载：26]
[ info ] [ ROUTE ] array (
  'type' => 'module',
  'module' => 
  array (
    0 => 'favicon.ico',
    1 => NULL,
    2 => NULL,
  ),
)
[ info ] [ HEADER ] array (
  'cookie' => 'Huiskin=default; think_var=zh-cn',
  'accept-language' => 'zh-CN,zh;q=0.8',
  'accept-encoding' => 'gzip, deflate, sdch',
  'user-agent' => 'Mozilla/5.0 (Windows NT 10.0; WOW64) AppleWebKit/537.36 (KHTML, like Gecko) Chrome/53.0.2785.104 Safari/537.36 Core/1.53.4549.400 QQBrowser/9.7.12900.400',
  'connection' => 'close',
  'host' => 'www.gxlm.com',
)
[ info ] [ PARAM ] array (
)
[ info ] [ LANG ] E:\www\htdocs\thinkphp\lang\zh-cn.php
[ info ] [ LOG ] INIT File

---------------------------------------------------------------
[ 2018-02-09T13:39:50+08:00 ] 127.0.0.1 127.0.0.1 GET /favicon.ico
[ log ] www.gxlm.com/favicon.ico [运行时间：0.017116s][吞吐率：58.43req/s] [内存消耗：937.30kb] [文件加载：26]
[ info ] [ ROUTE ] array (
  'type' => 'module',
  'module' => 
  array (
    0 => 'favicon.ico',
    1 => NULL,
    2 => NULL,
  ),
)
[ info ] [ HEADER ] array (
  'cookie' => 'Huiskin=default; think_var=zh-cn',
  'accept-language' => 'zh-CN,zh;q=0.8',
  'accept-encoding' => 'gzip, deflate, sdch',
  'user-agent' => 'Mozilla/5.0 (Windows NT 10.0; WOW64) AppleWebKit/537.36 (KHTML, like Gecko) Chrome/53.0.2785.104 Safari/537.36 Core/1.53.4549.400 QQBrowser/9.7.12900.400',
  'connection' => 'close',
  'host' => 'www.gxlm.com',
)
[ info ] [ PARAM ] array (
)
[ info ] [ LANG ] E:\www\htdocs\thinkphp\lang\zh-cn.php
[ info ] [ LOG ] INIT File

---------------------------------------------------------------
[ 2018-02-09T16:01:21+08:00 ] 127.0.0.1 127.0.0.1 GET /favicon.ico
[ log ] www.gxlm.com/favicon.ico [运行时间：0.018210s][吞吐率：54.92req/s] [内存消耗：937.69kb] [文件加载：26]
[ info ] [ ROUTE ] array (
  'type' => 'module',
  'module' => 
  array (
    0 => 'favicon.ico',
    1 => NULL,
    2 => NULL,
  ),
)
[ info ] [ HEADER ] array (
  'cookie' => 'Huiskin=default',
  'accept-language' => 'zh-CN,zh;q=0.8',
  'accept-encoding' => 'gzip, deflate, sdch',
  'user-agent' => 'Mozilla/5.0 (Windows NT 10.0; WOW64) AppleWebKit/537.36 (KHTML, like Gecko) Chrome/53.0.2785.104 Safari/537.36 Core/1.53.4549.400 QQBrowser/9.7.12900.400',
  'connection' => 'close',
  'host' => 'www.gxlm.com',
)
[ info ] [ PARAM ] array (
)
[ info ] [ LANG ] E:\www\htdocs\thinkphp\lang\zh-cn.php
[ info ] [ LOG ] INIT File

---------------------------------------------------------------
[ 2018-02-09T16:01:23+08:00 ] 127.0.0.1 127.0.0.1 GET /favicon.ico
[ log ] www.gxlm.com/favicon.ico [运行时间：0.017743s][吞吐率：56.36req/s] [内存消耗：937.30kb] [文件加载：26]
[ info ] [ ROUTE ] array (
  'type' => 'module',
  'module' => 
  array (
    0 => 'favicon.ico',
    1 => NULL,
    2 => NULL,
  ),
)
[ info ] [ HEADER ] array (
  'cookie' => 'Huiskin=default; think_var=zh-cn',
  'accept-language' => 'zh-CN,zh;q=0.8',
  'accept-encoding' => 'gzip, deflate, sdch',
  'user-agent' => 'Mozilla/5.0 (Windows NT 10.0; WOW64) AppleWebKit/537.36 (KHTML, like Gecko) Chrome/53.0.2785.104 Safari/537.36 Core/1.53.4549.400 QQBrowser/9.7.12900.400',
  'connection' => 'close',
  'host' => 'www.gxlm.com',
)
[ info ] [ PARAM ] array (
)
[ info ] [ LANG ] E:\www\htdocs\thinkphp\lang\zh-cn.php
[ info ] [ LOG ] INIT File

---------------------------------------------------------------
[ 2018-02-09T16:01:26+08:00 ] 127.0.0.1 127.0.0.1 GET /favicon.ico
[ log ] www.gxlm.com/favicon.ico [运行时间：0.020998s][吞吐率：47.62req/s] [内存消耗：937.30kb] [文件加载：26]
[ info ] [ ROUTE ] array (
  'type' => 'module',
  'module' => 
  array (
    0 => 'favicon.ico',
    1 => NULL,
    2 => NULL,
  ),
)
[ info ] [ HEADER ] array (
  'cookie' => 'Huiskin=default; think_var=zh-cn',
  'accept-language' => 'zh-CN,zh;q=0.8',
  'accept-encoding' => 'gzip, deflate, sdch',
  'user-agent' => 'Mozilla/5.0 (Windows NT 10.0; WOW64) AppleWebKit/537.36 (KHTML, like Gecko) Chrome/53.0.2785.104 Safari/537.36 Core/1.53.4549.400 QQBrowser/9.7.12900.400',
  'connection' => 'close',
  'host' => 'www.gxlm.com',
)
[ info ] [ PARAM ] array (
)
[ info ] [ LANG ] E:\www\htdocs\thinkphp\lang\zh-cn.php
[ info ] [ LOG ] INIT File

---------------------------------------------------------------
[ 2018-02-09T16:55:28+08:00 ] 127.0.0.1 127.0.0.1 GET /favicon.ico
[ log ] www.gxlm.com/favicon.ico [运行时间：0.016407s][吞吐率：60.95req/s] [内存消耗：937.30kb] [文件加载：26]
[ info ] [ ROUTE ] array (
  'type' => 'module',
  'module' => 
  array (
    0 => 'favicon.ico',
    1 => NULL,
    2 => NULL,
  ),
)
[ info ] [ HEADER ] array (
  'cookie' => 'Huiskin=default; think_var=zh-cn',
  'accept-language' => 'zh-CN,zh;q=0.8',
  'accept-encoding' => 'gzip, deflate, sdch',
  'user-agent' => 'Mozilla/5.0 (Windows NT 10.0; WOW64) AppleWebKit/537.36 (KHTML, like Gecko) Chrome/53.0.2785.104 Safari/537.36 Core/1.53.4549.400 QQBrowser/9.7.12900.400',
  'connection' => 'close',
  'host' => 'www.gxlm.com',
)
[ info ] [ PARAM ] array (
)
[ info ] [ LANG ] E:\www\htdocs\thinkphp\lang\zh-cn.php
[ info ] [ LOG ] INIT File

---------------------------------------------------------------
