[ 2018-02-24T23:01:40+08:00 ] 127.0.0.1 127.0.0.1 GET /favicon.ico
[ log ] www.gxlm.com/favicon.ico [运行时间：0.019909s][吞吐率：50.23req/s] [内存消耗：937.17kb] [文件加载：26]
[ info ] [ ROUTE ] array (
  'type' => 'module',
  'module' => 
  array (
    0 => 'favicon.ico',
    1 => NULL,
    2 => NULL,
  ),
)
[ info ] [ HEADER ] array (
  'accept-language' => 'zh-CN,zh;q=0.8',
  'accept-encoding' => 'gzip, deflate, sdch',
  'user-agent' => 'Mozilla/5.0 (Windows NT 10.0; WOW64) AppleWebKit/537.36 (KHTML, like Gecko) Chrome/53.0.2785.104 Safari/537.36 Core/1.53.4549.400 QQBrowser/9.7.12900.400',
  'connection' => 'close',
  'host' => 'www.gxlm.com',
)
[ info ] [ PARAM ] array (
)
[ info ] [ LANG ] E:\www\gxlm\thinkphp\lang\zh-cn.php
[ info ] [ LOG ] INIT File

---------------------------------------------------------------
[ 2018-02-24T23:01:41+08:00 ] 127.0.0.1 127.0.0.1 GET /favicon.ico
[ log ] www.gxlm.com/favicon.ico [运行时间：0.029762s][吞吐率：33.60req/s] [内存消耗：936.88kb] [文件加载：26]
[ info ] [ ROUTE ] array (
  'type' => 'module',
  'module' => 
  array (
    0 => 'favicon.ico',
    1 => NULL,
    2 => NULL,
  ),
)
[ info ] [ HEADER ] array (
  'cookie' => 'think_var=zh-cn',
  'accept-language' => 'zh-CN,zh;q=0.8',
  'accept-encoding' => 'gzip, deflate, sdch',
  'user-agent' => 'Mozilla/5.0 (Windows NT 10.0; WOW64) AppleWebKit/537.36 (KHTML, like Gecko) Chrome/53.0.2785.104 Safari/537.36 Core/1.53.4549.400 QQBrowser/9.7.12900.400',
  'connection' => 'close',
  'host' => 'www.gxlm.com',
)
[ info ] [ PARAM ] array (
)
[ info ] [ LANG ] E:\www\gxlm\thinkphp\lang\zh-cn.php
[ info ] [ LOG ] INIT File

---------------------------------------------------------------
[ 2018-02-24T23:01:41+08:00 ] 127.0.0.1 127.0.0.1 GET /favicon.ico
[ log ] www.gxlm.com/favicon.ico [运行时间：0.012509s][吞吐率：79.94req/s] [内存消耗：936.88kb] [文件加载：26]
[ info ] [ ROUTE ] array (
  'type' => 'module',
  'module' => 
  array (
    0 => 'favicon.ico',
    1 => NULL,
    2 => NULL,
  ),
)
[ info ] [ HEADER ] array (
  'cookie' => 'think_var=zh-cn',
  'accept-language' => 'zh-CN,zh;q=0.8',
  'accept-encoding' => 'gzip, deflate, sdch',
  'user-agent' => 'Mozilla/5.0 (Windows NT 10.0; WOW64) AppleWebKit/537.36 (KHTML, like Gecko) Chrome/53.0.2785.104 Safari/537.36 Core/1.53.4549.400 QQBrowser/9.7.12900.400',
  'connection' => 'close',
  'host' => 'www.gxlm.com',
)
[ info ] [ PARAM ] array (
)
[ info ] [ LANG ] E:\www\gxlm\thinkphp\lang\zh-cn.php
[ info ] [ LOG ] INIT File

---------------------------------------------------------------
[ 2018-02-24T23:01:41+08:00 ] 127.0.0.1 127.0.0.1 GET /favicon.ico
[ log ] www.gxlm.com/favicon.ico [运行时间：0.020223s][吞吐率：49.45req/s] [内存消耗：936.88kb] [文件加载：26]
[ info ] [ ROUTE ] array (
  'type' => 'module',
  'module' => 
  array (
    0 => 'favicon.ico',
    1 => NULL,
    2 => NULL,
  ),
)
[ info ] [ HEADER ] array (
  'cookie' => 'think_var=zh-cn',
  'accept-language' => 'zh-CN,zh;q=0.8',
  'accept-encoding' => 'gzip, deflate, sdch',
  'user-agent' => 'Mozilla/5.0 (Windows NT 10.0; WOW64) AppleWebKit/537.36 (KHTML, like Gecko) Chrome/53.0.2785.104 Safari/537.36 Core/1.53.4549.400 QQBrowser/9.7.12900.400',
  'connection' => 'close',
  'host' => 'www.gxlm.com',
)
[ info ] [ PARAM ] array (
)
[ info ] [ LANG ] E:\www\gxlm\thinkphp\lang\zh-cn.php
[ info ] [ LOG ] INIT File

---------------------------------------------------------------
[ 2018-02-24T23:01:41+08:00 ] 127.0.0.1 127.0.0.1 GET /favicon.ico
[ log ] www.gxlm.com/favicon.ico [运行时间：0.033913s][吞吐率：29.49req/s] [内存消耗：936.88kb] [文件加载：26]
[ info ] [ ROUTE ] array (
  'type' => 'module',
  'module' => 
  array (
    0 => 'favicon.ico',
    1 => NULL,
    2 => NULL,
  ),
)
[ info ] [ HEADER ] array (
  'cookie' => 'think_var=zh-cn',
  'accept-language' => 'zh-CN,zh;q=0.8',
  'accept-encoding' => 'gzip, deflate, sdch',
  'user-agent' => 'Mozilla/5.0 (Windows NT 10.0; WOW64) AppleWebKit/537.36 (KHTML, like Gecko) Chrome/53.0.2785.104 Safari/537.36 Core/1.53.4549.400 QQBrowser/9.7.12900.400',
  'connection' => 'close',
  'host' => 'www.gxlm.com',
)
[ info ] [ PARAM ] array (
)
[ info ] [ LANG ] E:\www\gxlm\thinkphp\lang\zh-cn.php
[ info ] [ LOG ] INIT File

---------------------------------------------------------------
[ 2018-02-24T23:01:41+08:00 ] 127.0.0.1 127.0.0.1 GET /favicon.ico
[ log ] www.gxlm.com/favicon.ico [运行时间：0.027451s][吞吐率：36.43req/s] [内存消耗：936.88kb] [文件加载：26]
[ info ] [ ROUTE ] array (
  'type' => 'module',
  'module' => 
  array (
    0 => 'favicon.ico',
    1 => NULL,
    2 => NULL,
  ),
)
[ info ] [ HEADER ] array (
  'cookie' => 'think_var=zh-cn',
  'accept-language' => 'zh-CN,zh;q=0.8',
  'accept-encoding' => 'gzip, deflate, sdch',
  'user-agent' => 'Mozilla/5.0 (Windows NT 10.0; WOW64) AppleWebKit/537.36 (KHTML, like Gecko) Chrome/53.0.2785.104 Safari/537.36 Core/1.53.4549.400 QQBrowser/9.7.12900.400',
  'connection' => 'close',
  'host' => 'www.gxlm.com',
)
[ info ] [ PARAM ] array (
)
[ info ] [ LANG ] E:\www\gxlm\thinkphp\lang\zh-cn.php
[ info ] [ LOG ] INIT File

---------------------------------------------------------------
[ 2018-02-24T23:01:41+08:00 ] 127.0.0.1 127.0.0.1 GET /favicon.ico
[ log ] www.gxlm.com/favicon.ico [运行时间：0.011055s][吞吐率：90.46req/s] [内存消耗：936.88kb] [文件加载：26]
[ info ] [ ROUTE ] array (
  'type' => 'module',
  'module' => 
  array (
    0 => 'favicon.ico',
    1 => NULL,
    2 => NULL,
  ),
)
[ info ] [ HEADER ] array (
  'cookie' => 'think_var=zh-cn',
  'accept-language' => 'zh-CN,zh;q=0.8',
  'accept-encoding' => 'gzip, deflate, sdch',
  'user-agent' => 'Mozilla/5.0 (Windows NT 10.0; WOW64) AppleWebKit/537.36 (KHTML, like Gecko) Chrome/53.0.2785.104 Safari/537.36 Core/1.53.4549.400 QQBrowser/9.7.12900.400',
  'connection' => 'close',
  'host' => 'www.gxlm.com',
)
[ info ] [ PARAM ] array (
)
[ info ] [ LANG ] E:\www\gxlm\thinkphp\lang\zh-cn.php
[ info ] [ LOG ] INIT File

---------------------------------------------------------------
[ 2018-02-24T23:01:42+08:00 ] 127.0.0.1 127.0.0.1 GET /favicon.ico
[ log ] www.gxlm.com/favicon.ico [运行时间：0.031298s][吞吐率：31.95req/s] [内存消耗：936.88kb] [文件加载：26]
[ info ] [ ROUTE ] array (
  'type' => 'module',
  'module' => 
  array (
    0 => 'favicon.ico',
    1 => NULL,
    2 => NULL,
  ),
)
[ info ] [ HEADER ] array (
  'cookie' => 'think_var=zh-cn',
  'accept-language' => 'zh-CN,zh;q=0.8',
  'accept-encoding' => 'gzip, deflate, sdch',
  'user-agent' => 'Mozilla/5.0 (Windows NT 10.0; WOW64) AppleWebKit/537.36 (KHTML, like Gecko) Chrome/53.0.2785.104 Safari/537.36 Core/1.53.4549.400 QQBrowser/9.7.12900.400',
  'connection' => 'close',
  'host' => 'www.gxlm.com',
)
[ info ] [ PARAM ] array (
)
[ info ] [ LANG ] E:\www\gxlm\thinkphp\lang\zh-cn.php
[ info ] [ LOG ] INIT File

---------------------------------------------------------------
[ 2018-02-24T23:01:42+08:00 ] 127.0.0.1 127.0.0.1 GET /favicon.ico
[ log ] www.gxlm.com/favicon.ico [运行时间：0.042597s][吞吐率：23.48req/s] [内存消耗：936.88kb] [文件加载：26]
[ info ] [ ROUTE ] array (
  'type' => 'module',
  'module' => 
  array (
    0 => 'favicon.ico',
    1 => NULL,
    2 => NULL,
  ),
)
[ info ] [ HEADER ] array (
  'cookie' => 'think_var=zh-cn',
  'accept-language' => 'zh-CN,zh;q=0.8',
  'accept-encoding' => 'gzip, deflate, sdch',
  'user-agent' => 'Mozilla/5.0 (Windows NT 10.0; WOW64) AppleWebKit/537.36 (KHTML, like Gecko) Chrome/53.0.2785.104 Safari/537.36 Core/1.53.4549.400 QQBrowser/9.7.12900.400',
  'connection' => 'close',
  'host' => 'www.gxlm.com',
)
[ info ] [ PARAM ] array (
)
[ info ] [ LANG ] E:\www\gxlm\thinkphp\lang\zh-cn.php
[ info ] [ LOG ] INIT File

---------------------------------------------------------------
[ 2018-02-24T23:01:42+08:00 ] 127.0.0.1 127.0.0.1 GET /favicon.ico
[ log ] www.gxlm.com/favicon.ico [运行时间：0.016116s][吞吐率：62.05req/s] [内存消耗：936.88kb] [文件加载：26]
[ info ] [ ROUTE ] array (
  'type' => 'module',
  'module' => 
  array (
    0 => 'favicon.ico',
    1 => NULL,
    2 => NULL,
  ),
)
[ info ] [ HEADER ] array (
  'cookie' => 'think_var=zh-cn',
  'accept-language' => 'zh-CN,zh;q=0.8',
  'accept-encoding' => 'gzip, deflate, sdch',
  'user-agent' => 'Mozilla/5.0 (Windows NT 10.0; WOW64) AppleWebKit/537.36 (KHTML, like Gecko) Chrome/53.0.2785.104 Safari/537.36 Core/1.53.4549.400 QQBrowser/9.7.12900.400',
  'connection' => 'close',
  'host' => 'www.gxlm.com',
)
[ info ] [ PARAM ] array (
)
[ info ] [ LANG ] E:\www\gxlm\thinkphp\lang\zh-cn.php
[ info ] [ LOG ] INIT File

---------------------------------------------------------------
[ 2018-02-24T23:01:42+08:00 ] 127.0.0.1 127.0.0.1 GET /favicon.ico
[ log ] www.gxlm.com/favicon.ico [运行时间：0.014699s][吞吐率：68.03req/s] [内存消耗：936.88kb] [文件加载：26]
[ info ] [ ROUTE ] array (
  'type' => 'module',
  'module' => 
  array (
    0 => 'favicon.ico',
    1 => NULL,
    2 => NULL,
  ),
)
[ info ] [ HEADER ] array (
  'cookie' => 'think_var=zh-cn',
  'accept-language' => 'zh-CN,zh;q=0.8',
  'accept-encoding' => 'gzip, deflate, sdch',
  'user-agent' => 'Mozilla/5.0 (Windows NT 10.0; WOW64) AppleWebKit/537.36 (KHTML, like Gecko) Chrome/53.0.2785.104 Safari/537.36 Core/1.53.4549.400 QQBrowser/9.7.12900.400',
  'connection' => 'close',
  'host' => 'www.gxlm.com',
)
[ info ] [ PARAM ] array (
)
[ info ] [ LANG ] E:\www\gxlm\thinkphp\lang\zh-cn.php
[ info ] [ LOG ] INIT File

---------------------------------------------------------------
[ 2018-02-24T23:01:42+08:00 ] 127.0.0.1 127.0.0.1 GET /favicon.ico
[ log ] www.gxlm.com/favicon.ico [运行时间：0.026800s][吞吐率：37.31req/s] [内存消耗：936.88kb] [文件加载：26]
[ info ] [ ROUTE ] array (
  'type' => 'module',
  'module' => 
  array (
    0 => 'favicon.ico',
    1 => NULL,
    2 => NULL,
  ),
)
[ info ] [ HEADER ] array (
  'cookie' => 'think_var=zh-cn',
  'accept-language' => 'zh-CN,zh;q=0.8',
  'accept-encoding' => 'gzip, deflate, sdch',
  'user-agent' => 'Mozilla/5.0 (Windows NT 10.0; WOW64) AppleWebKit/537.36 (KHTML, like Gecko) Chrome/53.0.2785.104 Safari/537.36 Core/1.53.4549.400 QQBrowser/9.7.12900.400',
  'connection' => 'close',
  'host' => 'www.gxlm.com',
)
[ info ] [ PARAM ] array (
)
[ info ] [ LANG ] E:\www\gxlm\thinkphp\lang\zh-cn.php
[ info ] [ LOG ] INIT File

---------------------------------------------------------------
[ 2018-02-24T23:01:42+08:00 ] 127.0.0.1 127.0.0.1 GET /favicon.ico
[ log ] www.gxlm.com/favicon.ico [运行时间：0.021130s][吞吐率：47.33req/s] [内存消耗：936.88kb] [文件加载：26]
[ info ] [ ROUTE ] array (
  'type' => 'module',
  'module' => 
  array (
    0 => 'favicon.ico',
    1 => NULL,
    2 => NULL,
  ),
)
[ info ] [ HEADER ] array (
  'cookie' => 'think_var=zh-cn',
  'accept-language' => 'zh-CN,zh;q=0.8',
  'accept-encoding' => 'gzip, deflate, sdch',
  'user-agent' => 'Mozilla/5.0 (Windows NT 10.0; WOW64) AppleWebKit/537.36 (KHTML, like Gecko) Chrome/53.0.2785.104 Safari/537.36 Core/1.53.4549.400 QQBrowser/9.7.12900.400',
  'connection' => 'close',
  'host' => 'www.gxlm.com',
)
[ info ] [ PARAM ] array (
)
[ info ] [ LANG ] E:\www\gxlm\thinkphp\lang\zh-cn.php
[ info ] [ LOG ] INIT File

---------------------------------------------------------------
[ 2018-02-24T23:01:43+08:00 ] 127.0.0.1 127.0.0.1 GET /favicon.ico
[ log ] www.gxlm.com/favicon.ico [运行时间：0.030377s][吞吐率：32.92req/s] [内存消耗：936.88kb] [文件加载：26]
[ info ] [ ROUTE ] array (
  'type' => 'module',
  'module' => 
  array (
    0 => 'favicon.ico',
    1 => NULL,
    2 => NULL,
  ),
)
[ info ] [ HEADER ] array (
  'cookie' => 'think_var=zh-cn',
  'accept-language' => 'zh-CN,zh;q=0.8',
  'accept-encoding' => 'gzip, deflate, sdch',
  'user-agent' => 'Mozilla/5.0 (Windows NT 10.0; WOW64) AppleWebKit/537.36 (KHTML, like Gecko) Chrome/53.0.2785.104 Safari/537.36 Core/1.53.4549.400 QQBrowser/9.7.12900.400',
  'connection' => 'close',
  'host' => 'www.gxlm.com',
)
[ info ] [ PARAM ] array (
)
[ info ] [ LANG ] E:\www\gxlm\thinkphp\lang\zh-cn.php
[ info ] [ LOG ] INIT File

---------------------------------------------------------------
[ 2018-02-24T23:01:43+08:00 ] 127.0.0.1 127.0.0.1 GET /favicon.ico
[ log ] www.gxlm.com/favicon.ico [运行时间：0.017931s][吞吐率：55.77req/s] [内存消耗：936.88kb] [文件加载：26]
[ info ] [ ROUTE ] array (
  'type' => 'module',
  'module' => 
  array (
    0 => 'favicon.ico',
    1 => NULL,
    2 => NULL,
  ),
)
[ info ] [ HEADER ] array (
  'cookie' => 'think_var=zh-cn',
  'accept-language' => 'zh-CN,zh;q=0.8',
  'accept-encoding' => 'gzip, deflate, sdch',
  'user-agent' => 'Mozilla/5.0 (Windows NT 10.0; WOW64) AppleWebKit/537.36 (KHTML, like Gecko) Chrome/53.0.2785.104 Safari/537.36 Core/1.53.4549.400 QQBrowser/9.7.12900.400',
  'connection' => 'close',
  'host' => 'www.gxlm.com',
)
[ info ] [ PARAM ] array (
)
[ info ] [ LANG ] E:\www\gxlm\thinkphp\lang\zh-cn.php
[ info ] [ LOG ] INIT File

---------------------------------------------------------------
[ 2018-02-24T23:01:43+08:00 ] 127.0.0.1 127.0.0.1 GET /favicon.ico
[ log ] www.gxlm.com/favicon.ico [运行时间：0.011719s][吞吐率：85.33req/s] [内存消耗：936.88kb] [文件加载：26]
[ info ] [ ROUTE ] array (
  'type' => 'module',
  'module' => 
  array (
    0 => 'favicon.ico',
    1 => NULL,
    2 => NULL,
  ),
)
[ info ] [ HEADER ] array (
  'cookie' => 'think_var=zh-cn',
  'accept-language' => 'zh-CN,zh;q=0.8',
  'accept-encoding' => 'gzip, deflate, sdch',
  'user-agent' => 'Mozilla/5.0 (Windows NT 10.0; WOW64) AppleWebKit/537.36 (KHTML, like Gecko) Chrome/53.0.2785.104 Safari/537.36 Core/1.53.4549.400 QQBrowser/9.7.12900.400',
  'connection' => 'close',
  'host' => 'www.gxlm.com',
)
[ info ] [ PARAM ] array (
)
[ info ] [ LANG ] E:\www\gxlm\thinkphp\lang\zh-cn.php
[ info ] [ LOG ] INIT File

---------------------------------------------------------------
[ 2018-02-24T23:01:43+08:00 ] 127.0.0.1 127.0.0.1 GET /favicon.ico
[ log ] www.gxlm.com/favicon.ico [运行时间：0.010736s][吞吐率：93.14req/s] [内存消耗：936.88kb] [文件加载：26]
[ info ] [ ROUTE ] array (
  'type' => 'module',
  'module' => 
  array (
    0 => 'favicon.ico',
    1 => NULL,
    2 => NULL,
  ),
)
[ info ] [ HEADER ] array (
  'cookie' => 'think_var=zh-cn',
  'accept-language' => 'zh-CN,zh;q=0.8',
  'accept-encoding' => 'gzip, deflate, sdch',
  'user-agent' => 'Mozilla/5.0 (Windows NT 10.0; WOW64) AppleWebKit/537.36 (KHTML, like Gecko) Chrome/53.0.2785.104 Safari/537.36 Core/1.53.4549.400 QQBrowser/9.7.12900.400',
  'connection' => 'close',
  'host' => 'www.gxlm.com',
)
[ info ] [ PARAM ] array (
)
[ info ] [ LANG ] E:\www\gxlm\thinkphp\lang\zh-cn.php
[ info ] [ LOG ] INIT File

---------------------------------------------------------------
[ 2018-02-24T23:01:43+08:00 ] 127.0.0.1 127.0.0.1 GET /favicon.ico
[ log ] www.gxlm.com/favicon.ico [运行时间：0.011020s][吞吐率：90.74req/s] [内存消耗：936.88kb] [文件加载：26]
[ info ] [ ROUTE ] array (
  'type' => 'module',
  'module' => 
  array (
    0 => 'favicon.ico',
    1 => NULL,
    2 => NULL,
  ),
)
[ info ] [ HEADER ] array (
  'cookie' => 'think_var=zh-cn',
  'accept-language' => 'zh-CN,zh;q=0.8',
  'accept-encoding' => 'gzip, deflate, sdch',
  'user-agent' => 'Mozilla/5.0 (Windows NT 10.0; WOW64) AppleWebKit/537.36 (KHTML, like Gecko) Chrome/53.0.2785.104 Safari/537.36 Core/1.53.4549.400 QQBrowser/9.7.12900.400',
  'connection' => 'close',
  'host' => 'www.gxlm.com',
)
[ info ] [ PARAM ] array (
)
[ info ] [ LANG ] E:\www\gxlm\thinkphp\lang\zh-cn.php
[ info ] [ LOG ] INIT File

---------------------------------------------------------------
[ 2018-02-24T23:01:43+08:00 ] 127.0.0.1 127.0.0.1 GET /favicon.ico
[ log ] www.gxlm.com/favicon.ico [运行时间：0.012256s][吞吐率：81.59req/s] [内存消耗：936.88kb] [文件加载：26]
[ info ] [ ROUTE ] array (
  'type' => 'module',
  'module' => 
  array (
    0 => 'favicon.ico',
    1 => NULL,
    2 => NULL,
  ),
)
[ info ] [ HEADER ] array (
  'cookie' => 'think_var=zh-cn',
  'accept-language' => 'zh-CN,zh;q=0.8',
  'accept-encoding' => 'gzip, deflate, sdch',
  'user-agent' => 'Mozilla/5.0 (Windows NT 10.0; WOW64) AppleWebKit/537.36 (KHTML, like Gecko) Chrome/53.0.2785.104 Safari/537.36 Core/1.53.4549.400 QQBrowser/9.7.12900.400',
  'connection' => 'close',
  'host' => 'www.gxlm.com',
)
[ info ] [ PARAM ] array (
)
[ info ] [ LANG ] E:\www\gxlm\thinkphp\lang\zh-cn.php
[ info ] [ LOG ] INIT File

---------------------------------------------------------------
[ 2018-02-24T23:01:43+08:00 ] 127.0.0.1 127.0.0.1 GET /favicon.ico
[ log ] www.gxlm.com/favicon.ico [运行时间：0.011424s][吞吐率：87.53req/s] [内存消耗：936.88kb] [文件加载：26]
[ info ] [ ROUTE ] array (
  'type' => 'module',
  'module' => 
  array (
    0 => 'favicon.ico',
    1 => NULL,
    2 => NULL,
  ),
)
[ info ] [ HEADER ] array (
  'cookie' => 'think_var=zh-cn',
  'accept-language' => 'zh-CN,zh;q=0.8',
  'accept-encoding' => 'gzip, deflate, sdch',
  'user-agent' => 'Mozilla/5.0 (Windows NT 10.0; WOW64) AppleWebKit/537.36 (KHTML, like Gecko) Chrome/53.0.2785.104 Safari/537.36 Core/1.53.4549.400 QQBrowser/9.7.12900.400',
  'connection' => 'close',
  'host' => 'www.gxlm.com',
)
[ info ] [ PARAM ] array (
)
[ info ] [ LANG ] E:\www\gxlm\thinkphp\lang\zh-cn.php
[ info ] [ LOG ] INIT File

---------------------------------------------------------------
[ 2018-02-24T23:01:43+08:00 ] 127.0.0.1 127.0.0.1 GET /favicon.ico
[ log ] www.gxlm.com/favicon.ico [运行时间：0.011277s][吞吐率：88.68req/s] [内存消耗：936.88kb] [文件加载：26]
[ info ] [ ROUTE ] array (
  'type' => 'module',
  'module' => 
  array (
    0 => 'favicon.ico',
    1 => NULL,
    2 => NULL,
  ),
)
[ info ] [ HEADER ] array (
  'cookie' => 'think_var=zh-cn',
  'accept-language' => 'zh-CN,zh;q=0.8',
  'accept-encoding' => 'gzip, deflate, sdch',
  'user-agent' => 'Mozilla/5.0 (Windows NT 10.0; WOW64) AppleWebKit/537.36 (KHTML, like Gecko) Chrome/53.0.2785.104 Safari/537.36 Core/1.53.4549.400 QQBrowser/9.7.12900.400',
  'connection' => 'close',
  'host' => 'www.gxlm.com',
)
[ info ] [ PARAM ] array (
)
[ info ] [ LANG ] E:\www\gxlm\thinkphp\lang\zh-cn.php
[ info ] [ LOG ] INIT File

---------------------------------------------------------------
[ 2018-02-24T23:01:43+08:00 ] 127.0.0.1 127.0.0.1 GET /favicon.ico
[ log ] www.gxlm.com/favicon.ico [运行时间：0.026211s][吞吐率：38.15req/s] [内存消耗：936.88kb] [文件加载：26]
[ info ] [ ROUTE ] array (
  'type' => 'module',
  'module' => 
  array (
    0 => 'favicon.ico',
    1 => NULL,
    2 => NULL,
  ),
)
[ info ] [ HEADER ] array (
  'cookie' => 'think_var=zh-cn',
  'accept-language' => 'zh-CN,zh;q=0.8',
  'accept-encoding' => 'gzip, deflate, sdch',
  'user-agent' => 'Mozilla/5.0 (Windows NT 10.0; WOW64) AppleWebKit/537.36 (KHTML, like Gecko) Chrome/53.0.2785.104 Safari/537.36 Core/1.53.4549.400 QQBrowser/9.7.12900.400',
  'connection' => 'close',
  'host' => 'www.gxlm.com',
)
[ info ] [ PARAM ] array (
)
[ info ] [ LANG ] E:\www\gxlm\thinkphp\lang\zh-cn.php
[ info ] [ LOG ] INIT File

---------------------------------------------------------------
[ 2018-02-24T23:01:43+08:00 ] 127.0.0.1 127.0.0.1 GET /
[ log ] www.gxlm.com/ [运行时间：0.022299s][吞吐率：44.85req/s] [内存消耗：1,280.33kb] [文件加载：35]
[ info ] [ ROUTE ] array (
  'type' => 'module',
  'module' => 
  array (
    0 => '',
    1 => NULL,
    2 => NULL,
  ),
)
[ info ] [ HEADER ] array (
  'cookie' => 'think_var=zh-cn',
  'accept-language' => 'zh-CN,zh;q=0.8',
  'accept-encoding' => 'gzip, deflate, sdch',
  'accept' => 'text/html,application/xhtml+xml,application/xml;q=0.9,image/webp,*/*;q=0.8',
  'user-agent' => 'Mozilla/5.0 (Windows NT 10.0; WOW64) AppleWebKit/537.36 (KHTML, like Gecko) Chrome/53.0.2785.104 Safari/537.36 Core/1.53.4549.400 QQBrowser/9.7.12900.400',
  'upgrade-insecure-requests' => '1',
  'connection' => 'close',
  'host' => 'www.gxlm.com',
)
[ info ] [ PARAM ] array (
)
[ info ] [ RUN ] Method [ <user> public method index ] {
  @@ E:\www\gxlm\app\api\controller\Account.php 14 - 19
}

[ info ] [ SESSION ] INIT array (
  'id' => '',
  'var_session_id' => '',
  'prefix' => 'think',
  'type' => '',
  'auto_start' => true,
  'expire' => 3600,
)
[ info ] [ VIEW ] ./tpl/api/account\index.html [ array (
) ]
[ info ] [ LOG ] INIT File

---------------------------------------------------------------
[ 2018-02-24T23:01:44+08:00 ] 127.0.0.1 127.0.0.1 GET /favicon.ico
[ log ] www.gxlm.com/favicon.ico [运行时间：0.011464s][吞吐率：87.23req/s] [内存消耗：936.99kb] [文件加载：26]
[ info ] [ ROUTE ] array (
  'type' => 'module',
  'module' => 
  array (
    0 => 'favicon.ico',
    1 => NULL,
    2 => NULL,
  ),
)
[ info ] [ HEADER ] array (
  'cookie' => 'think_var=zh-cn; PHPSESSID=llgujf0s6bbrmn03mjvo811uu2',
  'accept-language' => 'zh-CN,zh;q=0.8',
  'accept-encoding' => 'gzip, deflate, sdch',
  'referer' => 'http://www.gxlm.com/',
  'accept' => '*/*',
  'user-agent' => 'Mozilla/5.0 (Windows NT 10.0; WOW64) AppleWebKit/537.36 (KHTML, like Gecko) Chrome/53.0.2785.104 Safari/537.36 Core/1.53.4549.400 QQBrowser/9.7.12900.400',
  'connection' => 'close',
  'host' => 'www.gxlm.com',
)
[ info ] [ PARAM ] array (
)
[ info ] [ LANG ] E:\www\gxlm\thinkphp\lang\zh-cn.php
[ info ] [ LOG ] INIT File

---------------------------------------------------------------
[ 2018-02-24T23:01:52+08:00 ] 127.0.0.1 127.0.0.1 POST /api/account/login_do.html
[ log ] www.gxlm.com/api/account/login_do.html [运行时间：0.092285s][吞吐率：10.84req/s] [内存消耗：1,670.84kb] [文件加载：40]
[ info ] [ ROUTE ] array (
  'type' => 'module',
  'module' => 
  array (
    0 => 'api',
    1 => 'account',
    2 => 'login_do',
  ),
)
[ info ] [ HEADER ] array (
  'cookie' => 'think_var=zh-cn; PHPSESSID=llgujf0s6bbrmn03mjvo811uu2',
  'accept-language' => 'zh-CN,zh;q=0.8',
  'accept-encoding' => 'gzip, deflate',
  'referer' => 'http://www.gxlm.com/',
  'user-agent' => 'Mozilla/5.0 (Windows NT 10.0; WOW64) AppleWebKit/537.36 (KHTML, like Gecko) Chrome/53.0.2785.104 Safari/537.36 Core/1.53.4549.400 QQBrowser/9.7.12900.400',
  'x-requested-with' => 'XMLHttpRequest',
  'origin' => 'http://www.gxlm.com',
  'accept' => 'application/json, text/javascript, */*; q=0.01',
  'connection' => 'close',
  'host' => 'www.gxlm.com',
  'content-type' => 'application/x-www-form-urlencoded; charset=UTF-8',
  'content-length' => '35',
)
[ info ] [ PARAM ] array (
  'username' => 'chenbonian',
  'password' => '123456',
)
[ info ] [ RUN ] Method [ <user> public method login_do ] {
  @@ E:\www\gxlm\app\api\controller\Account.php 21 - 36
}

[ info ] [ SESSION ] INIT array (
  'id' => '',
  'var_session_id' => '',
  'prefix' => 'think',
  'type' => '',
  'auto_start' => true,
  'expire' => 3600,
)
[ info ] [ DB ] INIT mysql
[ info ] [ DB ] INIT mysql
[ info ] [ CACHE ] INIT File
[ info ] [ LOG ] INIT File
[ sql ] [ DB ] CONNECT:[ UseTime:0.030958s ] mysql:dbname=hdm359939164_db;host=hdm359939164.my3w.com;port=3306;charset=utf8
[ sql ] [ SQL ] SHOW COLUMNS FROM `users` [ RunTime:0.006675s ]
[ sql ] [ SQL ] SELECT * FROM `users` WHERE  `username` = 'chenbonian'  AND `status` = 1 LIMIT 1     [ RunTime:0.006586s ]
[ sql ] [ DB ] CONNECT:[ UseTime:0.011522s ] mysql:dbname=hdm359939164_db;host=hdm359939164.my3w.com;port=3306;charset=utf8
[ sql ] [ SQL ] UPDATE `users`  SET `username`='chenbonian',`password`='14e1b600b1fd579f47433b88e8d85291',`nick_name`='陈柏年',`status`=1,`total_buy_order`='0',`total_buy_money`=0,`type`=1,`phone`='18652216784',`last_login_ip`='127.0.0.1',`last_login_time`=1519484512,`update_time`=1511350344,`create_time`=1511350344,`remark`='大好人',`province`='江苏',`city`='徐州',`area`='沛县',`addr`='香颂雅苑'  WHERE  `id` = 1                     [ RunTime:0.014450s ]

---------------------------------------------------------------
[ 2018-02-24T23:01:52+08:00 ] 127.0.0.1 127.0.0.1 GET /api/index/index.html
[ log ] www.gxlm.com/api/index/index.html [运行时间：0.172650s][吞吐率：5.79req/s] [内存消耗：2,041.63kb] [文件加载：42]
[ info ] [ ROUTE ] array (
  'type' => 'module',
  'module' => 
  array (
    0 => 'api',
    1 => 'index',
    2 => 'index',
  ),
)
[ info ] [ HEADER ] array (
  'cookie' => 'think_var=zh-cn; PHPSESSID=llgujf0s6bbrmn03mjvo811uu2',
  'accept-language' => 'zh-CN,zh;q=0.8',
  'accept-encoding' => 'gzip, deflate, sdch',
  'referer' => 'http://www.gxlm.com/',
  'accept' => 'text/html,application/xhtml+xml,application/xml;q=0.9,image/webp,*/*;q=0.8',
  'user-agent' => 'Mozilla/5.0 (Windows NT 10.0; WOW64) AppleWebKit/537.36 (KHTML, like Gecko) Chrome/53.0.2785.104 Safari/537.36 Core/1.53.4549.400 QQBrowser/9.7.12900.400',
  'upgrade-insecure-requests' => '1',
  'connection' => 'close',
  'host' => 'www.gxlm.com',
)
[ info ] [ PARAM ] array (
)
[ info ] [ SESSION ] INIT array (
  'id' => '',
  'var_session_id' => '',
  'prefix' => 'think',
  'type' => '',
  'auto_start' => true,
  'expire' => 3600,
)
[ info ] [ DB ] INIT mysql
[ info ] [ RUN ] Method [ <user> public method index ] {
  @@ E:\www\gxlm\app\api\controller\Index.php 14 - 27
}

[ info ] [ DB ] INIT mysql
[ info ] [ DB ] INIT mysql
[ info ] [ VIEW ] ./tpl/api/index\index.html [ array (
  0 => 'broad_list',
  1 => 'big_cates',
  2 => 'small_cates',
  3 => 'goods',
) ]
[ info ] [ LOG ] INIT File
[ sql ] [ DB ] CONNECT:[ UseTime:0.011583s ] mysql:dbname=hdm359939164_db;host=hdm359939164.my3w.com;port=3306;charset=utf8
[ sql ] [ SQL ] SHOW COLUMNS FROM `users` [ RunTime:0.006241s ]
[ sql ] [ SQL ] SELECT * FROM `users` WHERE  `id` = 1  AND `status` = 1 LIMIT 1     [ RunTime:0.007654s ]
[ sql ] [ DB ] CONNECT:[ UseTime:0.019543s ] mysql:dbname=hdm359939164_db;host=hdm359939164.my3w.com;port=3306;charset=utf8
[ sql ] [ SQL ] SHOW COLUMNS FROM `broad_img` [ RunTime:0.006074s ]
[ sql ] [ SQL ] SELECT * FROM `broad_img` ORDER BY `order`  [ RunTime:0.006473s ]
[ sql ] [ DB ] CONNECT:[ UseTime:0.022467s ] mysql:dbname=hdm359939164_db;host=hdm359939164.my3w.com;port=3306;charset=utf8
[ sql ] [ SQL ] SHOW COLUMNS FROM `cate` [ RunTime:0.007017s ]
[ sql ] [ SQL ] SELECT * FROM `cate` WHERE  `type` = '1'  AND `status` = '1' ORDER BY `order` asc    [ RunTime:0.007108s ]
[ sql ] [ SQL ] SELECT * FROM `cate` WHERE  `type` = '2'  AND `status` = '1' ORDER BY `order` asc    [ RunTime:0.008247s ]
[ sql ] [ SQL ] SHOW COLUMNS FROM `goods` [ RunTime:0.006852s ]
[ sql ] [ SQL ] SELECT * FROM `goods` WHERE  `status` = 1 ORDER BY `order` asc   [ RunTime:0.008968s ]

---------------------------------------------------------------
[ 2018-02-24T23:01:52+08:00 ] 127.0.0.1 127.0.0.1 GET /public/data/img/180222/5a8e7ac6b7624.png
[ log ] www.gxlm.com/public/data/img/180222/5a8e7ac6b7624.png [运行时间：0.014968s][吞吐率：66.81req/s] [内存消耗：938.16kb] [文件加载：26]
[ info ] [ ROUTE ] array (
  'type' => 'module',
  'module' => 
  array (
    0 => 'public',
    1 => 'data',
    2 => 'img',
  ),
)
[ info ] [ HEADER ] array (
  'cookie' => 'think_var=zh-cn; PHPSESSID=llgujf0s6bbrmn03mjvo811uu2',
  'accept-language' => 'zh-CN,zh;q=0.8',
  'accept-encoding' => 'gzip, deflate, sdch',
  'referer' => 'http://www.gxlm.com/api/index/index.html',
  'accept' => 'image/webp,image/*,*/*;q=0.8',
  'user-agent' => 'Mozilla/5.0 (Windows NT 10.0; WOW64) AppleWebKit/537.36 (KHTML, like Gecko) Chrome/53.0.2785.104 Safari/537.36 Core/1.53.4549.400 QQBrowser/9.7.12900.400',
  'connection' => 'close',
  'host' => 'www.gxlm.com',
)
[ info ] [ PARAM ] array (
  '/data/img/180222/5a8e7ac6b7624_png' => '',
  0 => '5a8e7ac6b7624.png',
)
[ info ] [ LANG ] E:\www\gxlm\thinkphp\lang\zh-cn.php
[ info ] [ LOG ] INIT File

---------------------------------------------------------------
[ 2018-02-24T23:01:53+08:00 ] 127.0.0.1 127.0.0.1 GET /public/data/img/180222/5a8e7abf6211c.png
[ log ] www.gxlm.com/public/data/img/180222/5a8e7abf6211c.png [运行时间：0.040170s][吞吐率：24.89req/s] [内存消耗：938.16kb] [文件加载：26]
[ info ] [ ROUTE ] array (
  'type' => 'module',
  'module' => 
  array (
    0 => 'public',
    1 => 'data',
    2 => 'img',
  ),
)
[ info ] [ HEADER ] array (
  'cookie' => 'think_var=zh-cn; PHPSESSID=llgujf0s6bbrmn03mjvo811uu2',
  'accept-language' => 'zh-CN,zh;q=0.8',
  'accept-encoding' => 'gzip, deflate, sdch',
  'referer' => 'http://www.gxlm.com/api/index/index.html',
  'accept' => 'image/webp,image/*,*/*;q=0.8',
  'user-agent' => 'Mozilla/5.0 (Windows NT 10.0; WOW64) AppleWebKit/537.36 (KHTML, like Gecko) Chrome/53.0.2785.104 Safari/537.36 Core/1.53.4549.400 QQBrowser/9.7.12900.400',
  'connection' => 'close',
  'host' => 'www.gxlm.com',
)
[ info ] [ PARAM ] array (
  '/data/img/180222/5a8e7abf6211c_png' => '',
  0 => '5a8e7abf6211c.png',
)
[ info ] [ LANG ] E:\www\gxlm\thinkphp\lang\zh-cn.php
[ info ] [ LOG ] INIT File

---------------------------------------------------------------
[ 2018-02-24T23:01:53+08:00 ] 127.0.0.1 127.0.0.1 GET /public/data/img/180222/5a8e7a81d8559.png
[ log ] www.gxlm.com/public/data/img/180222/5a8e7a81d8559.png [运行时间：0.015085s][吞吐率：66.29req/s] [内存消耗：938.16kb] [文件加载：26]
[ info ] [ ROUTE ] array (
  'type' => 'module',
  'module' => 
  array (
    0 => 'public',
    1 => 'data',
    2 => 'img',
  ),
)
[ info ] [ HEADER ] array (
  'cookie' => 'think_var=zh-cn; PHPSESSID=llgujf0s6bbrmn03mjvo811uu2',
  'accept-language' => 'zh-CN,zh;q=0.8',
  'accept-encoding' => 'gzip, deflate, sdch',
  'referer' => 'http://www.gxlm.com/api/index/index.html',
  'accept' => 'image/webp,image/*,*/*;q=0.8',
  'user-agent' => 'Mozilla/5.0 (Windows NT 10.0; WOW64) AppleWebKit/537.36 (KHTML, like Gecko) Chrome/53.0.2785.104 Safari/537.36 Core/1.53.4549.400 QQBrowser/9.7.12900.400',
  'connection' => 'close',
  'host' => 'www.gxlm.com',
)
[ info ] [ PARAM ] array (
  '/data/img/180222/5a8e7a81d8559_png' => '',
  0 => '5a8e7a81d8559.png',
)
[ info ] [ LANG ] E:\www\gxlm\thinkphp\lang\zh-cn.php
[ info ] [ LOG ] INIT File

---------------------------------------------------------------
[ 2018-02-24T23:01:53+08:00 ] 127.0.0.1 127.0.0.1 GET /public/data/img/180222/5a8e7ad01a58b.png
[ log ] www.gxlm.com/public/data/img/180222/5a8e7ad01a58b.png [运行时间：0.016158s][吞吐率：61.89req/s] [内存消耗：938.16kb] [文件加载：26]
[ info ] [ ROUTE ] array (
  'type' => 'module',
  'module' => 
  array (
    0 => 'public',
    1 => 'data',
    2 => 'img',
  ),
)
[ info ] [ HEADER ] array (
  'cookie' => 'think_var=zh-cn; PHPSESSID=llgujf0s6bbrmn03mjvo811uu2',
  'accept-language' => 'zh-CN,zh;q=0.8',
  'accept-encoding' => 'gzip, deflate, sdch',
  'referer' => 'http://www.gxlm.com/api/index/index.html',
  'accept' => 'image/webp,image/*,*/*;q=0.8',
  'user-agent' => 'Mozilla/5.0 (Windows NT 10.0; WOW64) AppleWebKit/537.36 (KHTML, like Gecko) Chrome/53.0.2785.104 Safari/537.36 Core/1.53.4549.400 QQBrowser/9.7.12900.400',
  'connection' => 'close',
  'host' => 'www.gxlm.com',
)
[ info ] [ PARAM ] array (
  '/data/img/180222/5a8e7ad01a58b_png' => '',
  0 => '5a8e7ad01a58b.png',
)
[ info ] [ LANG ] E:\www\gxlm\thinkphp\lang\zh-cn.php
[ info ] [ LOG ] INIT File

---------------------------------------------------------------
[ 2018-02-24T23:01:53+08:00 ] 127.0.0.1 127.0.0.1 GET /public/static/api/basic/js/jquery.min.js
[ log ] www.gxlm.com/public/static/api/basic/js/jquery.min.js [运行时间：0.015791s][吞吐率：63.33req/s] [内存消耗：938.05kb] [文件加载：26]
[ info ] [ ROUTE ] array (
  'type' => 'module',
  'module' => 
  array (
    0 => 'public',
    1 => 'static',
    2 => 'api',
  ),
)
[ info ] [ HEADER ] array (
  'cookie' => 'think_var=zh-cn; PHPSESSID=llgujf0s6bbrmn03mjvo811uu2',
  'accept-language' => 'zh-CN,zh;q=0.8',
  'accept-encoding' => 'gzip, deflate, sdch',
  'referer' => 'http://www.gxlm.com/api/index/index.html',
  'accept' => '*/*',
  'user-agent' => 'Mozilla/5.0 (Windows NT 10.0; WOW64) AppleWebKit/537.36 (KHTML, like Gecko) Chrome/53.0.2785.104 Safari/537.36 Core/1.53.4549.400 QQBrowser/9.7.12900.400',
  'connection' => 'close',
  'host' => 'www.gxlm.com',
)
[ info ] [ PARAM ] array (
  '/static/api/basic/js/jquery_min_js' => '',
  'basic' => 'js',
)
[ info ] [ LANG ] E:\www\gxlm\thinkphp\lang\zh-cn.php
[ info ] [ LOG ] INIT File

---------------------------------------------------------------
[ 2018-02-24T23:01:53+08:00 ] 127.0.0.1 127.0.0.1 GET /public/data/img/180222/5a8e7ad777e3d.png
[ log ] www.gxlm.com/public/data/img/180222/5a8e7ad777e3d.png [运行时间：0.014209s][吞吐率：70.38req/s] [内存消耗：938.16kb] [文件加载：26]
[ info ] [ ROUTE ] array (
  'type' => 'module',
  'module' => 
  array (
    0 => 'public',
    1 => 'data',
    2 => 'img',
  ),
)
[ info ] [ HEADER ] array (
  'cookie' => 'think_var=zh-cn; PHPSESSID=llgujf0s6bbrmn03mjvo811uu2',
  'accept-language' => 'zh-CN,zh;q=0.8',
  'accept-encoding' => 'gzip, deflate, sdch',
  'referer' => 'http://www.gxlm.com/api/index/index.html',
  'accept' => 'image/webp,image/*,*/*;q=0.8',
  'user-agent' => 'Mozilla/5.0 (Windows NT 10.0; WOW64) AppleWebKit/537.36 (KHTML, like Gecko) Chrome/53.0.2785.104 Safari/537.36 Core/1.53.4549.400 QQBrowser/9.7.12900.400',
  'connection' => 'close',
  'host' => 'www.gxlm.com',
)
[ info ] [ PARAM ] array (
  '/data/img/180222/5a8e7ad777e3d_png' => '',
  0 => '5a8e7ad777e3d.png',
)
[ info ] [ LANG ] E:\www\gxlm\thinkphp\lang\zh-cn.php
[ info ] [ LOG ] INIT File

---------------------------------------------------------------
[ 2018-02-24T23:01:54+08:00 ] 127.0.0.1 127.0.0.1 GET /public/data/img/180222/5a8e7ac6b7624.png
[ log ] www.gxlm.com/public/data/img/180222/5a8e7ac6b7624.png [运行时间：0.012941s][吞吐率：77.27req/s] [内存消耗：938.16kb] [文件加载：26]
[ info ] [ ROUTE ] array (
  'type' => 'module',
  'module' => 
  array (
    0 => 'public',
    1 => 'data',
    2 => 'img',
  ),
)
[ info ] [ HEADER ] array (
  'cookie' => 'think_var=zh-cn; PHPSESSID=llgujf0s6bbrmn03mjvo811uu2',
  'accept-language' => 'zh-CN,zh;q=0.8',
  'accept-encoding' => 'gzip, deflate, sdch',
  'referer' => 'http://www.gxlm.com/api/index/index.html',
  'accept' => 'image/webp,image/*,*/*;q=0.8',
  'user-agent' => 'Mozilla/5.0 (Windows NT 10.0; WOW64) AppleWebKit/537.36 (KHTML, like Gecko) Chrome/53.0.2785.104 Safari/537.36 Core/1.53.4549.400 QQBrowser/9.7.12900.400',
  'connection' => 'close',
  'host' => 'www.gxlm.com',
)
[ info ] [ PARAM ] array (
  '/data/img/180222/5a8e7ac6b7624_png' => '',
  0 => '5a8e7ac6b7624.png',
)
[ info ] [ LANG ] E:\www\gxlm\thinkphp\lang\zh-cn.php
[ info ] [ LOG ] INIT File

---------------------------------------------------------------
