[ 2017-12-26T16:31:45+08:00 ] 127.0.0.1 127.0.0.1 GET /favicon.ico
[ log ] www.gxlm.com/favicon.ico [运行时间：0.170534s][吞吐率：5.86req/s] [内存消耗：937.69kb] [文件加载：26]
[ info ] [ ROUTE ] array (
  'type' => 'module',
  'module' => 
  array (
    0 => 'favicon.ico',
    1 => NULL,
    2 => NULL,
  ),
)
[ info ] [ HEADER ] array (
  'cookie' => 'Huiskin=default',
  'accept-language' => 'zh-CN,zh;q=0.8',
  'accept-encoding' => 'gzip, deflate, sdch',
  'user-agent' => 'Mozilla/5.0 (Windows NT 10.0; WOW64) AppleWebKit/537.36 (KHTML, like Gecko) Chrome/53.0.2785.104 Safari/537.36 Core/1.53.4355.400 QQBrowser/9.7.12672.400',
  'connection' => 'close',
  'host' => 'www.gxlm.com',
)
[ info ] [ PARAM ] array (
)
[ info ] [ LANG ] E:\www\htdocs\thinkphp\lang\zh-cn.php
[ info ] [ LOG ] INIT File

---------------------------------------------------------------
[ 2017-12-26T17:19:54+08:00 ] 127.0.0.1 127.0.0.1 GET /favicon.ico
[ log ] www.gxlm.com/favicon.ico [运行时间：0.023825s][吞吐率：41.97req/s] [内存消耗：937.30kb] [文件加载：26]
[ info ] [ ROUTE ] array (
  'type' => 'module',
  'module' => 
  array (
    0 => 'favicon.ico',
    1 => NULL,
    2 => NULL,
  ),
)
[ info ] [ HEADER ] array (
  'cookie' => 'Huiskin=default; think_var=zh-cn',
  'accept-language' => 'zh-CN,zh;q=0.8',
  'accept-encoding' => 'gzip, deflate, sdch',
  'user-agent' => 'Mozilla/5.0 (Windows NT 10.0; WOW64) AppleWebKit/537.36 (KHTML, like Gecko) Chrome/53.0.2785.104 Safari/537.36 Core/1.53.4355.400 QQBrowser/9.7.12672.400',
  'connection' => 'close',
  'host' => 'www.gxlm.com',
)
[ info ] [ PARAM ] array (
)
[ info ] [ LANG ] E:\www\htdocs\thinkphp\lang\zh-cn.php
[ info ] [ LOG ] INIT File

---------------------------------------------------------------
[ 2017-12-26T17:19:55+08:00 ] 127.0.0.1 127.0.0.1 GET /favicon.ico
[ log ] www.gxlm.com/favicon.ico [运行时间：0.022779s][吞吐率：43.90req/s] [内存消耗：937.30kb] [文件加载：26]
[ info ] [ ROUTE ] array (
  'type' => 'module',
  'module' => 
  array (
    0 => 'favicon.ico',
    1 => NULL,
    2 => NULL,
  ),
)
[ info ] [ HEADER ] array (
  'cookie' => 'Huiskin=default; think_var=zh-cn',
  'accept-language' => 'zh-CN,zh;q=0.8',
  'accept-encoding' => 'gzip, deflate, sdch',
  'user-agent' => 'Mozilla/5.0 (Windows NT 10.0; WOW64) AppleWebKit/537.36 (KHTML, like Gecko) Chrome/53.0.2785.104 Safari/537.36 Core/1.53.4355.400 QQBrowser/9.7.12672.400',
  'connection' => 'close',
  'host' => 'www.gxlm.com',
)
[ info ] [ PARAM ] array (
)
[ info ] [ LANG ] E:\www\htdocs\thinkphp\lang\zh-cn.php
[ info ] [ LOG ] INIT File

---------------------------------------------------------------
[ 2017-12-26T17:19:55+08:00 ] 127.0.0.1 127.0.0.1 GET /favicon.ico
[ log ] www.gxlm.com/favicon.ico [运行时间：0.017132s][吞吐率：58.37req/s] [内存消耗：937.30kb] [文件加载：26]
[ info ] [ ROUTE ] array (
  'type' => 'module',
  'module' => 
  array (
    0 => 'favicon.ico',
    1 => NULL,
    2 => NULL,
  ),
)
[ info ] [ HEADER ] array (
  'cookie' => 'Huiskin=default; think_var=zh-cn',
  'accept-language' => 'zh-CN,zh;q=0.8',
  'accept-encoding' => 'gzip, deflate, sdch',
  'user-agent' => 'Mozilla/5.0 (Windows NT 10.0; WOW64) AppleWebKit/537.36 (KHTML, like Gecko) Chrome/53.0.2785.104 Safari/537.36 Core/1.53.4355.400 QQBrowser/9.7.12672.400',
  'connection' => 'close',
  'host' => 'www.gxlm.com',
)
[ info ] [ PARAM ] array (
)
[ info ] [ LANG ] E:\www\htdocs\thinkphp\lang\zh-cn.php
[ info ] [ LOG ] INIT File

---------------------------------------------------------------
[ 2017-12-26T17:19:55+08:00 ] 127.0.0.1 127.0.0.1 GET /favicon.ico
[ log ] www.gxlm.com/favicon.ico [运行时间：0.025619s][吞吐率：39.03req/s] [内存消耗：937.30kb] [文件加载：26]
[ info ] [ ROUTE ] array (
  'type' => 'module',
  'module' => 
  array (
    0 => 'favicon.ico',
    1 => NULL,
    2 => NULL,
  ),
)
[ info ] [ HEADER ] array (
  'cookie' => 'Huiskin=default; think_var=zh-cn',
  'accept-language' => 'zh-CN,zh;q=0.8',
  'accept-encoding' => 'gzip, deflate, sdch',
  'user-agent' => 'Mozilla/5.0 (Windows NT 10.0; WOW64) AppleWebKit/537.36 (KHTML, like Gecko) Chrome/53.0.2785.104 Safari/537.36 Core/1.53.4355.400 QQBrowser/9.7.12672.400',
  'connection' => 'close',
  'host' => 'www.gxlm.com',
)
[ info ] [ PARAM ] array (
)
[ info ] [ LANG ] E:\www\htdocs\thinkphp\lang\zh-cn.php
[ info ] [ LOG ] INIT File

---------------------------------------------------------------
[ 2017-12-26T17:19:55+08:00 ] 127.0.0.1 127.0.0.1 GET /favicon.ico
[ log ] www.gxlm.com/favicon.ico [运行时间：0.019197s][吞吐率：52.09req/s] [内存消耗：937.30kb] [文件加载：26]
[ info ] [ ROUTE ] array (
  'type' => 'module',
  'module' => 
  array (
    0 => 'favicon.ico',
    1 => NULL,
    2 => NULL,
  ),
)
[ info ] [ HEADER ] array (
  'cookie' => 'Huiskin=default; think_var=zh-cn',
  'accept-language' => 'zh-CN,zh;q=0.8',
  'accept-encoding' => 'gzip, deflate, sdch',
  'user-agent' => 'Mozilla/5.0 (Windows NT 10.0; WOW64) AppleWebKit/537.36 (KHTML, like Gecko) Chrome/53.0.2785.104 Safari/537.36 Core/1.53.4355.400 QQBrowser/9.7.12672.400',
  'connection' => 'close',
  'host' => 'www.gxlm.com',
)
[ info ] [ PARAM ] array (
)
[ info ] [ LANG ] E:\www\htdocs\thinkphp\lang\zh-cn.php
[ info ] [ LOG ] INIT File

---------------------------------------------------------------
[ 2017-12-26T17:19:55+08:00 ] 127.0.0.1 127.0.0.1 GET /favicon.ico
[ log ] www.gxlm.com/favicon.ico [运行时间：0.024650s][吞吐率：40.57req/s] [内存消耗：937.30kb] [文件加载：26]
[ info ] [ ROUTE ] array (
  'type' => 'module',
  'module' => 
  array (
    0 => 'favicon.ico',
    1 => NULL,
    2 => NULL,
  ),
)
[ info ] [ HEADER ] array (
  'cookie' => 'Huiskin=default; think_var=zh-cn',
  'accept-language' => 'zh-CN,zh;q=0.8',
  'accept-encoding' => 'gzip, deflate, sdch',
  'user-agent' => 'Mozilla/5.0 (Windows NT 10.0; WOW64) AppleWebKit/537.36 (KHTML, like Gecko) Chrome/53.0.2785.104 Safari/537.36 Core/1.53.4355.400 QQBrowser/9.7.12672.400',
  'connection' => 'close',
  'host' => 'www.gxlm.com',
)
[ info ] [ PARAM ] array (
)
[ info ] [ LANG ] E:\www\htdocs\thinkphp\lang\zh-cn.php
[ info ] [ LOG ] INIT File

---------------------------------------------------------------
[ 2017-12-26T17:19:55+08:00 ] 127.0.0.1 127.0.0.1 GET /favicon.ico
[ log ] www.gxlm.com/favicon.ico [运行时间：0.017123s][吞吐率：58.40req/s] [内存消耗：937.30kb] [文件加载：26]
[ info ] [ ROUTE ] array (
  'type' => 'module',
  'module' => 
  array (
    0 => 'favicon.ico',
    1 => NULL,
    2 => NULL,
  ),
)
[ info ] [ HEADER ] array (
  'cookie' => 'Huiskin=default; think_var=zh-cn',
  'accept-language' => 'zh-CN,zh;q=0.8',
  'accept-encoding' => 'gzip, deflate, sdch',
  'user-agent' => 'Mozilla/5.0 (Windows NT 10.0; WOW64) AppleWebKit/537.36 (KHTML, like Gecko) Chrome/53.0.2785.104 Safari/537.36 Core/1.53.4355.400 QQBrowser/9.7.12672.400',
  'connection' => 'close',
  'host' => 'www.gxlm.com',
)
[ info ] [ PARAM ] array (
)
[ info ] [ LANG ] E:\www\htdocs\thinkphp\lang\zh-cn.php
[ info ] [ LOG ] INIT File

---------------------------------------------------------------
[ 2017-12-26T17:19:56+08:00 ] 127.0.0.1 127.0.0.1 GET /favicon.ico
[ log ] www.gxlm.com/favicon.ico [运行时间：0.022265s][吞吐率：44.91req/s] [内存消耗：937.30kb] [文件加载：26]
[ info ] [ ROUTE ] array (
  'type' => 'module',
  'module' => 
  array (
    0 => 'favicon.ico',
    1 => NULL,
    2 => NULL,
  ),
)
[ info ] [ HEADER ] array (
  'cookie' => 'Huiskin=default; think_var=zh-cn',
  'accept-language' => 'zh-CN,zh;q=0.8',
  'accept-encoding' => 'gzip, deflate, sdch',
  'user-agent' => 'Mozilla/5.0 (Windows NT 10.0; WOW64) AppleWebKit/537.36 (KHTML, like Gecko) Chrome/53.0.2785.104 Safari/537.36 Core/1.53.4355.400 QQBrowser/9.7.12672.400',
  'connection' => 'close',
  'host' => 'www.gxlm.com',
)
[ info ] [ PARAM ] array (
)
[ info ] [ LANG ] E:\www\htdocs\thinkphp\lang\zh-cn.php
[ info ] [ LOG ] INIT File

---------------------------------------------------------------
[ 2017-12-26T17:19:56+08:00 ] 127.0.0.1 127.0.0.1 GET /favicon.ico
[ log ] www.gxlm.com/favicon.ico [运行时间：0.016407s][吞吐率：60.95req/s] [内存消耗：937.30kb] [文件加载：26]
[ info ] [ ROUTE ] array (
  'type' => 'module',
  'module' => 
  array (
    0 => 'favicon.ico',
    1 => NULL,
    2 => NULL,
  ),
)
[ info ] [ HEADER ] array (
  'cookie' => 'Huiskin=default; think_var=zh-cn',
  'accept-language' => 'zh-CN,zh;q=0.8',
  'accept-encoding' => 'gzip, deflate, sdch',
  'user-agent' => 'Mozilla/5.0 (Windows NT 10.0; WOW64) AppleWebKit/537.36 (KHTML, like Gecko) Chrome/53.0.2785.104 Safari/537.36 Core/1.53.4355.400 QQBrowser/9.7.12672.400',
  'connection' => 'close',
  'host' => 'www.gxlm.com',
)
[ info ] [ PARAM ] array (
)
[ info ] [ LANG ] E:\www\htdocs\thinkphp\lang\zh-cn.php
[ info ] [ LOG ] INIT File

---------------------------------------------------------------
[ 2017-12-26T17:20:00+08:00 ] 127.0.0.1 127.0.0.1 GET /favicon.ico
[ log ] www.gxlm.com/favicon.ico [运行时间：0.018386s][吞吐率：54.39req/s] [内存消耗：937.30kb] [文件加载：26]
[ info ] [ ROUTE ] array (
  'type' => 'module',
  'module' => 
  array (
    0 => 'favicon.ico',
    1 => NULL,
    2 => NULL,
  ),
)
[ info ] [ HEADER ] array (
  'cookie' => 'Huiskin=default; think_var=zh-cn',
  'accept-language' => 'zh-CN,zh;q=0.8',
  'accept-encoding' => 'gzip, deflate, sdch',
  'user-agent' => 'Mozilla/5.0 (Windows NT 10.0; WOW64) AppleWebKit/537.36 (KHTML, like Gecko) Chrome/53.0.2785.104 Safari/537.36 Core/1.53.4355.400 QQBrowser/9.7.12672.400',
  'connection' => 'close',
  'host' => 'www.gxlm.com',
)
[ info ] [ PARAM ] array (
)
[ info ] [ LANG ] E:\www\htdocs\thinkphp\lang\zh-cn.php
[ info ] [ LOG ] INIT File

---------------------------------------------------------------
[ 2017-12-26T17:20:03+08:00 ] 127.0.0.1 127.0.0.1 GET /favicon.ico
[ log ] www.gxlm.com/favicon.ico [运行时间：0.016993s][吞吐率：58.85req/s] [内存消耗：937.30kb] [文件加载：26]
[ info ] [ ROUTE ] array (
  'type' => 'module',
  'module' => 
  array (
    0 => 'favicon.ico',
    1 => NULL,
    2 => NULL,
  ),
)
[ info ] [ HEADER ] array (
  'cookie' => 'Huiskin=default; think_var=zh-cn',
  'accept-language' => 'zh-CN,zh;q=0.8',
  'accept-encoding' => 'gzip, deflate, sdch',
  'user-agent' => 'Mozilla/5.0 (Windows NT 10.0; WOW64) AppleWebKit/537.36 (KHTML, like Gecko) Chrome/53.0.2785.104 Safari/537.36 Core/1.53.4355.400 QQBrowser/9.7.12672.400',
  'connection' => 'close',
  'host' => 'www.gxlm.com',
)
[ info ] [ PARAM ] array (
)
[ info ] [ LANG ] E:\www\htdocs\thinkphp\lang\zh-cn.php
[ info ] [ LOG ] INIT File

---------------------------------------------------------------
