[ 2017-12-27T11:14:49+08:00 ] 127.0.0.1 127.0.0.1 GET /favicon.ico
[ log ] www.gxlm.com/favicon.ico [运行时间：0.148464s][吞吐率：6.74req/s] [内存消耗：937.69kb] [文件加载：26]
[ info ] [ ROUTE ] array (
  'type' => 'module',
  'module' => 
  array (
    0 => 'favicon.ico',
    1 => NULL,
    2 => NULL,
  ),
)
[ info ] [ HEADER ] array (
  'cookie' => 'Huiskin=default',
  'accept-language' => 'zh-CN,zh;q=0.8',
  'accept-encoding' => 'gzip, deflate, sdch',
  'user-agent' => 'Mozilla/5.0 (Windows NT 10.0; WOW64) AppleWebKit/537.36 (KHTML, like Gecko) Chrome/53.0.2785.104 Safari/537.36 Core/1.53.4355.400 QQBrowser/9.7.12672.400',
  'connection' => 'close',
  'host' => 'www.gxlm.com',
)
[ info ] [ PARAM ] array (
)
[ info ] [ LANG ] E:\www\htdocs\thinkphp\lang\zh-cn.php
[ info ] [ LOG ] INIT File

---------------------------------------------------------------
[ 2017-12-27T13:06:55+08:00 ] 127.0.0.1 127.0.0.1 GET /favicon.ico
[ log ] www.gxlm.com/favicon.ico [运行时间：0.044782s][吞吐率：22.33req/s] [内存消耗：937.69kb] [文件加载：26]
[ info ] [ ROUTE ] array (
  'type' => 'module',
  'module' => 
  array (
    0 => 'favicon.ico',
    1 => NULL,
    2 => NULL,
  ),
)
[ info ] [ HEADER ] array (
  'cookie' => 'Huiskin=default',
  'accept-language' => 'zh-CN,zh;q=0.8',
  'accept-encoding' => 'gzip, deflate, sdch',
  'user-agent' => 'Mozilla/5.0 (Windows NT 10.0; WOW64) AppleWebKit/537.36 (KHTML, like Gecko) Chrome/53.0.2785.104 Safari/537.36 Core/1.53.4355.400 QQBrowser/9.7.12672.400',
  'connection' => 'close',
  'host' => 'www.gxlm.com',
)
[ info ] [ PARAM ] array (
)
[ info ] [ LANG ] E:\www\htdocs\thinkphp\lang\zh-cn.php
[ info ] [ LOG ] INIT File

---------------------------------------------------------------
[ 2017-12-27T13:07:33+08:00 ] 127.0.0.1 127.0.0.1 GET /favicon.ico
[ log ] www.gxlm.com/favicon.ico [运行时间：0.026061s][吞吐率：38.37req/s] [内存消耗：937.30kb] [文件加载：26]
[ info ] [ ROUTE ] array (
  'type' => 'module',
  'module' => 
  array (
    0 => 'favicon.ico',
    1 => NULL,
    2 => NULL,
  ),
)
[ info ] [ HEADER ] array (
  'cookie' => 'Huiskin=default; think_var=zh-cn',
  'accept-language' => 'zh-CN,zh;q=0.8',
  'accept-encoding' => 'gzip, deflate, sdch',
  'user-agent' => 'Mozilla/5.0 (Windows NT 10.0; WOW64) AppleWebKit/537.36 (KHTML, like Gecko) Chrome/53.0.2785.104 Safari/537.36 Core/1.53.4355.400 QQBrowser/9.7.12672.400',
  'connection' => 'close',
  'host' => 'www.gxlm.com',
)
[ info ] [ PARAM ] array (
)
[ info ] [ LANG ] E:\www\htdocs\thinkphp\lang\zh-cn.php
[ info ] [ LOG ] INIT File

---------------------------------------------------------------
[ 2017-12-27T13:27:48+08:00 ] 127.0.0.1 127.0.0.1 GET /favicon.ico
[ log ] www.gxlm.com/favicon.ico [运行时间：0.024487s][吞吐率：40.84req/s] [内存消耗：937.30kb] [文件加载：26]
[ info ] [ ROUTE ] array (
  'type' => 'module',
  'module' => 
  array (
    0 => 'favicon.ico',
    1 => NULL,
    2 => NULL,
  ),
)
[ info ] [ HEADER ] array (
  'cookie' => 'Huiskin=default; think_var=zh-cn',
  'accept-language' => 'zh-CN,zh;q=0.8',
  'accept-encoding' => 'gzip, deflate, sdch',
  'user-agent' => 'Mozilla/5.0 (Windows NT 10.0; WOW64) AppleWebKit/537.36 (KHTML, like Gecko) Chrome/53.0.2785.104 Safari/537.36 Core/1.53.4355.400 QQBrowser/9.7.12672.400',
  'connection' => 'close',
  'host' => 'www.gxlm.com',
)
[ info ] [ PARAM ] array (
)
[ info ] [ LANG ] E:\www\htdocs\thinkphp\lang\zh-cn.php
[ info ] [ LOG ] INIT File

---------------------------------------------------------------
[ 2017-12-27T14:16:19+08:00 ] 127.0.0.1 127.0.0.1 GET /favicon.ico
[ log ] www.gxlm.com/favicon.ico [运行时间：0.023859s][吞吐率：41.91req/s] [内存消耗：937.69kb] [文件加载：26]
[ info ] [ ROUTE ] array (
  'type' => 'module',
  'module' => 
  array (
    0 => 'favicon.ico',
    1 => NULL,
    2 => NULL,
  ),
)
[ info ] [ HEADER ] array (
  'cookie' => 'Huiskin=default',
  'accept-language' => 'zh-CN,zh;q=0.8',
  'accept-encoding' => 'gzip, deflate, sdch',
  'user-agent' => 'Mozilla/5.0 (Windows NT 10.0; WOW64) AppleWebKit/537.36 (KHTML, like Gecko) Chrome/53.0.2785.104 Safari/537.36 Core/1.53.4355.400 QQBrowser/9.7.12672.400',
  'connection' => 'close',
  'host' => 'www.gxlm.com',
)
[ info ] [ PARAM ] array (
)
[ info ] [ LANG ] E:\www\htdocs\thinkphp\lang\zh-cn.php
[ info ] [ LOG ] INIT File

---------------------------------------------------------------
[ 2017-12-27T14:16:25+08:00 ] 127.0.0.1 127.0.0.1 GET /favicon.ico
[ log ] www.gxlm.com/favicon.ico [运行时间：0.016851s][吞吐率：59.34req/s] [内存消耗：937.30kb] [文件加载：26]
[ info ] [ ROUTE ] array (
  'type' => 'module',
  'module' => 
  array (
    0 => 'favicon.ico',
    1 => NULL,
    2 => NULL,
  ),
)
[ info ] [ HEADER ] array (
  'cookie' => 'Huiskin=default; think_var=zh-cn',
  'accept-language' => 'zh-CN,zh;q=0.8',
  'accept-encoding' => 'gzip, deflate, sdch',
  'user-agent' => 'Mozilla/5.0 (Windows NT 10.0; WOW64) AppleWebKit/537.36 (KHTML, like Gecko) Chrome/53.0.2785.104 Safari/537.36 Core/1.53.4355.400 QQBrowser/9.7.12672.400',
  'connection' => 'close',
  'host' => 'www.gxlm.com',
)
[ info ] [ PARAM ] array (
)
[ info ] [ LANG ] E:\www\htdocs\thinkphp\lang\zh-cn.php
[ info ] [ LOG ] INIT File

---------------------------------------------------------------
[ 2017-12-27T14:16:27+08:00 ] 127.0.0.1 127.0.0.1 GET /favicon.ico
[ log ] www.gxlm.com/favicon.ico [运行时间：0.023848s][吞吐率：41.93req/s] [内存消耗：937.30kb] [文件加载：26]
[ info ] [ ROUTE ] array (
  'type' => 'module',
  'module' => 
  array (
    0 => 'favicon.ico',
    1 => NULL,
    2 => NULL,
  ),
)
[ info ] [ HEADER ] array (
  'cookie' => 'Huiskin=default; think_var=zh-cn',
  'accept-language' => 'zh-CN,zh;q=0.8',
  'accept-encoding' => 'gzip, deflate, sdch',
  'user-agent' => 'Mozilla/5.0 (Windows NT 10.0; WOW64) AppleWebKit/537.36 (KHTML, like Gecko) Chrome/53.0.2785.104 Safari/537.36 Core/1.53.4355.400 QQBrowser/9.7.12672.400',
  'connection' => 'close',
  'host' => 'www.gxlm.com',
)
[ info ] [ PARAM ] array (
)
[ info ] [ LANG ] E:\www\htdocs\thinkphp\lang\zh-cn.php
[ info ] [ LOG ] INIT File

---------------------------------------------------------------
[ 2017-12-27T14:34:44+08:00 ] 127.0.0.1 127.0.0.1 GET /favicon.ico
[ log ] www.gxlm.com/favicon.ico [运行时间：0.030067s][吞吐率：33.26req/s] [内存消耗：937.30kb] [文件加载：26]
[ info ] [ ROUTE ] array (
  'type' => 'module',
  'module' => 
  array (
    0 => 'favicon.ico',
    1 => NULL,
    2 => NULL,
  ),
)
[ info ] [ HEADER ] array (
  'cookie' => 'Huiskin=default; think_var=zh-cn',
  'accept-language' => 'zh-CN,zh;q=0.8',
  'accept-encoding' => 'gzip, deflate, sdch',
  'user-agent' => 'Mozilla/5.0 (Windows NT 10.0; WOW64) AppleWebKit/537.36 (KHTML, like Gecko) Chrome/53.0.2785.104 Safari/537.36 Core/1.53.4355.400 QQBrowser/9.7.12672.400',
  'connection' => 'close',
  'host' => 'www.gxlm.com',
)
[ info ] [ PARAM ] array (
)
[ info ] [ LANG ] E:\www\htdocs\thinkphp\lang\zh-cn.php
[ info ] [ LOG ] INIT File

---------------------------------------------------------------
[ 2017-12-27T14:36:25+08:00 ] 127.0.0.1 127.0.0.1 GET /favicon.ico
[ log ] www.gxlm.com/favicon.ico [运行时间：0.019676s][吞吐率：50.82req/s] [内存消耗：937.30kb] [文件加载：26]
[ info ] [ ROUTE ] array (
  'type' => 'module',
  'module' => 
  array (
    0 => 'favicon.ico',
    1 => NULL,
    2 => NULL,
  ),
)
[ info ] [ HEADER ] array (
  'cookie' => 'Huiskin=default; think_var=zh-cn',
  'accept-language' => 'zh-CN,zh;q=0.8',
  'accept-encoding' => 'gzip, deflate, sdch',
  'user-agent' => 'Mozilla/5.0 (Windows NT 10.0; WOW64) AppleWebKit/537.36 (KHTML, like Gecko) Chrome/53.0.2785.104 Safari/537.36 Core/1.53.4355.400 QQBrowser/9.7.12672.400',
  'connection' => 'close',
  'host' => 'www.gxlm.com',
)
[ info ] [ PARAM ] array (
)
[ info ] [ LANG ] E:\www\htdocs\thinkphp\lang\zh-cn.php
[ info ] [ LOG ] INIT File

---------------------------------------------------------------
[ 2017-12-27T16:58:17+08:00 ] 127.0.0.1 127.0.0.1 GET /favicon.ico
[ log ] www.gxlm.com/favicon.ico [运行时间：0.024385s][吞吐率：41.01req/s] [内存消耗：937.69kb] [文件加载：26]
[ info ] [ ROUTE ] array (
  'type' => 'module',
  'module' => 
  array (
    0 => 'favicon.ico',
    1 => NULL,
    2 => NULL,
  ),
)
[ info ] [ HEADER ] array (
  'cookie' => 'Huiskin=default',
  'accept-language' => 'zh-CN,zh;q=0.8',
  'accept-encoding' => 'gzip, deflate, sdch',
  'user-agent' => 'Mozilla/5.0 (Windows NT 10.0; WOW64) AppleWebKit/537.36 (KHTML, like Gecko) Chrome/53.0.2785.104 Safari/537.36 Core/1.53.4355.400 QQBrowser/9.7.12672.400',
  'connection' => 'close',
  'host' => 'www.gxlm.com',
)
[ info ] [ PARAM ] array (
)
[ info ] [ LANG ] E:\www\htdocs\thinkphp\lang\zh-cn.php
[ info ] [ LOG ] INIT File

---------------------------------------------------------------
[ 2017-12-27T16:58:28+08:00 ] 127.0.0.1 127.0.0.1 GET /favicon.ico
[ log ] www.gxlm.com/favicon.ico [运行时间：0.026143s][吞吐率：38.25req/s] [内存消耗：937.30kb] [文件加载：26]
[ info ] [ ROUTE ] array (
  'type' => 'module',
  'module' => 
  array (
    0 => 'favicon.ico',
    1 => NULL,
    2 => NULL,
  ),
)
[ info ] [ HEADER ] array (
  'cookie' => 'Huiskin=default; think_var=zh-cn',
  'accept-language' => 'zh-CN,zh;q=0.8',
  'accept-encoding' => 'gzip, deflate, sdch',
  'user-agent' => 'Mozilla/5.0 (Windows NT 10.0; WOW64) AppleWebKit/537.36 (KHTML, like Gecko) Chrome/53.0.2785.104 Safari/537.36 Core/1.53.4355.400 QQBrowser/9.7.12672.400',
  'connection' => 'close',
  'host' => 'www.gxlm.com',
)
[ info ] [ PARAM ] array (
)
[ info ] [ LANG ] E:\www\htdocs\thinkphp\lang\zh-cn.php
[ info ] [ LOG ] INIT File

---------------------------------------------------------------
[ 2017-12-27T17:17:43+08:00 ] 127.0.0.1 127.0.0.1 GET /favicon.ico
[ log ] www.gxlm.com/favicon.ico [运行时间：0.025926s][吞吐率：38.57req/s] [内存消耗：937.30kb] [文件加载：26]
[ info ] [ ROUTE ] array (
  'type' => 'module',
  'module' => 
  array (
    0 => 'favicon.ico',
    1 => NULL,
    2 => NULL,
  ),
)
[ info ] [ HEADER ] array (
  'cookie' => 'Huiskin=default; think_var=zh-cn',
  'accept-language' => 'zh-CN,zh;q=0.8',
  'accept-encoding' => 'gzip, deflate, sdch',
  'user-agent' => 'Mozilla/5.0 (Windows NT 10.0; WOW64) AppleWebKit/537.36 (KHTML, like Gecko) Chrome/53.0.2785.104 Safari/537.36 Core/1.53.4355.400 QQBrowser/9.7.12672.400',
  'connection' => 'close',
  'host' => 'www.gxlm.com',
)
[ info ] [ PARAM ] array (
)
[ info ] [ LANG ] E:\www\htdocs\thinkphp\lang\zh-cn.php
[ info ] [ LOG ] INIT File

---------------------------------------------------------------
[ 2017-12-27T17:17:54+08:00 ] 127.0.0.1 127.0.0.1 GET /favicon.ico
[ log ] www.gxlm.com/favicon.ico [运行时间：0.024177s][吞吐率：41.36req/s] [内存消耗：937.30kb] [文件加载：26]
[ info ] [ ROUTE ] array (
  'type' => 'module',
  'module' => 
  array (
    0 => 'favicon.ico',
    1 => NULL,
    2 => NULL,
  ),
)
[ info ] [ HEADER ] array (
  'cookie' => 'Huiskin=default; think_var=zh-cn',
  'accept-language' => 'zh-CN,zh;q=0.8',
  'accept-encoding' => 'gzip, deflate, sdch',
  'user-agent' => 'Mozilla/5.0 (Windows NT 10.0; WOW64) AppleWebKit/537.36 (KHTML, like Gecko) Chrome/53.0.2785.104 Safari/537.36 Core/1.53.4355.400 QQBrowser/9.7.12672.400',
  'connection' => 'close',
  'host' => 'www.gxlm.com',
)
[ info ] [ PARAM ] array (
)
[ info ] [ LANG ] E:\www\htdocs\thinkphp\lang\zh-cn.php
[ info ] [ LOG ] INIT File

---------------------------------------------------------------
[ 2017-12-27T17:19:14+08:00 ] 127.0.0.1 127.0.0.1 GET /favicon.ico
[ log ] www.gxlm.com/favicon.ico [运行时间：0.020146s][吞吐率：49.64req/s] [内存消耗：937.30kb] [文件加载：26]
[ info ] [ ROUTE ] array (
  'type' => 'module',
  'module' => 
  array (
    0 => 'favicon.ico',
    1 => NULL,
    2 => NULL,
  ),
)
[ info ] [ HEADER ] array (
  'cookie' => 'Huiskin=default; think_var=zh-cn',
  'accept-language' => 'zh-CN,zh;q=0.8',
  'accept-encoding' => 'gzip, deflate, sdch',
  'user-agent' => 'Mozilla/5.0 (Windows NT 10.0; WOW64) AppleWebKit/537.36 (KHTML, like Gecko) Chrome/53.0.2785.104 Safari/537.36 Core/1.53.4355.400 QQBrowser/9.7.12672.400',
  'connection' => 'close',
  'host' => 'www.gxlm.com',
)
[ info ] [ PARAM ] array (
)
[ info ] [ LANG ] E:\www\htdocs\thinkphp\lang\zh-cn.php
[ info ] [ LOG ] INIT File

---------------------------------------------------------------
[ 2017-12-27T17:24:06+08:00 ] 127.0.0.1 127.0.0.1 GET /favicon.ico
[ log ] www.gxlm.com/favicon.ico [运行时间：0.023655s][吞吐率：42.27req/s] [内存消耗：937.30kb] [文件加载：26]
[ info ] [ ROUTE ] array (
  'type' => 'module',
  'module' => 
  array (
    0 => 'favicon.ico',
    1 => NULL,
    2 => NULL,
  ),
)
[ info ] [ HEADER ] array (
  'cookie' => 'Huiskin=default; think_var=zh-cn',
  'accept-language' => 'zh-CN,zh;q=0.8',
  'accept-encoding' => 'gzip, deflate, sdch',
  'user-agent' => 'Mozilla/5.0 (Windows NT 10.0; WOW64) AppleWebKit/537.36 (KHTML, like Gecko) Chrome/53.0.2785.104 Safari/537.36 Core/1.53.4355.400 QQBrowser/9.7.12672.400',
  'connection' => 'close',
  'host' => 'www.gxlm.com',
)
[ info ] [ PARAM ] array (
)
[ info ] [ LANG ] E:\www\htdocs\thinkphp\lang\zh-cn.php
[ info ] [ LOG ] INIT File

---------------------------------------------------------------
[ 2017-12-27T17:49:58+08:00 ] 127.0.0.1 127.0.0.1 GET /favicon.ico
[ log ] www.gxlm.com/favicon.ico [运行时间：0.023709s][吞吐率：42.18req/s] [内存消耗：937.30kb] [文件加载：26]
[ info ] [ ROUTE ] array (
  'type' => 'module',
  'module' => 
  array (
    0 => 'favicon.ico',
    1 => NULL,
    2 => NULL,
  ),
)
[ info ] [ HEADER ] array (
  'cookie' => 'Huiskin=default; think_var=zh-cn',
  'accept-language' => 'zh-CN,zh;q=0.8',
  'accept-encoding' => 'gzip, deflate, sdch',
  'user-agent' => 'Mozilla/5.0 (Windows NT 10.0; WOW64) AppleWebKit/537.36 (KHTML, like Gecko) Chrome/53.0.2785.104 Safari/537.36 Core/1.53.4355.400 QQBrowser/9.7.12672.400',
  'connection' => 'close',
  'host' => 'www.gxlm.com',
)
[ info ] [ PARAM ] array (
)
[ info ] [ LANG ] E:\www\htdocs\thinkphp\lang\zh-cn.php
[ info ] [ LOG ] INIT File

---------------------------------------------------------------
[ 2017-12-27T17:50:08+08:00 ] 127.0.0.1 127.0.0.1 GET /favicon.ico
[ log ] www.gxlm.com/favicon.ico [运行时间：0.023439s][吞吐率：42.66req/s] [内存消耗：937.30kb] [文件加载：26]
[ info ] [ ROUTE ] array (
  'type' => 'module',
  'module' => 
  array (
    0 => 'favicon.ico',
    1 => NULL,
    2 => NULL,
  ),
)
[ info ] [ HEADER ] array (
  'cookie' => 'Huiskin=default; think_var=zh-cn',
  'accept-language' => 'zh-CN,zh;q=0.8',
  'accept-encoding' => 'gzip, deflate, sdch',
  'user-agent' => 'Mozilla/5.0 (Windows NT 10.0; WOW64) AppleWebKit/537.36 (KHTML, like Gecko) Chrome/53.0.2785.104 Safari/537.36 Core/1.53.4355.400 QQBrowser/9.7.12672.400',
  'connection' => 'close',
  'host' => 'www.gxlm.com',
)
[ info ] [ PARAM ] array (
)
[ info ] [ LANG ] E:\www\htdocs\thinkphp\lang\zh-cn.php
[ info ] [ LOG ] INIT File

---------------------------------------------------------------
